[main b955c06] Auto Update Lotep 13/04/2026
 1 file changed, 52 insertions(+), 2 deletions(-)
To https://github.com/pauloperes83/palpitesjogodobicho-site.git
   5f62d15..b955c06  main -> main
✅ SUCESSO LOTEP! Atualizado para segunda-feira (13/04/2026).
[main ff9ed84] Auto Update Lotep 13/04/2026
 1 file changed, 22 insertions(+), 20 deletions(-)
To https://github.com/pauloperes83/palpitesjogodobicho-site.git
   b8b407a..ff9ed84  main -> main
✅ SUCESSO LOTEP! Atualizado para segunda-feira (13/04/2026).
[main 2fa2cd9] Auto Update Lotep 14/04/2026
 1 file changed, 27 insertions(+), 25 deletions(-)
To https://github.com/pauloperes83/palpitesjogodobicho-site.git
   b966b37..2fa2cd9  main -> main
✅ SUCESSO LOTEP! Atualizado para terça-feira (14/04/2026).
[main 484a218] Auto Update Lotep 15/04/2026
 1 file changed, 29 insertions(+), 27 deletions(-)
To https://github.com/pauloperes83/palpitesjogodobicho-site.git
   6c2bde2..484a218  main -> main
✅ SUCESSO LOTEP! Atualizado para quarta-feira (15/04/2026).
[main 64172a5] Auto Update Lotep 16/04/2026
 1 file changed, 30 insertions(+), 28 deletions(-)
To https://github.com/pauloperes83/palpitesjogodobicho-site.git
   e601577..64172a5  main -> main
✅ SUCESSO LOTEP! Atualizado para quinta-feira (16/04/2026).
From https://github.com/pauloperes83/palpitesjogodobicho-site
 * branch            main       -> FETCH_HEAD
Already up to date.
[main 30d6ac8] Auto Update Lotep 17/04/2026 Safe Mode
 3 files changed, 38 insertions(+), 26 deletions(-)
To https://github.com/pauloperes83/palpitesjogodobicho-site.git
   7c3ec63..30d6ac8  main -> main
🛡️ Iniciando Blindagem para Lotep...
✅ Lotep finalizado com sucesso e páginas preservadas!
✅ SUCESSO LOTEP! Cookies e Blindagem ativos.
From https://github.com/pauloperes83/palpitesjogodobicho-site
 * branch            main       -> FETCH_HEAD
Already up to date.
[main dc852bf] Auto Update Lotep 18/04/2026 Safe Mode
 3 files changed, 37 insertions(+), 25 deletions(-)
To https://github.com/pauloperes83/palpitesjogodobicho-site.git
   e71c93d..dc852bf  main -> main
🛡️ Iniciando Blindagem para Lotep...
✅ Lotep finalizado com sucesso e páginas preservadas!
✅ SUCESSO LOTEP! Cookies e Blindagem ativos.
From https://github.com/pauloperes83/palpitesjogodobicho-site
 * branch            main       -> FETCH_HEAD
Already up to date.
[main 68a0553] Auto Update Lotep 19/04/2026 Safe Mode
 3 files changed, 39 insertions(+), 27 deletions(-)
To https://github.com/pauloperes83/palpitesjogodobicho-site.git
   04e3baa..68a0553  main -> main
🛡️ Iniciando Blindagem para Lotep...
✅ Lotep finalizado com sucesso e páginas preservadas!
✅ SUCESSO LOTEP! Cookies e Blindagem ativos.
From https://github.com/pauloperes83/palpitesjogodobicho-site
 * branch            main       -> FETCH_HEAD
Already up to date.
[main ad5731c] Auto Update Lotep 20/04/2026 Safe Mode
 3 files changed, 38 insertions(+), 26 deletions(-)
To https://github.com/pauloperes83/palpitesjogodobicho-site.git
   ff846ff..ad5731c  main -> main
🛡️ Iniciando Blindagem para Lotep...
✅ Lotep finalizado com sucesso e páginas preservadas!
✅ SUCESSO LOTEP! Cookies e Blindagem ativos.
From https://github.com/pauloperes83/palpitesjogodobicho-site
 * branch            main       -> FETCH_HEAD
Already up to date.
[main c272879] Auto Update Lotep 21/04/2026 Safe Mode
 3 files changed, 37 insertions(+), 25 deletions(-)
To https://github.com/pauloperes83/palpitesjogodobicho-site.git
   07a5e85..c272879  main -> main
🛡️ Iniciando Blindagem para Lotep...
✅ Lotep finalizado com sucesso e páginas preservadas!
✅ SUCESSO LOTEP! Cookies e Blindagem ativos.
From https://github.com/pauloperes83/palpitesjogodobicho-site
 * branch            main       -> FETCH_HEAD
Already up to date.
[main 65c51a2] Auto Update Lotep 22/04/2026 Safe Mode
 3 files changed, 40 insertions(+), 28 deletions(-)
To https://github.com/pauloperes83/palpitesjogodobicho-site.git
   95ef350..65c51a2  main -> main
🛡️ Iniciando Blindagem para Lotep...
✅ Lotep finalizado com sucesso e páginas preservadas!
✅ SUCESSO LOTEP! Cookies e Blindagem ativos.
From https://github.com/pauloperes83/palpitesjogodobicho-site
 * branch            main       -> FETCH_HEAD
Already up to date.
[main 2cf0ae6] Auto Update Lotep 23/04/2026 Safe Mode
 3 files changed, 37 insertions(+), 25 deletions(-)
To https://github.com/pauloperes83/palpitesjogodobicho-site.git
   c063b30..2cf0ae6  main -> main
🛡️ Iniciando Blindagem para Lotep...
✅ Lotep finalizado com sucesso e páginas preservadas!
✅ SUCESSO LOTEP! Cookies e Blindagem ativos.
From https://github.com/pauloperes83/palpitesjogodobicho-site
 * branch            main       -> FETCH_HEAD
Already up to date.
[main 397ee0c] Auto Update Lotep 24/04/2026 Safe Mode
 3 files changed, 39 insertions(+), 27 deletions(-)
To https://github.com/pauloperes83/palpitesjogodobicho-site.git
   1851167..397ee0c  main -> main
🛡️ Iniciando Blindagem para Lotep...
✅ Lotep finalizado com sucesso e páginas preservadas!
✅ SUCESSO LOTEP! Cookies e Blindagem ativos.
From https://github.com/pauloperes83/palpitesjogodobicho-site
 * branch            main       -> FETCH_HEAD
Already up to date.
[main 4e9abe0] Auto Update Lotep 25/04/2026 Safe Mode
 3 files changed, 40 insertions(+), 28 deletions(-)
To https://github.com/pauloperes83/palpitesjogodobicho-site.git
   0eba77c..4e9abe0  main -> main
🛡️ Iniciando Blindagem para Lotep...
✅ Lotep finalizado com sucesso e páginas preservadas!
✅ SUCESSO LOTEP! Cookies e Blindagem ativos.
From https://github.com/pauloperes83/palpitesjogodobicho-site
 * branch            main       -> FETCH_HEAD
Already up to date.
[main 84da07b] Auto Update Lotep 26/04/2026 Safe Mode
 3 files changed, 38 insertions(+), 26 deletions(-)
To https://github.com/pauloperes83/palpitesjogodobicho-site.git
   90550af..84da07b  main -> main
🛡️ Iniciando Blindagem para Lotep...
✅ Lotep finalizado com sucesso e páginas preservadas!
✅ SUCESSO LOTEP! Cookies e Blindagem ativos.
From https://github.com/pauloperes83/palpitesjogodobicho-site
 * branch            main       -> FETCH_HEAD
   3902543..70c7812  main       -> origin/main
Updating 3902543..70c7812
Fast-forward
 aguiaprime.html | 9 +++++++++
 1 file changed, 9 insertions(+)
[main fc8cc6e] Auto Update Lotep 27/04/2026 Safe Mode
 3 files changed, 43 insertions(+), 27 deletions(-)
To https://github.com/pauloperes83/palpitesjogodobicho-site.git
   70c7812..fc8cc6e  main -> main
🛡️ Iniciando Blindagem para Lotep...
✅ Lotep finalizado com sucesso e páginas preservadas!
✅ SUCESSO LOTEP! Cookies e Blindagem ativos.
From https://github.com/pauloperes83/palpitesjogodobicho-site
 * branch            main       -> FETCH_HEAD
Already up to date.
[main 4aa84c2] Auto Update Lotep 28/04/2026 Safe Mode
 3 files changed, 37 insertions(+), 25 deletions(-)
To https://github.com/pauloperes83/palpitesjogodobicho-site.git
   1be33d2..4aa84c2  main -> main
🛡️ Iniciando Blindagem para Lotep...
✅ Lotep finalizado com sucesso e páginas preservadas!
✅ SUCESSO LOTEP! Cookies e Blindagem ativos.
From https://github.com/pauloperes83/palpitesjogodobicho-site
 * branch            main       -> FETCH_HEAD
Already up to date.
[main 192dcfc] Auto Update Lotep 29/04/2026 Safe Mode
 3 files changed, 39 insertions(+), 27 deletions(-)
To https://github.com/pauloperes83/palpitesjogodobicho-site.git
   eeac756..192dcfc  main -> main
🛡️ Iniciando Blindagem para Lotep...
✅ Lotep finalizado com sucesso e páginas preservadas!
✅ SUCESSO LOTEP! Cookies e Blindagem ativos.
From https://github.com/pauloperes83/palpitesjogodobicho-site
 * branch            main       -> FETCH_HEAD
Already up to date.
[main 40af163] Auto Update Lotep 30/04/2026 Safe Mode
 3 files changed, 40 insertions(+), 28 deletions(-)
To https://github.com/pauloperes83/palpitesjogodobicho-site.git
   0b5a2ae..40af163  main -> main
🛡️ Iniciando Blindagem para Lotep...
✅ Lotep finalizado com sucesso e páginas preservadas!
✅ SUCESSO LOTEP! Cookies e Blindagem ativos.
From https://github.com/pauloperes83/palpitesjogodobicho-site
 * branch            main       -> FETCH_HEAD
Already up to date.
[main 5b3070e] Auto Update Lotep 01/05/2026 Safe Mode
 3 files changed, 34 insertions(+), 22 deletions(-)
To https://github.com/pauloperes83/palpitesjogodobicho-site.git
   b33f387..5b3070e  main -> main
🛡️ Iniciando Blindagem para Lotep...
✅ Lotep finalizado com sucesso e páginas preservadas!
✅ SUCESSO LOTEP! Cookies e Blindagem ativos.
From https://github.com/pauloperes83/palpitesjogodobicho-site
 * branch            main       -> FETCH_HEAD
   2a45a17..fe4d633  main       -> origin/main
Updating 2a45a17..fe4d633
Fast-forward
 aguia_prime.html | 4 ++--
 1 file changed, 2 insertions(+), 2 deletions(-)
[main 6941673] Auto Update Lotep 02/05/2026 Safe Mode
 3 files changed, 44 insertions(+), 28 deletions(-)
To https://github.com/pauloperes83/palpitesjogodobicho-site.git
   fe4d633..6941673  main -> main
🛡️ Iniciando Blindagem para Lotep...
✅ Lotep finalizado com sucesso e páginas preservadas!
✅ SUCESSO LOTEP! Cookies e Blindagem ativos.
From https://github.com/pauloperes83/palpitesjogodobicho-site
 * branch            main       -> FETCH_HEAD
Already up to date.
[main 209f268] Auto Update Lotep 03/05/2026 Safe Mode
 3 files changed, 38 insertions(+), 26 deletions(-)
To https://github.com/pauloperes83/palpitesjogodobicho-site.git
   239b6e0..209f268  main -> main
🛡️ Iniciando Blindagem para Lotep...
✅ Lotep finalizado com sucesso e páginas preservadas!
✅ SUCESSO LOTEP! Cookies e Blindagem ativos.
From https://github.com/pauloperes83/palpitesjogodobicho-site
 * branch            main       -> FETCH_HEAD
Already up to date.
[main ab5595e] Auto Update Lotep 04/05/2026 Safe Mode
 3 files changed, 39 insertions(+), 27 deletions(-)
To https://github.com/pauloperes83/palpitesjogodobicho-site.git
   dc0987a..ab5595e  main -> main
🛡️ Iniciando Blindagem para Lotep...
✅ Lotep finalizado com sucesso e páginas preservadas!
✅ SUCESSO LOTEP! Cookies e Blindagem ativos.
From https://github.com/pauloperes83/palpitesjogodobicho-site
 * branch            main       -> FETCH_HEAD
Already up to date.
[main c0fa4e1] Auto Update Lotep 05/05/2026 Safe Mode
 3 files changed, 39 insertions(+), 27 deletions(-)
To https://github.com/pauloperes83/palpitesjogodobicho-site.git
   852b697..c0fa4e1  main -> main
🛡️ Iniciando Blindagem para Lotep...
✅ Lotep finalizado com sucesso e páginas preservadas!
✅ SUCESSO LOTEP! Cookies e Blindagem ativos.
From https://github.com/pauloperes83/palpitesjogodobicho-site
 * branch            main       -> FETCH_HEAD
Already up to date.
[main c265084] Auto Update Lotep 06/05/2026 Safe Mode
 3 files changed, 39 insertions(+), 27 deletions(-)
To https://github.com/pauloperes83/palpitesjogodobicho-site.git
   0972c07..c265084  main -> main
🛡️ Iniciando Blindagem para Lotep...
✅ Lotep finalizado com sucesso e páginas preservadas!
✅ SUCESSO LOTEP! Cookies e Blindagem ativos.
From https://github.com/pauloperes83/palpitesjogodobicho-site
 * branch            main       -> FETCH_HEAD
Already up to date.
[main 4d2dd81] Auto Update Lotep 07/05/2026 Safe Mode
 3 files changed, 37 insertions(+), 25 deletions(-)
To https://github.com/pauloperes83/palpitesjogodobicho-site.git
   449c2ff..4d2dd81  main -> main
🛡️ Iniciando Blindagem para Lotep...
✅ Lotep finalizado com sucesso e páginas preservadas!
✅ SUCESSO LOTEP! Cookies e Blindagem ativos.
From https://github.com/pauloperes83/palpitesjogodobicho-site
 * branch            main       -> FETCH_HEAD
Already up to date.
[main db89c16] Auto Update Lotep 08/05/2026 Safe Mode
 3 files changed, 40 insertions(+), 28 deletions(-)
To https://github.com/pauloperes83/palpitesjogodobicho-site.git
   75b9ec4..db89c16  main -> main
🛡️ Iniciando Blindagem para Lotep...
✅ Lotep finalizado com sucesso e páginas preservadas!
✅ SUCESSO LOTEP! Cookies e Blindagem ativos.
From https://github.com/pauloperes83/palpitesjogodobicho-site
 * branch            main       -> FETCH_HEAD
Already up to date.
[main f4ceae5] Auto Update Lotep 09/05/2026 Safe Mode
 3 files changed, 40 insertions(+), 28 deletions(-)
To https://github.com/pauloperes83/palpitesjogodobicho-site.git
   33cee08..f4ceae5  main -> main
🛡️ Iniciando Blindagem para Lotep...
✅ Lotep finalizado com sucesso e páginas preservadas!
✅ SUCESSO LOTEP! Cookies e Blindagem ativos.
From https://github.com/pauloperes83/palpitesjogodobicho-site
 * branch            main       -> FETCH_HEAD
Already up to date.
[main 469af91] Auto Update Lotep 10/05/2026 Safe Mode
 3 files changed, 37 insertions(+), 25 deletions(-)
To https://github.com/pauloperes83/palpitesjogodobicho-site.git
   9dc70aa..469af91  main -> main
🛡️ Iniciando Blindagem para Lotep...
✅ Lotep finalizado com sucesso e páginas preservadas!
✅ SUCESSO LOTEP! Cookies e Blindagem ativos.
From https://github.com/pauloperes83/palpitesjogodobicho-site
 * branch            main       -> FETCH_HEAD
Already up to date.
[main 3678362] Auto Update Lotep 11/05/2026 Safe Mode
 3 files changed, 38 insertions(+), 26 deletions(-)
To https://github.com/pauloperes83/palpitesjogodobicho-site.git
   3828cea..3678362  main -> main
🛡️ Iniciando Blindagem para Lotep...
✅ Lotep finalizado com sucesso e páginas preservadas!
✅ SUCESSO LOTEP! Cookies e Blindagem ativos.
From https://github.com/pauloperes83/palpitesjogodobicho-site
 * branch            main       -> FETCH_HEAD
Already up to date.
[main a52d987] Auto Update Lotep 12/05/2026 Safe Mode
 3 files changed, 38 insertions(+), 26 deletions(-)
To https://github.com/pauloperes83/palpitesjogodobicho-site.git
   3d63340..a52d987  main -> main
🛡️ Iniciando Blindagem para Lotep...
✅ Lotep finalizado com sucesso e páginas preservadas!
✅ SUCESSO LOTEP! Cookies e Blindagem ativos.
From https://github.com/pauloperes83/palpitesjogodobicho-site
 * branch            main       -> FETCH_HEAD
Already up to date.
[main 1e3e8f6] Auto Update Lotep 13/05/2026 Safe Mode
 3 files changed, 37 insertions(+), 25 deletions(-)
To https://github.com/pauloperes83/palpitesjogodobicho-site.git
   17beac1..1e3e8f6  main -> main
🛡️ Iniciando Blindagem para Lotep...
✅ Lotep finalizado com sucesso e páginas preservadas!
✅ SUCESSO LOTEP! Cookies e Blindagem ativos.
From https://github.com/pauloperes83/palpitesjogodobicho-site
 * branch            main       -> FETCH_HEAD
Already up to date.
[main a526f6c] Auto Update Lotep 14/05/2026 Safe Mode
 3 files changed, 37 insertions(+), 25 deletions(-)
To https://github.com/pauloperes83/palpitesjogodobicho-site.git
   2326567..a526f6c  main -> main
🛡️ Iniciando Blindagem para Lotep...
✅ Lotep finalizado com sucesso e páginas preservadas!
✅ SUCESSO LOTEP! Cookies e Blindagem ativos.
From https://github.com/pauloperes83/palpitesjogodobicho-site
 * branch            main       -> FETCH_HEAD
Already up to date.
[main 5d9e4d3] Auto Update Lotep 15/05/2026 Safe Mode
 3 files changed, 39 insertions(+), 27 deletions(-)
To https://github.com/pauloperes83/palpitesjogodobicho-site.git
   509ef41..5d9e4d3  main -> main
🛡️ Iniciando Blindagem para Lotep...
✅ Lotep finalizado com sucesso e páginas preservadas!
✅ SUCESSO LOTEP! Cookies e Blindagem ativos.
From https://github.com/pauloperes83/palpitesjogodobicho-site
 * branch            main       -> FETCH_HEAD
Already up to date.
[main 38dc691] Auto Update Lotep 16/05/2026 Safe Mode
 3 files changed, 39 insertions(+), 27 deletions(-)
To https://github.com/pauloperes83/palpitesjogodobicho-site.git
   6b16de9..38dc691  main -> main
🛡️ Iniciando Blindagem para Lotep...
✅ Lotep finalizado com sucesso e páginas preservadas!
✅ SUCESSO LOTEP! Cookies e Blindagem ativos.
From https://github.com/pauloperes83/palpitesjogodobicho-site
 * branch            main       -> FETCH_HEAD
Already up to date.
[main 1075d0c] Auto Update Lotep 17/05/2026 Safe Mode
 3 files changed, 39 insertions(+), 27 deletions(-)
To https://github.com/pauloperes83/palpitesjogodobicho-site.git
   dcbbc88..1075d0c  main -> main
🛡️ Iniciando Blindagem para Lotep...
✅ Lotep finalizado com sucesso e páginas preservadas!
✅ SUCESSO LOTEP! Cookies e Blindagem ativos.
From https://github.com/pauloperes83/palpitesjogodobicho-site
 * branch            main       -> FETCH_HEAD
Already up to date.
[main d41d2b4] Auto Update Lotep 18/05/2026 Safe Mode
 3 files changed, 40 insertions(+), 28 deletions(-)
To https://github.com/pauloperes83/palpitesjogodobicho-site.git
   0c3544c..d41d2b4  main -> main
🛡️ Iniciando Blindagem para Lotep...
✅ Lotep finalizado com sucesso e páginas preservadas!
✅ SUCESSO LOTEP! Cookies e Blindagem ativos.
From https://github.com/pauloperes83/palpitesjogodobicho-site
 * branch            main       -> FETCH_HEAD
Already up to date.
[main 117f75d] Auto Update Lotep 19/05/2026 Safe Mode
 3 files changed, 40 insertions(+), 28 deletions(-)
To https://github.com/pauloperes83/palpitesjogodobicho-site.git
   cb4e1c8..117f75d  main -> main
🛡️ Iniciando Blindagem para Lotep...
✅ Lotep finalizado com sucesso e páginas preservadas!
✅ SUCESSO LOTEP! Cookies e Blindagem ativos.
From https://github.com/pauloperes83/palpitesjogodobicho-site
 * branch            main       -> FETCH_HEAD
Already up to date.
[main 2f53781] Auto Update Lotep 20/05/2026 Safe Mode
 3 files changed, 40 insertions(+), 28 deletions(-)
To https://github.com/pauloperes83/palpitesjogodobicho-site.git
   772e9f2..2f53781  main -> main
🛡️ Iniciando Blindagem para Lotep...
✅ Lotep finalizado com sucesso e páginas preservadas!
✅ SUCESSO LOTEP! Cookies e Blindagem ativos.
From https://github.com/pauloperes83/palpitesjogodobicho-site
 * branch            main       -> FETCH_HEAD
Already up to date.
[main 15a4da6] Auto Update Lotep 21/05/2026 Safe Mode
 3 files changed, 40 insertions(+), 28 deletions(-)
To https://github.com/pauloperes83/palpitesjogodobicho-site.git
   c5d2bd8..15a4da6  main -> main
🛡️ Iniciando Blindagem para Lotep...
✅ Lotep finalizado com sucesso e páginas preservadas!
✅ SUCESSO LOTEP! Cookies e Blindagem ativos.
From https://github.com/pauloperes83/palpitesjogodobicho-site
 * branch            main       -> FETCH_HEAD
Already up to date.
[main e44ed7e] Auto Update Lotep 22/05/2026 Safe Mode
 3 files changed, 40 insertions(+), 28 deletions(-)
To https://github.com/pauloperes83/palpitesjogodobicho-site.git
   15a1041..e44ed7e  main -> main
🛡️ Iniciando Blindagem para Lotep...
✅ Lotep finalizado com sucesso e páginas preservadas!
✅ SUCESSO LOTEP! Cookies e Blindagem ativos.
From https://github.com/pauloperes83/palpitesjogodobicho-site
 * branch            main       -> FETCH_HEAD
Already up to date.
[main 50c8763] Auto Update Lotep 23/05/2026 Safe Mode
 3 files changed, 39 insertions(+), 27 deletions(-)
To https://github.com/pauloperes83/palpitesjogodobicho-site.git
   104f3ca..50c8763  main -> main
🛡️ Iniciando Blindagem para Lotep...
✅ Lotep finalizado com sucesso e páginas preservadas!
✅ SUCESSO LOTEP! Cookies e Blindagem ativos.
From https://github.com/pauloperes83/palpitesjogodobicho-site
 * branch            main       -> FETCH_HEAD
Already up to date.
[main 85b1d19] Auto Update Lotep 24/05/2026 Safe Mode
 3 files changed, 40 insertions(+), 28 deletions(-)
To https://github.com/pauloperes83/palpitesjogodobicho-site.git
   b5b2a31..85b1d19  main -> main
🛡️ Iniciando Blindagem para Lotep...
✅ Lotep finalizado com sucesso e páginas preservadas!
✅ SUCESSO LOTEP! Cookies e Blindagem ativos.
From https://github.com/pauloperes83/palpitesjogodobicho-site
 * branch            main       -> FETCH_HEAD
Already up to date.
[main cc227f0] Auto Update Lotep 25/05/2026 Safe Mode
 3 files changed, 36 insertions(+), 24 deletions(-)
To https://github.com/pauloperes83/palpitesjogodobicho-site.git
   49be019..cc227f0  main -> main
🛡️ Iniciando Blindagem para Lotep...
✅ Lotep finalizado com sucesso e páginas preservadas!
✅ SUCESSO LOTEP! Cookies e Blindagem ativos.
From https://github.com/pauloperes83/palpitesjogodobicho-site
 * branch            main       -> FETCH_HEAD
Already up to date.
[main cde416e] Auto Update Lotep 26/05/2026 Safe Mode
 3 files changed, 40 insertions(+), 28 deletions(-)
To https://github.com/pauloperes83/palpitesjogodobicho-site.git
   ba7b7e3..cde416e  main -> main
🛡️ Iniciando Blindagem para Lotep...
✅ Lotep finalizado com sucesso e páginas preservadas!
✅ SUCESSO LOTEP! Cookies e Blindagem ativos.
From https://github.com/pauloperes83/palpitesjogodobicho-site
 * branch            main       -> FETCH_HEAD
Already up to date.
[main 43b785a] Auto Update Lotep 27/05/2026 Safe Mode
 3 files changed, 37 insertions(+), 25 deletions(-)
To https://github.com/pauloperes83/palpitesjogodobicho-site.git
   b165add..43b785a  main -> main
🛡️ Iniciando Blindagem para Lotep...
✅ Lotep finalizado com sucesso e páginas preservadas!
✅ SUCESSO LOTEP! Cookies e Blindagem ativos.
From https://github.com/pauloperes83/palpitesjogodobicho-site
 * branch            main       -> FETCH_HEAD
Already up to date.
[main ea98a74] Auto Update Lotep 28/05/2026 Safe Mode
 3 files changed, 36 insertions(+), 24 deletions(-)
To https://github.com/pauloperes83/palpitesjogodobicho-site.git
   0640268..ea98a74  main -> main
🛡️ Iniciando Blindagem para Lotep...
✅ Lotep finalizado com sucesso e páginas preservadas!
✅ SUCESSO LOTEP! Cookies e Blindagem ativos.
From https://github.com/pauloperes83/palpitesjogodobicho-site
 * branch            main       -> FETCH_HEAD
Already up to date.
[main e73c594] Auto Update Lotep 29/05/2026 Safe Mode
 3 files changed, 40 insertions(+), 28 deletions(-)
To https://github.com/pauloperes83/palpitesjogodobicho-site.git
   58daf3a..e73c594  main -> main
🛡️ Iniciando Blindagem para Lotep...
✅ Lotep finalizado com sucesso e páginas preservadas!
✅ SUCESSO LOTEP! Cookies e Blindagem ativos.
From https://github.com/pauloperes83/palpitesjogodobicho-site
 * branch            main       -> FETCH_HEAD
Already up to date.
[main b8e0f40] Auto Update Lotep 30/05/2026 Safe Mode
 3 files changed, 37 insertions(+), 25 deletions(-)
To https://github.com/pauloperes83/palpitesjogodobicho-site.git
   7340652..b8e0f40  main -> main
🛡️ Iniciando Blindagem para Lotep...
✅ Lotep finalizado com sucesso e páginas preservadas!
✅ SUCESSO LOTEP! Cookies e Blindagem ativos.
From https://github.com/pauloperes83/palpitesjogodobicho-site
 * branch            main       -> FETCH_HEAD
Already up to date.
[main 3b54bb4] Auto Update Lotep 31/05/2026 Safe Mode
 3 files changed, 36 insertions(+), 24 deletions(-)
To https://github.com/pauloperes83/palpitesjogodobicho-site.git
   b96f594..3b54bb4  main -> main
🛡️ Iniciando Blindagem para Lotep...
✅ Lotep finalizado com sucesso e páginas preservadas!
✅ SUCESSO LOTEP! Cookies e Blindagem ativos.
From https://github.com/pauloperes83/palpitesjogodobicho-site
 * branch            main       -> FETCH_HEAD
Already up to date.
[main 74c8b33] Auto Update Lotep 01/06/2026 Safe Mode
 3 files changed, 38 insertions(+), 26 deletions(-)
To https://github.com/pauloperes83/palpitesjogodobicho-site.git
   4427233..74c8b33  main -> main
🛡️ Iniciando Blindagem para Lotep...
✅ Lotep finalizado com sucesso e páginas preservadas!
✅ SUCESSO LOTEP! Cookies e Blindagem ativos.
From https://github.com/pauloperes83/palpitesjogodobicho-site
 * branch            main       -> FETCH_HEAD
Already up to date.
[main bbb6df1] Auto Update Lotep 02/06/2026 Safe Mode
 3 files changed, 39 insertions(+), 27 deletions(-)
To https://github.com/pauloperes83/palpitesjogodobicho-site.git
   b481013..bbb6df1  main -> main
🛡️ Iniciando Blindagem para Lotep...
✅ Lotep finalizado com sucesso e páginas preservadas!
✅ SUCESSO LOTEP! Cookies e Blindagem ativos.
From https://github.com/pauloperes83/palpitesjogodobicho-site
 * branch            main       -> FETCH_HEAD
Already up to date.
[main 805b82a] Auto Update Lotep 03/06/2026 Safe Mode
 3 files changed, 37 insertions(+), 25 deletions(-)
To https://github.com/pauloperes83/palpitesjogodobicho-site.git
   435133c..805b82a  main -> main
🛡️ Iniciando Blindagem para Lotep...
✅ Lotep finalizado com sucesso e páginas preservadas!
✅ SUCESSO LOTEP! Cookies e Blindagem ativos.
From https://github.com/pauloperes83/palpitesjogodobicho-site
 * branch            main       -> FETCH_HEAD
Already up to date.
[main 60fe39e] Auto Update Lotep 04/06/2026 Safe Mode
 3 files changed, 40 insertions(+), 28 deletions(-)
To https://github.com/pauloperes83/palpitesjogodobicho-site.git
   a821247..60fe39e  main -> main
🛡️ Iniciando Blindagem para Lotep...
✅ Lotep finalizado com sucesso e páginas preservadas!
✅ SUCESSO LOTEP! Cookies e Blindagem ativos.
From https://github.com/pauloperes83/palpitesjogodobicho-site
 * branch            main       -> FETCH_HEAD
Already up to date.
[main d52ab09] Auto Update Lotep 05/06/2026 Safe Mode
 3 files changed, 39 insertions(+), 27 deletions(-)
To https://github.com/pauloperes83/palpitesjogodobicho-site.git
   a9ed4d2..d52ab09  main -> main
🛡️ Iniciando Blindagem para Lotep...
✅ Lotep finalizado com sucesso e páginas preservadas!
✅ SUCESSO LOTEP! Cookies e Blindagem ativos.
From https://github.com/pauloperes83/palpitesjogodobicho-site
 * branch            main       -> FETCH_HEAD
Already up to date.
[main 0a3edf7] Auto Update Lotep 06/06/2026 Safe Mode
 3 files changed, 40 insertions(+), 28 deletions(-)
To https://github.com/pauloperes83/palpitesjogodobicho-site.git
   da59a83..0a3edf7  main -> main
🛡️ Iniciando Blindagem para Lotep...
✅ Lotep finalizado com sucesso e páginas preservadas!
✅ SUCESSO LOTEP! Cookies e Blindagem ativos.
From https://github.com/pauloperes83/palpitesjogodobicho-site
 * branch            main       -> FETCH_HEAD
Already up to date.
[main b1debff] Auto Update Lotep 07/06/2026 Safe Mode
 3 files changed, 39 insertions(+), 27 deletions(-)
To https://github.com/pauloperes83/palpitesjogodobicho-site.git
   3efbf51..b1debff  main -> main
🛡️ Iniciando Blindagem para Lotep...
✅ Lotep finalizado com sucesso e páginas preservadas!
✅ SUCESSO LOTEP! Cookies e Blindagem ativos.
From https://github.com/pauloperes83/palpitesjogodobicho-site
 * branch            main       -> FETCH_HEAD
Already up to date.
[main f618a6b] Auto Update Lotep 08/06/2026 Safe Mode
 3 files changed, 37 insertions(+), 25 deletions(-)
To https://github.com/pauloperes83/palpitesjogodobicho-site.git
   d28e224..f618a6b  main -> main
🛡️ Iniciando Blindagem para Lotep...
✅ Lotep finalizado com sucesso e páginas preservadas!
✅ SUCESSO LOTEP! Cookies e Blindagem ativos.
From https://github.com/pauloperes83/palpitesjogodobicho-site
 * branch            main       -> FETCH_HEAD
Already up to date.
[main fecbd05] Auto Update Lotep 09/06/2026 Safe Mode
 3 files changed, 40 insertions(+), 28 deletions(-)
To https://github.com/pauloperes83/palpitesjogodobicho-site.git
   2cdc2e7..fecbd05  main -> main
🛡️ Iniciando Blindagem para Lotep...
✅ Lotep finalizado com sucesso e páginas preservadas!
✅ SUCESSO LOTEP! Cookies e Blindagem ativos.
From https://github.com/pauloperes83/palpitesjogodobicho-site
 * branch            main       -> FETCH_HEAD
Already up to date.
[main 3bc98e0] Auto Update Lotep 10/06/2026 Safe Mode
 3 files changed, 39 insertions(+), 27 deletions(-)
To https://github.com/pauloperes83/palpitesjogodobicho-site.git
   8b4a977..3bc98e0  main -> main
🛡️ Iniciando Blindagem para Lotep...
✅ Lotep finalizado com sucesso e páginas preservadas!
✅ SUCESSO LOTEP! Cookies e Blindagem ativos.
From https://github.com/pauloperes83/palpitesjogodobicho-site
 * branch            main       -> FETCH_HEAD
Already up to date.
[main 1fd3f4b] Auto Update Lotep 11/06/2026 Safe Mode
 3 files changed, 37 insertions(+), 25 deletions(-)
To https://github.com/pauloperes83/palpitesjogodobicho-site.git
   3c8f508..1fd3f4b  main -> main
🛡️ Iniciando Blindagem para Lotep...
✅ Lotep finalizado com sucesso e páginas preservadas!
✅ SUCESSO LOTEP! Cookies e Blindagem ativos.
From https://github.com/pauloperes83/palpitesjogodobicho-site
 * branch            main       -> FETCH_HEAD
Already up to date.
[main cbf472f] Auto Update Lotep 12/06/2026 Safe Mode
 3 files changed, 39 insertions(+), 27 deletions(-)
To https://github.com/pauloperes83/palpitesjogodobicho-site.git
   45fbcdd..cbf472f  main -> main
🛡️ Iniciando Blindagem para Lotep...
✅ Lotep finalizado com sucesso e páginas preservadas!
✅ SUCESSO LOTEP! Cookies e Blindagem ativos.
From https://github.com/pauloperes83/palpitesjogodobicho-site
 * branch            main       -> FETCH_HEAD
Already up to date.
[main ac3226f] Auto Update Lotep 13/06/2026 Safe Mode
 3 files changed, 39 insertions(+), 27 deletions(-)
To https://github.com/pauloperes83/palpitesjogodobicho-site.git
   8951bff..ac3226f  main -> main
🛡️ Iniciando Blindagem para Lotep...
✅ Lotep finalizado com sucesso e páginas preservadas!
✅ SUCESSO LOTEP! Cookies e Blindagem ativos.
From https://github.com/pauloperes83/palpitesjogodobicho-site
 * branch            main       -> FETCH_HEAD
Already up to date.
[main 04c10dc] Auto Update Lotep 14/06/2026 Safe Mode
 3 files changed, 37 insertions(+), 25 deletions(-)
To https://github.com/pauloperes83/palpitesjogodobicho-site.git
   b122e8a..04c10dc  main -> main
🛡️ Iniciando Blindagem para Lotep...
✅ Lotep finalizado com sucesso e páginas preservadas!
✅ SUCESSO LOTEP! Cookies e Blindagem ativos.
From https://github.com/pauloperes83/palpitesjogodobicho-site
 * branch            main       -> FETCH_HEAD
Already up to date.
[main 7a95bcb] Auto Update Lotep 15/06/2026 Safe Mode
 3 files changed, 40 insertions(+), 28 deletions(-)
To https://github.com/pauloperes83/palpitesjogodobicho-site.git
   f5e6287..7a95bcb  main -> main
🛡️ Iniciando Blindagem para Lotep...
✅ Lotep finalizado com sucesso e páginas preservadas!
✅ SUCESSO LOTEP! Cookies e Blindagem ativos.
From https://github.com/pauloperes83/palpitesjogodobicho-site
 * branch            main       -> FETCH_HEAD
Already up to date.
[main 649d0f9] Auto Update Lotep 16/06/2026 Safe Mode
 3 files changed, 40 insertions(+), 28 deletions(-)
To https://github.com/pauloperes83/palpitesjogodobicho-site.git
   436d754..649d0f9  main -> main
🛡️ Iniciando Blindagem para Lotep...
✅ Lotep finalizado com sucesso e páginas preservadas!
✅ SUCESSO LOTEP! Cookies e Blindagem ativos.
From https://github.com/pauloperes83/palpitesjogodobicho-site
 * branch            main       -> FETCH_HEAD
Already up to date.
[main 17b9178] Auto Update Lotep 17/06/2026 Safe Mode
 3 files changed, 39 insertions(+), 27 deletions(-)
To https://github.com/pauloperes83/palpitesjogodobicho-site.git
   2faaf87..17b9178  main -> main
🛡️ Iniciando Blindagem para Lotep...
✅ Lotep finalizado com sucesso e páginas preservadas!
✅ SUCESSO LOTEP! Cookies e Blindagem ativos.
From https://github.com/pauloperes83/palpitesjogodobicho-site
 * branch            main       -> FETCH_HEAD
Already up to date.
[main 7bd5579] Auto Update Lotep 18/06/2026 Safe Mode
 3 files changed, 39 insertions(+), 27 deletions(-)
To https://github.com/pauloperes83/palpitesjogodobicho-site.git
   b5169f9..7bd5579  main -> main
🛡️ Iniciando Blindagem para Lotep...
✅ Lotep finalizado com sucesso e páginas preservadas!
✅ SUCESSO LOTEP! Cookies e Blindagem ativos.
From https://github.com/pauloperes83/palpitesjogodobicho-site
 * branch            main       -> FETCH_HEAD
Already up to date.
[main e700a01] Auto Update Lotep 19/06/2026 Safe Mode
 3 files changed, 39 insertions(+), 27 deletions(-)
To https://github.com/pauloperes83/palpitesjogodobicho-site.git
   6155b48..e700a01  main -> main
🛡️ Iniciando Blindagem para Lotep...
✅ Lotep finalizado com sucesso e páginas preservadas!
✅ SUCESSO LOTEP! Cookies e Blindagem ativos.
From https://github.com/pauloperes83/palpitesjogodobicho-site
 * branch            main       -> FETCH_HEAD
Already up to date.
[main cbfc10b] Auto Update Lotep 20/06/2026 Safe Mode
 3 files changed, 39 insertions(+), 27 deletions(-)
To https://github.com/pauloperes83/palpitesjogodobicho-site.git
   73e5b34..cbfc10b  main -> main
🛡️ Iniciando Blindagem para Lotep...
✅ Lotep finalizado com sucesso e páginas preservadas!
✅ SUCESSO LOTEP! Cookies e Blindagem ativos.
From https://github.com/pauloperes83/palpitesjogodobicho-site
 * branch            main       -> FETCH_HEAD
Already up to date.
[main 08acad6] Auto Update Lotep 21/06/2026 Safe Mode
 3 files changed, 40 insertions(+), 28 deletions(-)
To https://github.com/pauloperes83/palpitesjogodobicho-site.git
   d26b59b..08acad6  main -> main
🛡️ Iniciando Blindagem para Lotep...
✅ Lotep finalizado com sucesso e páginas preservadas!
✅ SUCESSO LOTEP! Cookies e Blindagem ativos.
From https://github.com/pauloperes83/palpitesjogodobicho-site
 * branch            main       -> FETCH_HEAD
Already up to date.
[main a7c0a2d] Auto Update Lotep 22/06/2026 Safe Mode
 3 files changed, 39 insertions(+), 27 deletions(-)
To https://github.com/pauloperes83/palpitesjogodobicho-site.git
   229c63d..a7c0a2d  main -> main
🛡️ Iniciando Blindagem para Lotep...
✅ Lotep finalizado com sucesso e páginas preservadas!
✅ SUCESSO LOTEP! Cookies e Blindagem ativos.
From https://github.com/pauloperes83/palpitesjogodobicho-site
 * branch            main       -> FETCH_HEAD
Already up to date.
[main dca53f7] Auto Update Lotep 23/06/2026 Safe Mode
 3 files changed, 40 insertions(+), 28 deletions(-)
To https://github.com/pauloperes83/palpitesjogodobicho-site.git
   57c1de9..dca53f7  main -> main
🛡️ Iniciando Blindagem para Lotep...
✅ Lotep finalizado com sucesso e páginas preservadas!
✅ SUCESSO LOTEP! Cookies e Blindagem ativos.
From https://github.com/pauloperes83/palpitesjogodobicho-site
 * branch            main       -> FETCH_HEAD
Already up to date.
[main e8ed92e] Auto Update Lotep 24/06/2026 Safe Mode
 3 files changed, 38 insertions(+), 26 deletions(-)
To https://github.com/pauloperes83/palpitesjogodobicho-site.git
   1047e6d..e8ed92e  main -> main
🛡️ Iniciando Blindagem para Lotep...
✅ Lotep finalizado com sucesso e páginas preservadas!
✅ SUCESSO LOTEP! Cookies e Blindagem ativos.
From https://github.com/pauloperes83/palpitesjogodobicho-site
 * branch            main       -> FETCH_HEAD
Already up to date.
[main 8ffeab3] Auto Update Lotep 25/06/2026 Safe Mode
 3 files changed, 40 insertions(+), 28 deletions(-)
To https://github.com/pauloperes83/palpitesjogodobicho-site.git
   9f34765..8ffeab3  main -> main
🛡️ Iniciando Blindagem para Lotep...
✅ Lotep finalizado com sucesso e páginas preservadas!
✅ SUCESSO LOTEP! Cookies e Blindagem ativos.
From https://github.com/pauloperes83/palpitesjogodobicho-site
 * branch            main       -> FETCH_HEAD
Already up to date.
[main cce651b] Auto Update Lotep 26/06/2026 Safe Mode
 3 files changed, 40 insertions(+), 28 deletions(-)
To https://github.com/pauloperes83/palpitesjogodobicho-site.git
   174d349..cce651b  main -> main
🛡️ Iniciando Blindagem para Lotep...
✅ Lotep finalizado com sucesso e páginas preservadas!
✅ SUCESSO LOTEP! Cookies e Blindagem ativos.
From https://github.com/pauloperes83/palpitesjogodobicho-site
 * branch            main       -> FETCH_HEAD
Already up to date.
[main f37ef51] Auto Update Lotep 27/06/2026 Safe Mode
 3 files changed, 39 insertions(+), 27 deletions(-)
To https://github.com/pauloperes83/palpitesjogodobicho-site.git
   cc5f171..f37ef51  main -> main
🛡️ Iniciando Blindagem para Lotep...
✅ Lotep finalizado com sucesso e páginas preservadas!
✅ SUCESSO LOTEP! Cookies e Blindagem ativos.
From https://github.com/pauloperes83/palpitesjogodobicho-site
 * branch            main       -> FETCH_HEAD
Already up to date.
[main 541e5c9] Auto Update Lotep 28/06/2026 Safe Mode
 3 files changed, 40 insertions(+), 28 deletions(-)
To https://github.com/pauloperes83/palpitesjogodobicho-site.git
   5a2290c..541e5c9  main -> main
🛡️ Iniciando Blindagem para Lotep...
✅ Lotep finalizado com sucesso e páginas preservadas!
✅ SUCESSO LOTEP! Cookies e Blindagem ativos.
From https://github.com/pauloperes83/palpitesjogodobicho-site
 * branch            main       -> FETCH_HEAD
Already up to date.
[main 3a7093c] Auto Update Lotep 29/06/2026 Safe Mode
 3 files changed, 39 insertions(+), 27 deletions(-)
To https://github.com/pauloperes83/palpitesjogodobicho-site.git
   78ff352..3a7093c  main -> main
🛡️ Iniciando Blindagem para Lotep...
✅ Lotep finalizado com sucesso e páginas preservadas!
✅ SUCESSO LOTEP! Cookies e Blindagem ativos.
From https://github.com/pauloperes83/palpitesjogodobicho-site
 * branch            main       -> FETCH_HEAD
Already up to date.
[main e3a488c] Auto Update Lotep 30/06/2026 Safe Mode
 3 files changed, 38 insertions(+), 26 deletions(-)
To https://github.com/pauloperes83/palpitesjogodobicho-site.git
   754ed31..e3a488c  main -> main
🛡️ Iniciando Blindagem para Lotep...
✅ Lotep finalizado com sucesso e páginas preservadas!
✅ SUCESSO LOTEP! Cookies e Blindagem ativos.
From https://github.com/pauloperes83/palpitesjogodobicho-site
 * branch            main       -> FETCH_HEAD
Already up to date.
[main 5fedf60] Auto Update Lotep 01/07/2026 Safe Mode
 3 files changed, 40 insertions(+), 28 deletions(-)
To https://github.com/pauloperes83/palpitesjogodobicho-site.git
   c4c5da3..5fedf60  main -> main
🛡️ Iniciando Blindagem para Lotep...
✅ Lotep finalizado com sucesso e páginas preservadas!
✅ SUCESSO LOTEP! Cookies e Blindagem ativos.
From https://github.com/pauloperes83/palpitesjogodobicho-site
 * branch            main       -> FETCH_HEAD
Already up to date.
[main 2d35397] Auto Update Lotep 02/07/2026 Safe Mode
 3 files changed, 39 insertions(+), 27 deletions(-)
To https://github.com/pauloperes83/palpitesjogodobicho-site.git
   d054652..2d35397  main -> main
🛡️ Iniciando Blindagem para Lotep...
✅ Lotep finalizado com sucesso e páginas preservadas!
✅ SUCESSO LOTEP! Cookies e Blindagem ativos.
From https://github.com/pauloperes83/palpitesjogodobicho-site
 * branch            main       -> FETCH_HEAD
Already up to date.
[main acc759b] Auto Update Lotep 03/07/2026 Safe Mode
 3 files changed, 40 insertions(+), 28 deletions(-)
To https://github.com/pauloperes83/palpitesjogodobicho-site.git
   f3624b3..acc759b  main -> main
🛡️ Iniciando Blindagem para Lotep...
✅ Lotep finalizado com sucesso e páginas preservadas!
✅ SUCESSO LOTEP! Cookies e Blindagem ativos.
From https://github.com/pauloperes83/palpitesjogodobicho-site
 * branch            main       -> FETCH_HEAD
Already up to date.
[main b4eb200] Auto Update Lotep 04/07/2026 Safe Mode
 3 files changed, 39 insertions(+), 27 deletions(-)
To https://github.com/pauloperes83/palpitesjogodobicho-site.git
   d644919..b4eb200  main -> main
🛡️ Iniciando Blindagem para Lotep...
✅ Lotep finalizado com sucesso e páginas preservadas!
✅ SUCESSO LOTEP! Cookies e Blindagem ativos.
From https://github.com/pauloperes83/palpitesjogodobicho-site
 * branch            main       -> FETCH_HEAD
Already up to date.
[main 3cacbb1] Auto Update Lotep 05/07/2026 Safe Mode
 3 files changed, 37 insertions(+), 25 deletions(-)
To https://github.com/pauloperes83/palpitesjogodobicho-site.git
   b4b395f..3cacbb1  main -> main
🛡️ Iniciando Blindagem para Lotep...
✅ Lotep finalizado com sucesso e páginas preservadas!
✅ SUCESSO LOTEP! Cookies e Blindagem ativos.
From https://github.com/pauloperes83/palpitesjogodobicho-site
 * branch            main       -> FETCH_HEAD
Already up to date.
[main d4973e7] Auto Update Lotep 06/07/2026 Safe Mode
 3 files changed, 39 insertions(+), 27 deletions(-)
To https://github.com/pauloperes83/palpitesjogodobicho-site.git
   a16707b..d4973e7  main -> main
🛡️ Iniciando Blindagem para Lotep...
✅ Lotep finalizado com sucesso e páginas preservadas!
✅ SUCESSO LOTEP! Cookies e Blindagem ativos.
From https://github.com/pauloperes83/palpitesjogodobicho-site
 * branch            main       -> FETCH_HEAD
Already up to date.
[main 2075105] Auto Update Lotep 07/07/2026 Safe Mode
 3 files changed, 39 insertions(+), 27 deletions(-)
To https://github.com/pauloperes83/palpitesjogodobicho-site.git
   d40f2fb..2075105  main -> main
🛡️ Iniciando Blindagem para Lotep...
✅ Lotep finalizado com sucesso e páginas preservadas!
✅ SUCESSO LOTEP! Cookies e Blindagem ativos.
From https://github.com/pauloperes83/palpitesjogodobicho-site
 * branch            main       -> FETCH_HEAD
Already up to date.
[main fdf6d11] Auto Update Lotep 08/07/2026 Safe Mode
 3 files changed, 36 insertions(+), 24 deletions(-)
To https://github.com/pauloperes83/palpitesjogodobicho-site.git
   edbf004..fdf6d11  main -> main
🛡️ Iniciando Blindagem para Lotep...
✅ Lotep finalizado com sucesso e páginas preservadas!
✅ SUCESSO LOTEP! Cookies e Blindagem ativos.
From https://github.com/pauloperes83/palpitesjogodobicho-site
 * branch            main       -> FETCH_HEAD
Already up to date.
