[main 0ee818c] Auto Update LOOK 13/04/2026
 1 file changed, 59 insertions(+), 9 deletions(-)
To https://github.com/pauloperes83/palpitesjogodobicho-site.git
   cd4bb1a..0ee818c  main -> main
✅ SUCESSO LOOK! Palpites de hoje prontos.
[main a114c79] Auto Update LOOK 14/04/2026
 1 file changed, 32 insertions(+), 30 deletions(-)
To https://github.com/pauloperes83/palpitesjogodobicho-site.git
 + 38bff57...a114c79 main -> main (forced update)
✅ SUCESSO LOOK! Palpites para 14/04/2026 enviados.
[main 5c5b3d2] Auto Update LOOK 15/04/2026
 1 file changed, 32 insertions(+), 30 deletions(-)
To https://github.com/pauloperes83/palpitesjogodobicho-site.git
   2fa2cd9..5c5b3d2  main -> main
✅ SUCESSO LOOK! Palpites para 15/04/2026 enviados.
[main 4262c45] Auto Update LOOK 16/04/2026
 1 file changed, 32 insertions(+), 30 deletions(-)
To https://github.com/pauloperes83/palpitesjogodobicho-site.git
   484a218..4262c45  main -> main
✅ SUCESSO LOOK! Palpites para 16/04/2026 enviados.
From https://github.com/pauloperes83/palpitesjogodobicho-site
 * branch            main       -> FETCH_HEAD
Already up to date.
[main 890a441] Auto Update Look Goiás 17/04/2026 Safe Mode
 3 files changed, 42 insertions(+), 30 deletions(-)
To https://github.com/pauloperes83/palpitesjogodobicho-site.git
   75e1210..890a441  main -> main
🛡️ Iniciando Blindagem para Look Goiás...
✅ Look Goiás finalizado com sucesso e páginas preservadas!
✅ SUCESSO LOOK! Cookies e Blindagem ativos (17/04/2026).
From https://github.com/pauloperes83/palpitesjogodobicho-site
 * branch            main       -> FETCH_HEAD
Already up to date.
[main adbb48e] Auto Update Look Goiás 18/04/2026 Safe Mode
 3 files changed, 40 insertions(+), 28 deletions(-)
To https://github.com/pauloperes83/palpitesjogodobicho-site.git
   00d8f88..adbb48e  main -> main
🛡️ Iniciando Blindagem para Look Goiás...
✅ Look Goiás finalizado com sucesso e páginas preservadas!
✅ SUCESSO LOOK! Cookies e Blindagem ativos (18/04/2026).
From https://github.com/pauloperes83/palpitesjogodobicho-site
 * branch            main       -> FETCH_HEAD
Already up to date.
[main 470f123] Auto Update Look Goiás 19/04/2026 Safe Mode
 3 files changed, 38 insertions(+), 26 deletions(-)
To https://github.com/pauloperes83/palpitesjogodobicho-site.git
   e980c1a..470f123  main -> main
🛡️ Iniciando Blindagem para Look Goiás...
✅ Look Goiás finalizado com sucesso e páginas preservadas!
✅ SUCESSO LOOK! Cookies e Blindagem ativos (19/04/2026).
From https://github.com/pauloperes83/palpitesjogodobicho-site
 * branch            main       -> FETCH_HEAD
Already up to date.
[main 64f014f] Auto Update Look Goiás 20/04/2026 Safe Mode
 3 files changed, 38 insertions(+), 26 deletions(-)
To https://github.com/pauloperes83/palpitesjogodobicho-site.git
   3f06a1b..64f014f  main -> main
🛡️ Iniciando Blindagem para Look Goiás...
✅ Look Goiás finalizado com sucesso e páginas preservadas!
✅ SUCESSO LOOK! Cookies e Blindagem ativos (20/04/2026).
From https://github.com/pauloperes83/palpitesjogodobicho-site
 * branch            main       -> FETCH_HEAD
Already up to date.
[main 9f6ef76] Auto Update Look Goiás 21/04/2026 Safe Mode
 3 files changed, 40 insertions(+), 28 deletions(-)
To https://github.com/pauloperes83/palpitesjogodobicho-site.git
   dc83dd7..9f6ef76  main -> main
🛡️ Iniciando Blindagem para Look Goiás...
✅ Look Goiás finalizado com sucesso e páginas preservadas!
✅ SUCESSO LOOK! Cookies e Blindagem ativos (21/04/2026).
From https://github.com/pauloperes83/palpitesjogodobicho-site
 * branch            main       -> FETCH_HEAD
Already up to date.
[main d40a884] Auto Update Look Goiás 22/04/2026 Safe Mode
 3 files changed, 41 insertions(+), 29 deletions(-)
To https://github.com/pauloperes83/palpitesjogodobicho-site.git
   904b4cc..d40a884  main -> main
🛡️ Iniciando Blindagem para Look Goiás...
✅ Look Goiás finalizado com sucesso e páginas preservadas!
✅ SUCESSO LOOK! Cookies e Blindagem ativos (22/04/2026).
From https://github.com/pauloperes83/palpitesjogodobicho-site
 * branch            main       -> FETCH_HEAD
Already up to date.
[main f2702be] Auto Update Look Goiás 23/04/2026 Safe Mode
 3 files changed, 42 insertions(+), 30 deletions(-)
To https://github.com/pauloperes83/palpitesjogodobicho-site.git
   0fc492d..f2702be  main -> main
🛡️ Iniciando Blindagem para Look Goiás...
✅ Look Goiás finalizado com sucesso e páginas preservadas!
✅ SUCESSO LOOK! Cookies e Blindagem ativos (23/04/2026).
From https://github.com/pauloperes83/palpitesjogodobicho-site
 * branch            main       -> FETCH_HEAD
Already up to date.
[main d6627f7] Auto Update Look Goiás 24/04/2026 Safe Mode
 3 files changed, 42 insertions(+), 30 deletions(-)
To https://github.com/pauloperes83/palpitesjogodobicho-site.git
   9729497..d6627f7  main -> main
🛡️ Iniciando Blindagem para Look Goiás...
✅ Look Goiás finalizado com sucesso e páginas preservadas!
✅ SUCESSO LOOK! Cookies e Blindagem ativos (24/04/2026).
From https://github.com/pauloperes83/palpitesjogodobicho-site
 * branch            main       -> FETCH_HEAD
Already up to date.
[main c3b80ab] Auto Update Look Goiás 25/04/2026 Safe Mode
 3 files changed, 41 insertions(+), 29 deletions(-)
To https://github.com/pauloperes83/palpitesjogodobicho-site.git
   b317ecb..c3b80ab  main -> main
🛡️ Iniciando Blindagem para Look Goiás...
✅ Look Goiás finalizado com sucesso e páginas preservadas!
✅ SUCESSO LOOK! Cookies e Blindagem ativos (25/04/2026).
From https://github.com/pauloperes83/palpitesjogodobicho-site
 * branch            main       -> FETCH_HEAD
Already up to date.
[main 9af6482] Auto Update Look Goiás 26/04/2026 Safe Mode
 3 files changed, 40 insertions(+), 28 deletions(-)
To https://github.com/pauloperes83/palpitesjogodobicho-site.git
   7fcdc9f..9af6482  main -> main
🛡️ Iniciando Blindagem para Look Goiás...
✅ Look Goiás finalizado com sucesso e páginas preservadas!
✅ SUCESSO LOOK! Cookies e Blindagem ativos (26/04/2026).
From https://github.com/pauloperes83/palpitesjogodobicho-site
 * branch            main       -> FETCH_HEAD
Already up to date.
[main e8312c5] Auto Update Look Goiás 27/04/2026 Safe Mode
 3 files changed, 39 insertions(+), 27 deletions(-)
To https://github.com/pauloperes83/palpitesjogodobicho-site.git
   1c9b400..e8312c5  main -> main
🛡️ Iniciando Blindagem para Look Goiás...
✅ Look Goiás finalizado com sucesso e páginas preservadas!
✅ SUCESSO LOOK! Cookies e Blindagem ativos (27/04/2026).
From https://github.com/pauloperes83/palpitesjogodobicho-site
 * branch            main       -> FETCH_HEAD
Already up to date.
[main 23d6628] Auto Update Look Goiás 28/04/2026 Safe Mode
 3 files changed, 38 insertions(+), 26 deletions(-)
To https://github.com/pauloperes83/palpitesjogodobicho-site.git
   3c377ca..23d6628  main -> main
🛡️ Iniciando Blindagem para Look Goiás...
✅ Look Goiás finalizado com sucesso e páginas preservadas!
✅ SUCESSO LOOK! Cookies e Blindagem ativos (28/04/2026).
From https://github.com/pauloperes83/palpitesjogodobicho-site
 * branch            main       -> FETCH_HEAD
Already up to date.
[main 4e6084d] Auto Update Look Goiás 29/04/2026 Safe Mode
 3 files changed, 42 insertions(+), 30 deletions(-)
To https://github.com/pauloperes83/palpitesjogodobicho-site.git
   64a106f..4e6084d  main -> main
🛡️ Iniciando Blindagem para Look Goiás...
✅ Look Goiás finalizado com sucesso e páginas preservadas!
✅ SUCESSO LOOK! Cookies e Blindagem ativos (29/04/2026).
From https://github.com/pauloperes83/palpitesjogodobicho-site
 * branch            main       -> FETCH_HEAD
Already up to date.
[main a6cd5a7] Auto Update Look Goiás 30/04/2026 Safe Mode
 3 files changed, 39 insertions(+), 27 deletions(-)
To https://github.com/pauloperes83/palpitesjogodobicho-site.git
   6fa89fb..a6cd5a7  main -> main
🛡️ Iniciando Blindagem para Look Goiás...
✅ Look Goiás finalizado com sucesso e páginas preservadas!
✅ SUCESSO LOOK! Cookies e Blindagem ativos (30/04/2026).
From https://github.com/pauloperes83/palpitesjogodobicho-site
 * branch            main       -> FETCH_HEAD
Already up to date.
[main cb70bc1] Auto Update Look Goiás 01/05/2026 Safe Mode
 3 files changed, 43 insertions(+), 31 deletions(-)
To https://github.com/pauloperes83/palpitesjogodobicho-site.git
   432dc1a..cb70bc1  main -> main
🛡️ Iniciando Blindagem para Look Goiás...
✅ Look Goiás finalizado com sucesso e páginas preservadas!
✅ SUCESSO LOOK! Cookies e Blindagem ativos (01/05/2026).
From https://github.com/pauloperes83/palpitesjogodobicho-site
 * branch            main       -> FETCH_HEAD
   61204ff..36ef586  main       -> origin/main
Updating 61204ff..36ef586
Fast-forward
 aguia_prime.html | 69 +++++++++++++++++++++++++++++++++++++-------------------
 1 file changed, 46 insertions(+), 23 deletions(-)
[main e5bc366] Auto Update Look Goiás 02/05/2026 Safe Mode
 3 files changed, 46 insertions(+), 30 deletions(-)
To https://github.com/pauloperes83/palpitesjogodobicho-site.git
   36ef586..e5bc366  main -> main
🛡️ Iniciando Blindagem para Look Goiás...
✅ Look Goiás finalizado com sucesso e páginas preservadas!
✅ SUCESSO LOOK! Cookies e Blindagem ativos (02/05/2026).
From https://github.com/pauloperes83/palpitesjogodobicho-site
 * branch            main       -> FETCH_HEAD
Already up to date.
[main 83ac35a] Auto Update Look Goiás 03/05/2026 Safe Mode
 3 files changed, 38 insertions(+), 26 deletions(-)
To https://github.com/pauloperes83/palpitesjogodobicho-site.git
   4ce4f01..83ac35a  main -> main
🛡️ Iniciando Blindagem para Look Goiás...
✅ Look Goiás finalizado com sucesso e páginas preservadas!
✅ SUCESSO LOOK! Cookies e Blindagem ativos (03/05/2026).
From https://github.com/pauloperes83/palpitesjogodobicho-site
 * branch            main       -> FETCH_HEAD
Already up to date.
[main aaba468] Auto Update Look Goiás 04/05/2026 Safe Mode
 3 files changed, 39 insertions(+), 27 deletions(-)
To https://github.com/pauloperes83/palpitesjogodobicho-site.git
   3aeb8ae..aaba468  main -> main
🛡️ Iniciando Blindagem para Look Goiás...
✅ Look Goiás finalizado com sucesso e páginas preservadas!
✅ SUCESSO LOOK! Cookies e Blindagem ativos (04/05/2026).
From https://github.com/pauloperes83/palpitesjogodobicho-site
 * branch            main       -> FETCH_HEAD
Already up to date.
[main bddbf22] Auto Update Look Goiás 05/05/2026 Safe Mode
 3 files changed, 40 insertions(+), 28 deletions(-)
To https://github.com/pauloperes83/palpitesjogodobicho-site.git
   2d34dce..bddbf22  main -> main
🛡️ Iniciando Blindagem para Look Goiás...
✅ Look Goiás finalizado com sucesso e páginas preservadas!
✅ SUCESSO LOOK! Cookies e Blindagem ativos (05/05/2026).
From https://github.com/pauloperes83/palpitesjogodobicho-site
 * branch            main       -> FETCH_HEAD
Already up to date.
[main f9b5406] Auto Update Look Goiás 06/05/2026 Safe Mode
 3 files changed, 38 insertions(+), 26 deletions(-)
To https://github.com/pauloperes83/palpitesjogodobicho-site.git
   b2c6446..f9b5406  main -> main
🛡️ Iniciando Blindagem para Look Goiás...
✅ Look Goiás finalizado com sucesso e páginas preservadas!
✅ SUCESSO LOOK! Cookies e Blindagem ativos (06/05/2026).
From https://github.com/pauloperes83/palpitesjogodobicho-site
 * branch            main       -> FETCH_HEAD
Already up to date.
[main 5a3d865] Auto Update Look Goiás 07/05/2026 Safe Mode
 3 files changed, 41 insertions(+), 29 deletions(-)
To https://github.com/pauloperes83/palpitesjogodobicho-site.git
   0627753..5a3d865  main -> main
🛡️ Iniciando Blindagem para Look Goiás...
✅ Look Goiás finalizado com sucesso e páginas preservadas!
✅ SUCESSO LOOK! Cookies e Blindagem ativos (07/05/2026).
From https://github.com/pauloperes83/palpitesjogodobicho-site
 * branch            main       -> FETCH_HEAD
Already up to date.
[main 3c179a4] Auto Update Look Goiás 08/05/2026 Safe Mode
 3 files changed, 40 insertions(+), 28 deletions(-)
To https://github.com/pauloperes83/palpitesjogodobicho-site.git
   cae21d4..3c179a4  main -> main
🛡️ Iniciando Blindagem para Look Goiás...
✅ Look Goiás finalizado com sucesso e páginas preservadas!
✅ SUCESSO LOOK! Cookies e Blindagem ativos (08/05/2026).
From https://github.com/pauloperes83/palpitesjogodobicho-site
 * branch            main       -> FETCH_HEAD
Already up to date.
[main 99587f3] Auto Update Look Goiás 09/05/2026 Safe Mode
 3 files changed, 40 insertions(+), 28 deletions(-)
To https://github.com/pauloperes83/palpitesjogodobicho-site.git
   6274f6b..99587f3  main -> main
🛡️ Iniciando Blindagem para Look Goiás...
✅ Look Goiás finalizado com sucesso e páginas preservadas!
✅ SUCESSO LOOK! Cookies e Blindagem ativos (09/05/2026).
From https://github.com/pauloperes83/palpitesjogodobicho-site
 * branch            main       -> FETCH_HEAD
Already up to date.
[main 650eb0e] Auto Update Look Goiás 10/05/2026 Safe Mode
 3 files changed, 38 insertions(+), 26 deletions(-)
To https://github.com/pauloperes83/palpitesjogodobicho-site.git
   da4a7ff..650eb0e  main -> main
🛡️ Iniciando Blindagem para Look Goiás...
✅ Look Goiás finalizado com sucesso e páginas preservadas!
✅ SUCESSO LOOK! Cookies e Blindagem ativos (10/05/2026).
From https://github.com/pauloperes83/palpitesjogodobicho-site
 * branch            main       -> FETCH_HEAD
Already up to date.
[main cbc6f62] Auto Update Look Goiás 11/05/2026 Safe Mode
 3 files changed, 42 insertions(+), 30 deletions(-)
To https://github.com/pauloperes83/palpitesjogodobicho-site.git
   79e1c26..cbc6f62  main -> main
🛡️ Iniciando Blindagem para Look Goiás...
✅ Look Goiás finalizado com sucesso e páginas preservadas!
✅ SUCESSO LOOK! Cookies e Blindagem ativos (11/05/2026).
From https://github.com/pauloperes83/palpitesjogodobicho-site
 * branch            main       -> FETCH_HEAD
Already up to date.
[main 312e03d] Auto Update Look Goiás 12/05/2026 Safe Mode
 3 files changed, 42 insertions(+), 30 deletions(-)
To https://github.com/pauloperes83/palpitesjogodobicho-site.git
   cdcbd66..312e03d  main -> main
🛡️ Iniciando Blindagem para Look Goiás...
✅ Look Goiás finalizado com sucesso e páginas preservadas!
✅ SUCESSO LOOK! Cookies e Blindagem ativos (12/05/2026).
From https://github.com/pauloperes83/palpitesjogodobicho-site
 * branch            main       -> FETCH_HEAD
Already up to date.
[main 81c9ee3] Auto Update Look Goiás 13/05/2026 Safe Mode
 3 files changed, 40 insertions(+), 28 deletions(-)
To https://github.com/pauloperes83/palpitesjogodobicho-site.git
   87965f1..81c9ee3  main -> main
🛡️ Iniciando Blindagem para Look Goiás...
✅ Look Goiás finalizado com sucesso e páginas preservadas!
✅ SUCESSO LOOK! Cookies e Blindagem ativos (13/05/2026).
From https://github.com/pauloperes83/palpitesjogodobicho-site
 * branch            main       -> FETCH_HEAD
Already up to date.
[main 1e893eb] Auto Update Look Goiás 14/05/2026 Safe Mode
 3 files changed, 42 insertions(+), 30 deletions(-)
To https://github.com/pauloperes83/palpitesjogodobicho-site.git
   0c51bbb..1e893eb  main -> main
🛡️ Iniciando Blindagem para Look Goiás...
✅ Look Goiás finalizado com sucesso e páginas preservadas!
✅ SUCESSO LOOK! Cookies e Blindagem ativos (14/05/2026).
From https://github.com/pauloperes83/palpitesjogodobicho-site
 * branch            main       -> FETCH_HEAD
Already up to date.
[main 408db0a] Auto Update Look Goiás 15/05/2026 Safe Mode
 3 files changed, 41 insertions(+), 29 deletions(-)
To https://github.com/pauloperes83/palpitesjogodobicho-site.git
   fb655fd..408db0a  main -> main
🛡️ Iniciando Blindagem para Look Goiás...
✅ Look Goiás finalizado com sucesso e páginas preservadas!
✅ SUCESSO LOOK! Cookies e Blindagem ativos (15/05/2026).
From https://github.com/pauloperes83/palpitesjogodobicho-site
 * branch            main       -> FETCH_HEAD
Already up to date.
[main b882faa] Auto Update Look Goiás 16/05/2026 Safe Mode
 3 files changed, 42 insertions(+), 30 deletions(-)
To https://github.com/pauloperes83/palpitesjogodobicho-site.git
   1a326c0..b882faa  main -> main
🛡️ Iniciando Blindagem para Look Goiás...
✅ Look Goiás finalizado com sucesso e páginas preservadas!
✅ SUCESSO LOOK! Cookies e Blindagem ativos (16/05/2026).
From https://github.com/pauloperes83/palpitesjogodobicho-site
 * branch            main       -> FETCH_HEAD
Already up to date.
[main 3f586e0] Auto Update Look Goiás 17/05/2026 Safe Mode
 3 files changed, 42 insertions(+), 30 deletions(-)
To https://github.com/pauloperes83/palpitesjogodobicho-site.git
   ace4396..3f586e0  main -> main
🛡️ Iniciando Blindagem para Look Goiás...
✅ Look Goiás finalizado com sucesso e páginas preservadas!
✅ SUCESSO LOOK! Cookies e Blindagem ativos (17/05/2026).
From https://github.com/pauloperes83/palpitesjogodobicho-site
 * branch            main       -> FETCH_HEAD
Already up to date.
[main ea3398d] Auto Update Look Goiás 18/05/2026 Safe Mode
 3 files changed, 38 insertions(+), 26 deletions(-)
To https://github.com/pauloperes83/palpitesjogodobicho-site.git
   7f2bcf8..ea3398d  main -> main
🛡️ Iniciando Blindagem para Look Goiás...
✅ Look Goiás finalizado com sucesso e páginas preservadas!
✅ SUCESSO LOOK! Cookies e Blindagem ativos (18/05/2026).
From https://github.com/pauloperes83/palpitesjogodobicho-site
 * branch            main       -> FETCH_HEAD
Already up to date.
[main 930531f] Auto Update Look Goiás 19/05/2026 Safe Mode
 3 files changed, 38 insertions(+), 26 deletions(-)
To https://github.com/pauloperes83/palpitesjogodobicho-site.git
   dccdd6b..930531f  main -> main
🛡️ Iniciando Blindagem para Look Goiás...
✅ Look Goiás finalizado com sucesso e páginas preservadas!
✅ SUCESSO LOOK! Cookies e Blindagem ativos (19/05/2026).
From https://github.com/pauloperes83/palpitesjogodobicho-site
 * branch            main       -> FETCH_HEAD
Already up to date.
[main ffdbccf] Auto Update Look Goiás 20/05/2026 Safe Mode
 3 files changed, 39 insertions(+), 27 deletions(-)
To https://github.com/pauloperes83/palpitesjogodobicho-site.git
   f8cf4f3..ffdbccf  main -> main
🛡️ Iniciando Blindagem para Look Goiás...
✅ Look Goiás finalizado com sucesso e páginas preservadas!
✅ SUCESSO LOOK! Cookies e Blindagem ativos (20/05/2026).
From https://github.com/pauloperes83/palpitesjogodobicho-site
 * branch            main       -> FETCH_HEAD
Already up to date.
[main 7082bb9] Auto Update Look Goiás 21/05/2026 Safe Mode
 3 files changed, 39 insertions(+), 27 deletions(-)
To https://github.com/pauloperes83/palpitesjogodobicho-site.git
   b53e308..7082bb9  main -> main
🛡️ Iniciando Blindagem para Look Goiás...
✅ Look Goiás finalizado com sucesso e páginas preservadas!
✅ SUCESSO LOOK! Cookies e Blindagem ativos (21/05/2026).
From https://github.com/pauloperes83/palpitesjogodobicho-site
 * branch            main       -> FETCH_HEAD
Already up to date.
[main 468c7bb] Auto Update Look Goiás 22/05/2026 Safe Mode
 3 files changed, 42 insertions(+), 30 deletions(-)
To https://github.com/pauloperes83/palpitesjogodobicho-site.git
   d37d885..468c7bb  main -> main
🛡️ Iniciando Blindagem para Look Goiás...
✅ Look Goiás finalizado com sucesso e páginas preservadas!
✅ SUCESSO LOOK! Cookies e Blindagem ativos (22/05/2026).
From https://github.com/pauloperes83/palpitesjogodobicho-site
 * branch            main       -> FETCH_HEAD
Already up to date.
[main e3aee02] Auto Update Look Goiás 23/05/2026 Safe Mode
 3 files changed, 41 insertions(+), 29 deletions(-)
To https://github.com/pauloperes83/palpitesjogodobicho-site.git
   340a326..e3aee02  main -> main
🛡️ Iniciando Blindagem para Look Goiás...
✅ Look Goiás finalizado com sucesso e páginas preservadas!
✅ SUCESSO LOOK! Cookies e Blindagem ativos (23/05/2026).
From https://github.com/pauloperes83/palpitesjogodobicho-site
 * branch            main       -> FETCH_HEAD
Already up to date.
[main 6a42366] Auto Update Look Goiás 24/05/2026 Safe Mode
 3 files changed, 42 insertions(+), 30 deletions(-)
To https://github.com/pauloperes83/palpitesjogodobicho-site.git
   4efc789..6a42366  main -> main
🛡️ Iniciando Blindagem para Look Goiás...
✅ Look Goiás finalizado com sucesso e páginas preservadas!
✅ SUCESSO LOOK! Cookies e Blindagem ativos (24/05/2026).
From https://github.com/pauloperes83/palpitesjogodobicho-site
 * branch            main       -> FETCH_HEAD
Already up to date.
[main cc188fb] Auto Update Look Goiás 25/05/2026 Safe Mode
 3 files changed, 40 insertions(+), 28 deletions(-)
To https://github.com/pauloperes83/palpitesjogodobicho-site.git
   268d1f2..cc188fb  main -> main
🛡️ Iniciando Blindagem para Look Goiás...
✅ Look Goiás finalizado com sucesso e páginas preservadas!
✅ SUCESSO LOOK! Cookies e Blindagem ativos (25/05/2026).
From https://github.com/pauloperes83/palpitesjogodobicho-site
 * branch            main       -> FETCH_HEAD
Already up to date.
[main 4fba070] Auto Update Look Goiás 26/05/2026 Safe Mode
 3 files changed, 40 insertions(+), 28 deletions(-)
To https://github.com/pauloperes83/palpitesjogodobicho-site.git
   d212ed3..4fba070  main -> main
🛡️ Iniciando Blindagem para Look Goiás...
✅ Look Goiás finalizado com sucesso e páginas preservadas!
✅ SUCESSO LOOK! Cookies e Blindagem ativos (26/05/2026).
From https://github.com/pauloperes83/palpitesjogodobicho-site
 * branch            main       -> FETCH_HEAD
Already up to date.
[main b68739b] Auto Update Look Goiás 27/05/2026 Safe Mode
 3 files changed, 39 insertions(+), 27 deletions(-)
To https://github.com/pauloperes83/palpitesjogodobicho-site.git
   65a0d95..b68739b  main -> main
🛡️ Iniciando Blindagem para Look Goiás...
✅ Look Goiás finalizado com sucesso e páginas preservadas!
✅ SUCESSO LOOK! Cookies e Blindagem ativos (27/05/2026).
From https://github.com/pauloperes83/palpitesjogodobicho-site
 * branch            main       -> FETCH_HEAD
Already up to date.
[main 92bfaaf] Auto Update Look Goiás 28/05/2026 Safe Mode
 3 files changed, 39 insertions(+), 27 deletions(-)
To https://github.com/pauloperes83/palpitesjogodobicho-site.git
   c32c722..92bfaaf  main -> main
🛡️ Iniciando Blindagem para Look Goiás...
✅ Look Goiás finalizado com sucesso e páginas preservadas!
✅ SUCESSO LOOK! Cookies e Blindagem ativos (28/05/2026).
From https://github.com/pauloperes83/palpitesjogodobicho-site
 * branch            main       -> FETCH_HEAD
Already up to date.
[main 850a597] Auto Update Look Goiás 29/05/2026 Safe Mode
 3 files changed, 42 insertions(+), 30 deletions(-)
To https://github.com/pauloperes83/palpitesjogodobicho-site.git
   bdc36cb..850a597  main -> main
🛡️ Iniciando Blindagem para Look Goiás...
✅ Look Goiás finalizado com sucesso e páginas preservadas!
✅ SUCESSO LOOK! Cookies e Blindagem ativos (29/05/2026).
From https://github.com/pauloperes83/palpitesjogodobicho-site
 * branch            main       -> FETCH_HEAD
Already up to date.
[main 90d47b3] Auto Update Look Goiás 30/05/2026 Safe Mode
 3 files changed, 37 insertions(+), 25 deletions(-)
To https://github.com/pauloperes83/palpitesjogodobicho-site.git
   6611b7d..90d47b3  main -> main
🛡️ Iniciando Blindagem para Look Goiás...
✅ Look Goiás finalizado com sucesso e páginas preservadas!
✅ SUCESSO LOOK! Cookies e Blindagem ativos (30/05/2026).
From https://github.com/pauloperes83/palpitesjogodobicho-site
 * branch            main       -> FETCH_HEAD
Already up to date.
[main 2aac5a7] Auto Update Look Goiás 31/05/2026 Safe Mode
 3 files changed, 39 insertions(+), 27 deletions(-)
To https://github.com/pauloperes83/palpitesjogodobicho-site.git
   5ccbaad..2aac5a7  main -> main
🛡️ Iniciando Blindagem para Look Goiás...
✅ Look Goiás finalizado com sucesso e páginas preservadas!
✅ SUCESSO LOOK! Cookies e Blindagem ativos (31/05/2026).
From https://github.com/pauloperes83/palpitesjogodobicho-site
 * branch            main       -> FETCH_HEAD
Already up to date.
[main 7bb57c1] Auto Update Look Goiás 01/06/2026 Safe Mode
 3 files changed, 43 insertions(+), 31 deletions(-)
To https://github.com/pauloperes83/palpitesjogodobicho-site.git
   fbc5512..7bb57c1  main -> main
🛡️ Iniciando Blindagem para Look Goiás...
✅ Look Goiás finalizado com sucesso e páginas preservadas!
✅ SUCESSO LOOK! Cookies e Blindagem ativos (01/06/2026).
From https://github.com/pauloperes83/palpitesjogodobicho-site
 * branch            main       -> FETCH_HEAD
Already up to date.
[main 469b1b0] Auto Update Look Goiás 02/06/2026 Safe Mode
 3 files changed, 42 insertions(+), 30 deletions(-)
To https://github.com/pauloperes83/palpitesjogodobicho-site.git
   d596753..469b1b0  main -> main
🛡️ Iniciando Blindagem para Look Goiás...
✅ Look Goiás finalizado com sucesso e páginas preservadas!
✅ SUCESSO LOOK! Cookies e Blindagem ativos (02/06/2026).
From https://github.com/pauloperes83/palpitesjogodobicho-site
 * branch            main       -> FETCH_HEAD
Already up to date.
[main bb52b87] Auto Update Look Goiás 03/06/2026 Safe Mode
 3 files changed, 37 insertions(+), 25 deletions(-)
To https://github.com/pauloperes83/palpitesjogodobicho-site.git
   ba8b1e5..bb52b87  main -> main
🛡️ Iniciando Blindagem para Look Goiás...
✅ Look Goiás finalizado com sucesso e páginas preservadas!
✅ SUCESSO LOOK! Cookies e Blindagem ativos (03/06/2026).
From https://github.com/pauloperes83/palpitesjogodobicho-site
 * branch            main       -> FETCH_HEAD
Already up to date.
[main c33f89a] Auto Update Look Goiás 04/06/2026 Safe Mode
 3 files changed, 38 insertions(+), 26 deletions(-)
To https://github.com/pauloperes83/palpitesjogodobicho-site.git
   5e5ad60..c33f89a  main -> main
🛡️ Iniciando Blindagem para Look Goiás...
✅ Look Goiás finalizado com sucesso e páginas preservadas!
✅ SUCESSO LOOK! Cookies e Blindagem ativos (04/06/2026).
From https://github.com/pauloperes83/palpitesjogodobicho-site
 * branch            main       -> FETCH_HEAD
Already up to date.
[main e7d85d8] Auto Update Look Goiás 05/06/2026 Safe Mode
 3 files changed, 40 insertions(+), 28 deletions(-)
To https://github.com/pauloperes83/palpitesjogodobicho-site.git
   455fc19..e7d85d8  main -> main
🛡️ Iniciando Blindagem para Look Goiás...
✅ Look Goiás finalizado com sucesso e páginas preservadas!
✅ SUCESSO LOOK! Cookies e Blindagem ativos (05/06/2026).
From https://github.com/pauloperes83/palpitesjogodobicho-site
 * branch            main       -> FETCH_HEAD
Already up to date.
[main 4e73f3c] Auto Update Look Goiás 06/06/2026 Safe Mode
 3 files changed, 39 insertions(+), 27 deletions(-)
To https://github.com/pauloperes83/palpitesjogodobicho-site.git
   559d28f..4e73f3c  main -> main
🛡️ Iniciando Blindagem para Look Goiás...
✅ Look Goiás finalizado com sucesso e páginas preservadas!
✅ SUCESSO LOOK! Cookies e Blindagem ativos (06/06/2026).
From https://github.com/pauloperes83/palpitesjogodobicho-site
 * branch            main       -> FETCH_HEAD
Already up to date.
[main 889c0fa] Auto Update Look Goiás 07/06/2026 Safe Mode
 3 files changed, 41 insertions(+), 29 deletions(-)
To https://github.com/pauloperes83/palpitesjogodobicho-site.git
   2bafcc2..889c0fa  main -> main
🛡️ Iniciando Blindagem para Look Goiás...
✅ Look Goiás finalizado com sucesso e páginas preservadas!
✅ SUCESSO LOOK! Cookies e Blindagem ativos (07/06/2026).
From https://github.com/pauloperes83/palpitesjogodobicho-site
 * branch            main       -> FETCH_HEAD
Already up to date.
[main 8968946] Auto Update Look Goiás 08/06/2026 Safe Mode
 3 files changed, 41 insertions(+), 29 deletions(-)
To https://github.com/pauloperes83/palpitesjogodobicho-site.git
   14a488e..8968946  main -> main
🛡️ Iniciando Blindagem para Look Goiás...
✅ Look Goiás finalizado com sucesso e páginas preservadas!
✅ SUCESSO LOOK! Cookies e Blindagem ativos (08/06/2026).
From https://github.com/pauloperes83/palpitesjogodobicho-site
 * branch            main       -> FETCH_HEAD
Already up to date.
[main a2f73f1] Auto Update Look Goiás 09/06/2026 Safe Mode
 3 files changed, 40 insertions(+), 28 deletions(-)
To https://github.com/pauloperes83/palpitesjogodobicho-site.git
   0c1df56..a2f73f1  main -> main
🛡️ Iniciando Blindagem para Look Goiás...
✅ Look Goiás finalizado com sucesso e páginas preservadas!
✅ SUCESSO LOOK! Cookies e Blindagem ativos (09/06/2026).
From https://github.com/pauloperes83/palpitesjogodobicho-site
 * branch            main       -> FETCH_HEAD
Already up to date.
[main 61b3cc8] Auto Update Look Goiás 10/06/2026 Safe Mode
 3 files changed, 38 insertions(+), 26 deletions(-)
To https://github.com/pauloperes83/palpitesjogodobicho-site.git
   737072e..61b3cc8  main -> main
🛡️ Iniciando Blindagem para Look Goiás...
✅ Look Goiás finalizado com sucesso e páginas preservadas!
✅ SUCESSO LOOK! Cookies e Blindagem ativos (10/06/2026).
From https://github.com/pauloperes83/palpitesjogodobicho-site
 * branch            main       -> FETCH_HEAD
Already up to date.
[main 3ec163a] Auto Update Look Goiás 11/06/2026 Safe Mode
 3 files changed, 42 insertions(+), 30 deletions(-)
To https://github.com/pauloperes83/palpitesjogodobicho-site.git
   64cabb0..3ec163a  main -> main
🛡️ Iniciando Blindagem para Look Goiás...
✅ Look Goiás finalizado com sucesso e páginas preservadas!
✅ SUCESSO LOOK! Cookies e Blindagem ativos (11/06/2026).
From https://github.com/pauloperes83/palpitesjogodobicho-site
 * branch            main       -> FETCH_HEAD
Already up to date.
[main 18c6cfa] Auto Update Look Goiás 12/06/2026 Safe Mode
 3 files changed, 42 insertions(+), 30 deletions(-)
To https://github.com/pauloperes83/palpitesjogodobicho-site.git
   f905971..18c6cfa  main -> main
🛡️ Iniciando Blindagem para Look Goiás...
✅ Look Goiás finalizado com sucesso e páginas preservadas!
✅ SUCESSO LOOK! Cookies e Blindagem ativos (12/06/2026).
From https://github.com/pauloperes83/palpitesjogodobicho-site
 * branch            main       -> FETCH_HEAD
Already up to date.
[main e3d979f] Auto Update Look Goiás 13/06/2026 Safe Mode
 3 files changed, 40 insertions(+), 28 deletions(-)
To https://github.com/pauloperes83/palpitesjogodobicho-site.git
   49503c8..e3d979f  main -> main
🛡️ Iniciando Blindagem para Look Goiás...
✅ Look Goiás finalizado com sucesso e páginas preservadas!
✅ SUCESSO LOOK! Cookies e Blindagem ativos (13/06/2026).
From https://github.com/pauloperes83/palpitesjogodobicho-site
 * branch            main       -> FETCH_HEAD
Already up to date.
[main 3b89e95] Auto Update Look Goiás 14/06/2026 Safe Mode
 3 files changed, 42 insertions(+), 30 deletions(-)
To https://github.com/pauloperes83/palpitesjogodobicho-site.git
   78cdc92..3b89e95  main -> main
🛡️ Iniciando Blindagem para Look Goiás...
✅ Look Goiás finalizado com sucesso e páginas preservadas!
✅ SUCESSO LOOK! Cookies e Blindagem ativos (14/06/2026).
From https://github.com/pauloperes83/palpitesjogodobicho-site
 * branch            main       -> FETCH_HEAD
Already up to date.
[main 6d19312] Auto Update Look Goiás 15/06/2026 Safe Mode
 3 files changed, 42 insertions(+), 30 deletions(-)
To https://github.com/pauloperes83/palpitesjogodobicho-site.git
   7760e80..6d19312  main -> main
🛡️ Iniciando Blindagem para Look Goiás...
✅ Look Goiás finalizado com sucesso e páginas preservadas!
✅ SUCESSO LOOK! Cookies e Blindagem ativos (15/06/2026).
