[main 3c7d99b] Auto Update Lotece 14/04/2026
 1 file changed, 60 insertions(+), 10 deletions(-)
To https://github.com/pauloperes83/palpitesjogodobicho-site.git
   430adf9..3c7d99b  main -> main
✅ SUCESSO LOTECE! Atualizado para terça-feira (14/04/2026).
[main ece51f0] Auto Update Lotece 14/04/2026
 1 file changed, 20 insertions(+), 18 deletions(-)
To https://github.com/pauloperes83/palpitesjogodobicho-site.git
 + a4e5f1e...ece51f0 main -> main (forced update)
✅ SUCESSO LOTECE! Atualizado para terça-feira (14/04/2026).
[main a2a7161] Auto Update Lotece 15/04/2026
 1 file changed, 31 insertions(+), 29 deletions(-)
To https://github.com/pauloperes83/palpitesjogodobicho-site.git
   4cb25d8..a2a7161  main -> main
✅ SUCESSO LOTECE! Atualizado para quarta-feira (15/04/2026).
[main a97e623] Auto Update Lotece 16/04/2026
 1 file changed, 30 insertions(+), 28 deletions(-)
To https://github.com/pauloperes83/palpitesjogodobicho-site.git
   4262c45..a97e623  main -> main
✅ SUCESSO LOTECE! Atualizado para quinta-feira (16/04/2026).
From https://github.com/pauloperes83/palpitesjogodobicho-site
 * branch            main       -> FETCH_HEAD
Already up to date.
[main 726bef9] Auto Update Lotece 17/04/2026 Safe Mode
 2 files changed, 34 insertions(+), 29 deletions(-)
To https://github.com/pauloperes83/palpitesjogodobicho-site.git
   916e7ee..726bef9  main -> main
🛡️ Iniciando Blindagem para Lotece...
✅ Lotece finalizado com sucesso e páginas preservadas!
✅ SUCESSO LOTECE! Atualizado para sexta-feira (17/04/2026).
From https://github.com/pauloperes83/palpitesjogodobicho-site
 * branch            main       -> FETCH_HEAD
Already up to date.
[main 6d11db3] Auto Update Lotece 18/04/2026 Safe Mode
 3 files changed, 42 insertions(+), 28 deletions(-)
To https://github.com/pauloperes83/palpitesjogodobicho-site.git
   0f40448..6d11db3  main -> main
🛡️ Iniciando Blindagem para Lotece...
✅ Lotece finalizado com sucesso e páginas preservadas!
✅ SUCESSO LOTECE! Atualizado para sábado (18/04/2026).
From https://github.com/pauloperes83/palpitesjogodobicho-site
 * branch            main       -> FETCH_HEAD
Already up to date.
[main 9f3fd6c] Auto Update Lotece 19/04/2026 Safe Mode
 3 files changed, 43 insertions(+), 29 deletions(-)
To https://github.com/pauloperes83/palpitesjogodobicho-site.git
   02d2a49..9f3fd6c  main -> main
🛡️ Iniciando Blindagem para Lotece...
✅ Lotece finalizado com sucesso e páginas preservadas!
✅ SUCESSO LOTECE! Atualizado para domingo (19/04/2026).
From https://github.com/pauloperes83/palpitesjogodobicho-site
 * branch            main       -> FETCH_HEAD
Already up to date.
[main eb9d41d] Auto Update Lotece 20/04/2026 Safe Mode
 3 files changed, 43 insertions(+), 29 deletions(-)
To https://github.com/pauloperes83/palpitesjogodobicho-site.git
   ec4fd70..eb9d41d  main -> main
🛡️ Iniciando Blindagem para Lotece...
✅ Lotece finalizado com sucesso e páginas preservadas!
✅ SUCESSO LOTECE! Atualizado para segunda-feira (20/04/2026).
From https://github.com/pauloperes83/palpitesjogodobicho-site
 * branch            main       -> FETCH_HEAD
Already up to date.
[main 0ee89bd] Auto Update Lotece 21/04/2026 Safe Mode
 3 files changed, 41 insertions(+), 27 deletions(-)
To https://github.com/pauloperes83/palpitesjogodobicho-site.git
   5494722..0ee89bd  main -> main
🛡️ Iniciando Blindagem para Lotece...
✅ Lotece finalizado com sucesso e páginas preservadas!
✅ SUCESSO LOTECE! Atualizado para terça-feira (21/04/2026).
From https://github.com/pauloperes83/palpitesjogodobicho-site
 * branch            main       -> FETCH_HEAD
Already up to date.
[main 7abbfa2] Auto Update Lotece 22/04/2026 Safe Mode
 3 files changed, 43 insertions(+), 29 deletions(-)
To https://github.com/pauloperes83/palpitesjogodobicho-site.git
   6e56193..7abbfa2  main -> main
🛡️ Iniciando Blindagem para Lotece...
✅ Lotece finalizado com sucesso e páginas preservadas!
✅ SUCESSO LOTECE! Atualizado para quarta-feira (22/04/2026).
From https://github.com/pauloperes83/palpitesjogodobicho-site
 * branch            main       -> FETCH_HEAD
Already up to date.
[main 231c927] Auto Update Lotece 23/04/2026 Safe Mode
 3 files changed, 42 insertions(+), 28 deletions(-)
To https://github.com/pauloperes83/palpitesjogodobicho-site.git
   20f924d..231c927  main -> main
🛡️ Iniciando Blindagem para Lotece...
✅ Lotece finalizado com sucesso e páginas preservadas!
✅ SUCESSO LOTECE! Atualizado para quinta-feira (23/04/2026).
From https://github.com/pauloperes83/palpitesjogodobicho-site
 * branch            main       -> FETCH_HEAD
   9b93416..4c9c336  main       -> origin/main
Updating 9b93416..4c9c336
Fast-forward
 images/favicon.webp | Bin 10666 -> 0 bytes
 1 file changed, 0 insertions(+), 0 deletions(-)
 delete mode 100644 images/favicon.webp
[main bcc403d] Auto Update Lotece 24/04/2026 Safe Mode
 3 files changed, 48 insertions(+), 29 deletions(-)
To https://github.com/pauloperes83/palpitesjogodobicho-site.git
   4c9c336..bcc403d  main -> main
🛡️ Iniciando Blindagem para Lotece...
✅ Lotece finalizado com sucesso e páginas preservadas!
✅ SUCESSO LOTECE! Atualizado para sexta-feira (24/04/2026).
From https://github.com/pauloperes83/palpitesjogodobicho-site
 * branch            main       -> FETCH_HEAD
Already up to date.
[main 2ebf28b] Auto Update Lotece 25/04/2026 Safe Mode
 3 files changed, 42 insertions(+), 28 deletions(-)
To https://github.com/pauloperes83/palpitesjogodobicho-site.git
   c6a0cf5..2ebf28b  main -> main
🛡️ Iniciando Blindagem para Lotece...
✅ Lotece finalizado com sucesso e páginas preservadas!
✅ SUCESSO LOTECE! Atualizado para sábado (25/04/2026).
From https://github.com/pauloperes83/palpitesjogodobicho-site
 * branch            main       -> FETCH_HEAD
   d492f6c..7889d81  main       -> origin/main
Updating d492f6c..7889d81
Fast-forward
 aguiaprime.html | 371 ++++++++++++++++++++++++++++++++++++++++++++++++++++++++
 1 file changed, 371 insertions(+)
 create mode 100644 aguiaprime.html
[main 1044687] Auto Update Lotece 26/04/2026 Safe Mode
 3 files changed, 46 insertions(+), 27 deletions(-)
To https://github.com/pauloperes83/palpitesjogodobicho-site.git
   7889d81..1044687  main -> main
🛡️ Iniciando Blindagem para Lotece...
✅ Lotece finalizado com sucesso e páginas preservadas!
✅ SUCESSO LOTECE! Atualizado para domingo (26/04/2026).
From https://github.com/pauloperes83/palpitesjogodobicho-site
 * branch            main       -> FETCH_HEAD
Already up to date.
[main bd1e772] Auto Update Lotece 27/04/2026 Safe Mode
 3 files changed, 43 insertions(+), 29 deletions(-)
To https://github.com/pauloperes83/palpitesjogodobicho-site.git
   825301f..bd1e772  main -> main
🛡️ Iniciando Blindagem para Lotece...
✅ Lotece finalizado com sucesso e páginas preservadas!
✅ SUCESSO LOTECE! Atualizado para segunda-feira (27/04/2026).
From https://github.com/pauloperes83/palpitesjogodobicho-site
 * branch            main       -> FETCH_HEAD
   5822bab..c90c7b5  main       -> origin/main
Updating 5822bab..c90c7b5
Fast-forward
 aguiaprime.html | 75 +++++++++++++++++++++++++++++++++++++++++++++++++++++----
 1 file changed, 70 insertions(+), 5 deletions(-)
[main d0ade40] Auto Update Lotece 28/04/2026 Safe Mode
 3 files changed, 45 insertions(+), 27 deletions(-)
To https://github.com/pauloperes83/palpitesjogodobicho-site.git
   c90c7b5..d0ade40  main -> main
🛡️ Iniciando Blindagem para Lotece...
✅ Lotece finalizado com sucesso e páginas preservadas!
✅ SUCESSO LOTECE! Atualizado para terça-feira (28/04/2026).
From https://github.com/pauloperes83/palpitesjogodobicho-site
 * branch            main       -> FETCH_HEAD
   33281a9..eae3667  main       -> origin/main
Updating 33281a9..eae3667
Fast-forward
 aguiaprime.html | 2 +-
 1 file changed, 1 insertion(+), 1 deletion(-)
[main 0d5ab72] Auto Update Lotece 29/04/2026 Safe Mode
 3 files changed, 47 insertions(+), 29 deletions(-)
To https://github.com/pauloperes83/palpitesjogodobicho-site.git
   eae3667..0d5ab72  main -> main
🛡️ Iniciando Blindagem para Lotece...
✅ Lotece finalizado com sucesso e páginas preservadas!
✅ SUCESSO LOTECE! Atualizado para quarta-feira (29/04/2026).
From https://github.com/pauloperes83/palpitesjogodobicho-site
 * branch            main       -> FETCH_HEAD
Already up to date.
[main 9cd682c] Auto Update Lotece 30/04/2026 Safe Mode
 3 files changed, 42 insertions(+), 28 deletions(-)
To https://github.com/pauloperes83/palpitesjogodobicho-site.git
   9a1f057..9cd682c  main -> main
🛡️ Iniciando Blindagem para Lotece...
✅ Lotece finalizado com sucesso e páginas preservadas!
✅ SUCESSO LOTECE! Atualizado para quinta-feira (30/04/2026).
From https://github.com/pauloperes83/palpitesjogodobicho-site
 * branch            main       -> FETCH_HEAD
Already up to date.
[main bdb926f] Auto Update Lotece 01/05/2026 Safe Mode
 3 files changed, 43 insertions(+), 29 deletions(-)
To https://github.com/pauloperes83/palpitesjogodobicho-site.git
   0c7a60d..bdb926f  main -> main
🛡️ Iniciando Blindagem para Lotece...
✅ Lotece finalizado com sucesso e páginas preservadas!
✅ SUCESSO LOTECE! Atualizado para sexta-feira (01/05/2026).
From https://github.com/pauloperes83/palpitesjogodobicho-site
 * branch            main       -> FETCH_HEAD
   29cc272..67bb8c5  main       -> origin/main
Updating 29cc272..67bb8c5
Fast-forward
 aguia_prime.html | 501 +++++++++++++++++++++++++++++++++++++++++++++++++++++++
 1 file changed, 501 insertions(+)
 create mode 100644 aguia_prime.html
[main 07abe06] Auto Update Lotece 02/05/2026 Safe Mode
 3 files changed, 48 insertions(+), 29 deletions(-)
To https://github.com/pauloperes83/palpitesjogodobicho-site.git
   67bb8c5..07abe06  main -> main
🛡️ Iniciando Blindagem para Lotece...
✅ Lotece finalizado com sucesso e páginas preservadas!
✅ SUCESSO LOTECE! Atualizado para sábado (02/05/2026).
From https://github.com/pauloperes83/palpitesjogodobicho-site
 * branch            main       -> FETCH_HEAD
Already up to date.
[main 20d4e83] Auto Update Lotece 03/05/2026 Safe Mode
 3 files changed, 43 insertions(+), 29 deletions(-)
To https://github.com/pauloperes83/palpitesjogodobicho-site.git
   6817e84..20d4e83  main -> main
🛡️ Iniciando Blindagem para Lotece...
✅ Lotece finalizado com sucesso e páginas preservadas!
✅ SUCESSO LOTECE! Atualizado para domingo (03/05/2026).
From https://github.com/pauloperes83/palpitesjogodobicho-site
 * branch            main       -> FETCH_HEAD
Already up to date.
[main 6c7d5c4] Auto Update Lotece 04/05/2026 Safe Mode
 3 files changed, 42 insertions(+), 28 deletions(-)
To https://github.com/pauloperes83/palpitesjogodobicho-site.git
   0f7557f..6c7d5c4  main -> main
🛡️ Iniciando Blindagem para Lotece...
✅ Lotece finalizado com sucesso e páginas preservadas!
✅ SUCESSO LOTECE! Atualizado para segunda-feira (04/05/2026).
From https://github.com/pauloperes83/palpitesjogodobicho-site
 * branch            main       -> FETCH_HEAD
Already up to date.
[main 3b52bae] Auto Update Lotece 05/05/2026 Safe Mode
 3 files changed, 43 insertions(+), 29 deletions(-)
To https://github.com/pauloperes83/palpitesjogodobicho-site.git
   7e6e424..3b52bae  main -> main
🛡️ Iniciando Blindagem para Lotece...
✅ Lotece finalizado com sucesso e páginas preservadas!
✅ SUCESSO LOTECE! Atualizado para terça-feira (05/05/2026).
From https://github.com/pauloperes83/palpitesjogodobicho-site
 * branch            main       -> FETCH_HEAD
Already up to date.
[main 12ecf48] Auto Update Lotece 06/05/2026 Safe Mode
 3 files changed, 43 insertions(+), 29 deletions(-)
To https://github.com/pauloperes83/palpitesjogodobicho-site.git
   54e9a0d..12ecf48  main -> main
🛡️ Iniciando Blindagem para Lotece...
✅ Lotece finalizado com sucesso e páginas preservadas!
✅ SUCESSO LOTECE! Atualizado para quarta-feira (06/05/2026).
From https://github.com/pauloperes83/palpitesjogodobicho-site
 * branch            main       -> FETCH_HEAD
Already up to date.
[main 0d64c9d] Auto Update Lotece 07/05/2026 Safe Mode
 3 files changed, 42 insertions(+), 28 deletions(-)
To https://github.com/pauloperes83/palpitesjogodobicho-site.git
   5d9b6b2..0d64c9d  main -> main
🛡️ Iniciando Blindagem para Lotece...
✅ Lotece finalizado com sucesso e páginas preservadas!
✅ SUCESSO LOTECE! Atualizado para quinta-feira (07/05/2026).
From https://github.com/pauloperes83/palpitesjogodobicho-site
 * branch            main       -> FETCH_HEAD
Already up to date.
[main c23a004] Auto Update Lotece 08/05/2026 Safe Mode
 3 files changed, 43 insertions(+), 29 deletions(-)
To https://github.com/pauloperes83/palpitesjogodobicho-site.git
   ad28bc1..c23a004  main -> main
🛡️ Iniciando Blindagem para Lotece...
✅ Lotece finalizado com sucesso e páginas preservadas!
✅ SUCESSO LOTECE! Atualizado para sexta-feira (08/05/2026).
From https://github.com/pauloperes83/palpitesjogodobicho-site
 * branch            main       -> FETCH_HEAD
   2af2f27..ca07474  main       -> origin/main
Updating 2af2f27..ca07474
Fast-forward
 aguia_prime.html | 637 ++++++++++++++++---------------------------------------
 1 file changed, 185 insertions(+), 452 deletions(-)
[main 7562832] Auto Update Lotece 09/05/2026 Safe Mode
 3 files changed, 47 insertions(+), 29 deletions(-)
To https://github.com/pauloperes83/palpitesjogodobicho-site.git
   ca07474..7562832  main -> main
🛡️ Iniciando Blindagem para Lotece...
✅ Lotece finalizado com sucesso e páginas preservadas!
✅ SUCESSO LOTECE! Atualizado para sábado (09/05/2026).
From https://github.com/pauloperes83/palpitesjogodobicho-site
 * branch            main       -> FETCH_HEAD
Already up to date.
[main 773429a] Auto Update Lotece 10/05/2026 Safe Mode
 3 files changed, 42 insertions(+), 28 deletions(-)
To https://github.com/pauloperes83/palpitesjogodobicho-site.git
   2891bd7..773429a  main -> main
🛡️ Iniciando Blindagem para Lotece...
✅ Lotece finalizado com sucesso e páginas preservadas!
✅ SUCESSO LOTECE! Atualizado para domingo (10/05/2026).
From https://github.com/pauloperes83/palpitesjogodobicho-site
 * branch            main       -> FETCH_HEAD
Already up to date.
[main f9ad1b9] Auto Update Lotece 11/05/2026 Safe Mode
 3 files changed, 42 insertions(+), 28 deletions(-)
To https://github.com/pauloperes83/palpitesjogodobicho-site.git
   72d3571..f9ad1b9  main -> main
🛡️ Iniciando Blindagem para Lotece...
✅ Lotece finalizado com sucesso e páginas preservadas!
✅ SUCESSO LOTECE! Atualizado para segunda-feira (11/05/2026).
From https://github.com/pauloperes83/palpitesjogodobicho-site
 * branch            main       -> FETCH_HEAD
Already up to date.
[main 80da094] Auto Update Lotece 12/05/2026 Safe Mode
 3 files changed, 40 insertions(+), 26 deletions(-)
To https://github.com/pauloperes83/palpitesjogodobicho-site.git
   2519d65..80da094  main -> main
🛡️ Iniciando Blindagem para Lotece...
✅ Lotece finalizado com sucesso e páginas preservadas!
✅ SUCESSO LOTECE! Atualizado para terça-feira (12/05/2026).
From https://github.com/pauloperes83/palpitesjogodobicho-site
 * branch            main       -> FETCH_HEAD
   95c9247..d297df7  main       -> origin/main
Updating 95c9247..d297df7
Fast-forward
 aguiaprime.html | 479 --------------------------------------------------------
 leads.html      | 187 ++++++++++++++++++++++
 2 files changed, 187 insertions(+), 479 deletions(-)
 delete mode 100644 aguiaprime.html
 create mode 100644 leads.html
[main f97bab6] Auto Update Lotece 13/05/2026 Safe Mode
 3 files changed, 49 insertions(+), 28 deletions(-)
To https://github.com/pauloperes83/palpitesjogodobicho-site.git
   d297df7..f97bab6  main -> main
🛡️ Iniciando Blindagem para Lotece...
✅ Lotece finalizado com sucesso e páginas preservadas!
✅ SUCESSO LOTECE! Atualizado para quarta-feira (13/05/2026).
From https://github.com/pauloperes83/palpitesjogodobicho-site
 * branch            main       -> FETCH_HEAD
Already up to date.
[main d6553e2] Auto Update Lotece 14/05/2026 Safe Mode
 3 files changed, 43 insertions(+), 29 deletions(-)
To https://github.com/pauloperes83/palpitesjogodobicho-site.git
   0bdd4b7..d6553e2  main -> main
🛡️ Iniciando Blindagem para Lotece...
✅ Lotece finalizado com sucesso e páginas preservadas!
✅ SUCESSO LOTECE! Atualizado para quinta-feira (14/05/2026).
From https://github.com/pauloperes83/palpitesjogodobicho-site
 * branch            main       -> FETCH_HEAD
Already up to date.
[main b310190] Auto Update Lotece 15/05/2026 Safe Mode
 3 files changed, 41 insertions(+), 27 deletions(-)
To https://github.com/pauloperes83/palpitesjogodobicho-site.git
   de0a062..b310190  main -> main
🛡️ Iniciando Blindagem para Lotece...
✅ Lotece finalizado com sucesso e páginas preservadas!
✅ SUCESSO LOTECE! Atualizado para sexta-feira (15/05/2026).
From https://github.com/pauloperes83/palpitesjogodobicho-site
 * branch            main       -> FETCH_HEAD
   3d01226..09052e2  main       -> origin/main
Updating 3d01226..09052e2
Fast-forward
 superbancas.html | 245 +++++++++++++++++++++++++++++++++++++++++++++++++++++++
 1 file changed, 245 insertions(+)
 create mode 100644 superbancas.html
[main 2d21988] Auto Update Lotece 16/05/2026 Safe Mode
 3 files changed, 46 insertions(+), 27 deletions(-)
To https://github.com/pauloperes83/palpitesjogodobicho-site.git
   09052e2..2d21988  main -> main
🛡️ Iniciando Blindagem para Lotece...
✅ Lotece finalizado com sucesso e páginas preservadas!
✅ SUCESSO LOTECE! Atualizado para sábado (16/05/2026).
From https://github.com/pauloperes83/palpitesjogodobicho-site
 * branch            main       -> FETCH_HEAD
   12142bb..c783e2f  main       -> origin/main
Updating 12142bb..c783e2f
Fast-forward
 leads.html | 2 +-
 1 file changed, 1 insertion(+), 1 deletion(-)
[main 4e14ddb] Auto Update Lotece 17/05/2026 Safe Mode
 3 files changed, 46 insertions(+), 28 deletions(-)
To https://github.com/pauloperes83/palpitesjogodobicho-site.git
   c783e2f..4e14ddb  main -> main
🛡️ Iniciando Blindagem para Lotece...
✅ Lotece finalizado com sucesso e páginas preservadas!
✅ SUCESSO LOTECE! Atualizado para domingo (17/05/2026).
From https://github.com/pauloperes83/palpitesjogodobicho-site
 * branch            main       -> FETCH_HEAD
   ecaa4d7..2604587  main       -> origin/main
Updating ecaa4d7..2604587
Fast-forward
 index.html | 3 ++-
 1 file changed, 2 insertions(+), 1 deletion(-)
[main c2d6eb3] Auto Update Lotece 18/05/2026 Safe Mode
 3 files changed, 47 insertions(+), 29 deletions(-)
To https://github.com/pauloperes83/palpitesjogodobicho-site.git
   2604587..c2d6eb3  main -> main
🛡️ Iniciando Blindagem para Lotece...
✅ Lotece finalizado com sucesso e páginas preservadas!
✅ SUCESSO LOTECE! Atualizado para segunda-feira (18/05/2026).
From https://github.com/pauloperes83/palpitesjogodobicho-site
 * branch            main       -> FETCH_HEAD
Already up to date.
[main 3439954] Auto Update Lotece 19/05/2026 Safe Mode
 3 files changed, 42 insertions(+), 28 deletions(-)
To https://github.com/pauloperes83/palpitesjogodobicho-site.git
   664ef38..3439954  main -> main
🛡️ Iniciando Blindagem para Lotece...
✅ Lotece finalizado com sucesso e páginas preservadas!
✅ SUCESSO LOTECE! Atualizado para terça-feira (19/05/2026).
From https://github.com/pauloperes83/palpitesjogodobicho-site
 * branch            main       -> FETCH_HEAD
Already up to date.
[main 009cb73] Auto Update Lotece 20/05/2026 Safe Mode
 3 files changed, 42 insertions(+), 28 deletions(-)
To https://github.com/pauloperes83/palpitesjogodobicho-site.git
   ae9d785..009cb73  main -> main
🛡️ Iniciando Blindagem para Lotece...
✅ Lotece finalizado com sucesso e páginas preservadas!
✅ SUCESSO LOTECE! Atualizado para quarta-feira (20/05/2026).
From https://github.com/pauloperes83/palpitesjogodobicho-site
 * branch            main       -> FETCH_HEAD
Already up to date.
[main cccf610] Auto Update Lotece 21/05/2026 Safe Mode
 3 files changed, 43 insertions(+), 29 deletions(-)
To https://github.com/pauloperes83/palpitesjogodobicho-site.git
   313ec62..cccf610  main -> main
🛡️ Iniciando Blindagem para Lotece...
✅ Lotece finalizado com sucesso e páginas preservadas!
✅ SUCESSO LOTECE! Atualizado para quinta-feira (21/05/2026).
From https://github.com/pauloperes83/palpitesjogodobicho-site
 * branch            main       -> FETCH_HEAD
   836588a..96db0e5  main       -> origin/main
Updating 836588a..96db0e5
Fast-forward
 aguia-compra.html | 489 ++++++++++++++++++++++++++++++++++++++++++++++++++++++
 index.html        |   1 +
 2 files changed, 490 insertions(+)
 create mode 100644 aguia-compra.html
[main 2780619] Auto Update Lotece 22/05/2026 Safe Mode
 3 files changed, 49 insertions(+), 29 deletions(-)
To https://github.com/pauloperes83/palpitesjogodobicho-site.git
   96db0e5..2780619  main -> main
🛡️ Iniciando Blindagem para Lotece...
✅ Lotece finalizado com sucesso e páginas preservadas!
✅ SUCESSO LOTECE! Atualizado para sexta-feira (22/05/2026).
From https://github.com/pauloperes83/palpitesjogodobicho-site
 * branch            main       -> FETCH_HEAD
Already up to date.
[main a2c550d] Auto Update Lotece 23/05/2026 Safe Mode
 3 files changed, 42 insertions(+), 28 deletions(-)
To https://github.com/pauloperes83/palpitesjogodobicho-site.git
   9f311be..a2c550d  main -> main
🛡️ Iniciando Blindagem para Lotece...
✅ Lotece finalizado com sucesso e páginas preservadas!
✅ SUCESSO LOTECE! Atualizado para sábado (23/05/2026).
From https://github.com/pauloperes83/palpitesjogodobicho-site
 * branch            main       -> FETCH_HEAD
Already up to date.
[main 1175f22] Auto Update Lotece 24/05/2026 Safe Mode
 3 files changed, 42 insertions(+), 28 deletions(-)
To https://github.com/pauloperes83/palpitesjogodobicho-site.git
   a99b28c..1175f22  main -> main
🛡️ Iniciando Blindagem para Lotece...
✅ Lotece finalizado com sucesso e páginas preservadas!
✅ SUCESSO LOTECE! Atualizado para domingo (24/05/2026).
From https://github.com/pauloperes83/palpitesjogodobicho-site
 * branch            main       -> FETCH_HEAD
Already up to date.
[main 55b75f7] Auto Update Lotece 25/05/2026 Safe Mode
 3 files changed, 42 insertions(+), 28 deletions(-)
To https://github.com/pauloperes83/palpitesjogodobicho-site.git
   b09a893..55b75f7  main -> main
🛡️ Iniciando Blindagem para Lotece...
✅ Lotece finalizado com sucesso e páginas preservadas!
✅ SUCESSO LOTECE! Atualizado para segunda-feira (25/05/2026).
From https://github.com/pauloperes83/palpitesjogodobicho-site
 * branch            main       -> FETCH_HEAD
Already up to date.
[main 2a85f1c] Auto Update Lotece 26/05/2026 Safe Mode
 3 files changed, 42 insertions(+), 28 deletions(-)
To https://github.com/pauloperes83/palpitesjogodobicho-site.git
   f6586aa..2a85f1c  main -> main
🛡️ Iniciando Blindagem para Lotece...
✅ Lotece finalizado com sucesso e páginas preservadas!
✅ SUCESSO LOTECE! Atualizado para terça-feira (26/05/2026).
From https://github.com/pauloperes83/palpitesjogodobicho-site
 * branch            main       -> FETCH_HEAD
Already up to date.
[main 0115a5f] Auto Update Lotece 27/05/2026 Safe Mode
 3 files changed, 43 insertions(+), 29 deletions(-)
To https://github.com/pauloperes83/palpitesjogodobicho-site.git
   78efe6f..0115a5f  main -> main
🛡️ Iniciando Blindagem para Lotece...
✅ Lotece finalizado com sucesso e páginas preservadas!
✅ SUCESSO LOTECE! Atualizado para quarta-feira (27/05/2026).
From https://github.com/pauloperes83/palpitesjogodobicho-site
 * branch            main       -> FETCH_HEAD
Already up to date.
[main 4da8795] Auto Update Lotece 28/05/2026 Safe Mode
 3 files changed, 42 insertions(+), 28 deletions(-)
To https://github.com/pauloperes83/palpitesjogodobicho-site.git
   b115c31..4da8795  main -> main
🛡️ Iniciando Blindagem para Lotece...
✅ Lotece finalizado com sucesso e páginas preservadas!
✅ SUCESSO LOTECE! Atualizado para quinta-feira (28/05/2026).
From https://github.com/pauloperes83/palpitesjogodobicho-site
 * branch            main       -> FETCH_HEAD
Already up to date.
[main 20c9529] Auto Update Lotece 29/05/2026 Safe Mode
 3 files changed, 43 insertions(+), 29 deletions(-)
To https://github.com/pauloperes83/palpitesjogodobicho-site.git
   db4fb82..20c9529  main -> main
🛡️ Iniciando Blindagem para Lotece...
✅ Lotece finalizado com sucesso e páginas preservadas!
✅ SUCESSO LOTECE! Atualizado para sexta-feira (29/05/2026).
From https://github.com/pauloperes83/palpitesjogodobicho-site
 * branch            main       -> FETCH_HEAD
Already up to date.
[main 96ac214] Auto Update Lotece 30/05/2026 Safe Mode
 3 files changed, 42 insertions(+), 28 deletions(-)
To https://github.com/pauloperes83/palpitesjogodobicho-site.git
   a379558..96ac214  main -> main
🛡️ Iniciando Blindagem para Lotece...
✅ Lotece finalizado com sucesso e páginas preservadas!
✅ SUCESSO LOTECE! Atualizado para sábado (30/05/2026).
From https://github.com/pauloperes83/palpitesjogodobicho-site
 * branch            main       -> FETCH_HEAD
Already up to date.
[main 842c63d] Auto Update Lotece 31/05/2026 Safe Mode
 3 files changed, 42 insertions(+), 28 deletions(-)
To https://github.com/pauloperes83/palpitesjogodobicho-site.git
   ce2575d..842c63d  main -> main
🛡️ Iniciando Blindagem para Lotece...
✅ Lotece finalizado com sucesso e páginas preservadas!
✅ SUCESSO LOTECE! Atualizado para domingo (31/05/2026).
From https://github.com/pauloperes83/palpitesjogodobicho-site
 * branch            main       -> FETCH_HEAD
Already up to date.
[main e75f18e] Auto Update Lotece 01/06/2026 Safe Mode
 3 files changed, 41 insertions(+), 27 deletions(-)
To https://github.com/pauloperes83/palpitesjogodobicho-site.git
   1511b97..e75f18e  main -> main
🛡️ Iniciando Blindagem para Lotece...
✅ Lotece finalizado com sucesso e páginas preservadas!
✅ SUCESSO LOTECE! Atualizado para segunda-feira (01/06/2026).
From https://github.com/pauloperes83/palpitesjogodobicho-site
 * branch            main       -> FETCH_HEAD
Already up to date.
[main 339f640] Auto Update Lotece 02/06/2026 Safe Mode
 3 files changed, 42 insertions(+), 28 deletions(-)
To https://github.com/pauloperes83/palpitesjogodobicho-site.git
   beb97ea..339f640  main -> main
🛡️ Iniciando Blindagem para Lotece...
✅ Lotece finalizado com sucesso e páginas preservadas!
✅ SUCESSO LOTECE! Atualizado para terça-feira (02/06/2026).
From https://github.com/pauloperes83/palpitesjogodobicho-site
 * branch            main       -> FETCH_HEAD
Already up to date.
[main 1355b9b] Auto Update Lotece 03/06/2026 Safe Mode
 3 files changed, 42 insertions(+), 28 deletions(-)
To https://github.com/pauloperes83/palpitesjogodobicho-site.git
   2fb8ce4..1355b9b  main -> main
🛡️ Iniciando Blindagem para Lotece...
✅ Lotece finalizado com sucesso e páginas preservadas!
✅ SUCESSO LOTECE! Atualizado para quarta-feira (03/06/2026).
From https://github.com/pauloperes83/palpitesjogodobicho-site
 * branch            main       -> FETCH_HEAD
Already up to date.
[main 81c1c5c] Auto Update Lotece 04/06/2026 Safe Mode
 3 files changed, 43 insertions(+), 29 deletions(-)
To https://github.com/pauloperes83/palpitesjogodobicho-site.git
   1d240c4..81c1c5c  main -> main
🛡️ Iniciando Blindagem para Lotece...
✅ Lotece finalizado com sucesso e páginas preservadas!
✅ SUCESSO LOTECE! Atualizado para quinta-feira (04/06/2026).
From https://github.com/pauloperes83/palpitesjogodobicho-site
 * branch            main       -> FETCH_HEAD
Already up to date.
[main 424454d] Auto Update Lotece 05/06/2026 Safe Mode
 3 files changed, 42 insertions(+), 28 deletions(-)
To https://github.com/pauloperes83/palpitesjogodobicho-site.git
   2bf35b9..424454d  main -> main
🛡️ Iniciando Blindagem para Lotece...
✅ Lotece finalizado com sucesso e páginas preservadas!
✅ SUCESSO LOTECE! Atualizado para sexta-feira (05/06/2026).
From https://github.com/pauloperes83/palpitesjogodobicho-site
 * branch            main       -> FETCH_HEAD
Already up to date.
[main 56e7b2a] Auto Update Lotece 06/06/2026 Safe Mode
 3 files changed, 42 insertions(+), 28 deletions(-)
To https://github.com/pauloperes83/palpitesjogodobicho-site.git
   048eb03..56e7b2a  main -> main
🛡️ Iniciando Blindagem para Lotece...
✅ Lotece finalizado com sucesso e páginas preservadas!
✅ SUCESSO LOTECE! Atualizado para sábado (06/06/2026).
From https://github.com/pauloperes83/palpitesjogodobicho-site
 * branch            main       -> FETCH_HEAD
Already up to date.
[main 923e104] Auto Update Lotece 07/06/2026 Safe Mode
 3 files changed, 42 insertions(+), 28 deletions(-)
To https://github.com/pauloperes83/palpitesjogodobicho-site.git
   7c8f637..923e104  main -> main
🛡️ Iniciando Blindagem para Lotece...
✅ Lotece finalizado com sucesso e páginas preservadas!
✅ SUCESSO LOTECE! Atualizado para domingo (07/06/2026).
From https://github.com/pauloperes83/palpitesjogodobicho-site
 * branch            main       -> FETCH_HEAD
Already up to date.
[main 9a34536] Auto Update Lotece 08/06/2026 Safe Mode
 3 files changed, 42 insertions(+), 28 deletions(-)
To https://github.com/pauloperes83/palpitesjogodobicho-site.git
   fc13ba3..9a34536  main -> main
🛡️ Iniciando Blindagem para Lotece...
✅ Lotece finalizado com sucesso e páginas preservadas!
✅ SUCESSO LOTECE! Atualizado para segunda-feira (08/06/2026).
From https://github.com/pauloperes83/palpitesjogodobicho-site
 * branch            main       -> FETCH_HEAD
Already up to date.
[main 5fc1774] Auto Update Lotece 09/06/2026 Safe Mode
 3 files changed, 42 insertions(+), 28 deletions(-)
To https://github.com/pauloperes83/palpitesjogodobicho-site.git
   54f3203..5fc1774  main -> main
🛡️ Iniciando Blindagem para Lotece...
✅ Lotece finalizado com sucesso e páginas preservadas!
✅ SUCESSO LOTECE! Atualizado para terça-feira (09/06/2026).
From https://github.com/pauloperes83/palpitesjogodobicho-site
 * branch            main       -> FETCH_HEAD
Already up to date.
[main 91a4645] Auto Update Lotece 10/06/2026 Safe Mode
 3 files changed, 42 insertions(+), 28 deletions(-)
To https://github.com/pauloperes83/palpitesjogodobicho-site.git
   d34bf8d..91a4645  main -> main
🛡️ Iniciando Blindagem para Lotece...
✅ Lotece finalizado com sucesso e páginas preservadas!
✅ SUCESSO LOTECE! Atualizado para quarta-feira (10/06/2026).
From https://github.com/pauloperes83/palpitesjogodobicho-site
 * branch            main       -> FETCH_HEAD
Already up to date.
[main 86e5098] Auto Update Lotece 11/06/2026 Safe Mode
 3 files changed, 43 insertions(+), 29 deletions(-)
To https://github.com/pauloperes83/palpitesjogodobicho-site.git
   c7816d8..86e5098  main -> main
🛡️ Iniciando Blindagem para Lotece...
✅ Lotece finalizado com sucesso e páginas preservadas!
✅ SUCESSO LOTECE! Atualizado para quinta-feira (11/06/2026).
From https://github.com/pauloperes83/palpitesjogodobicho-site
 * branch            main       -> FETCH_HEAD
Already up to date.
[main 25477d4] Auto Update Lotece 12/06/2026 Safe Mode
 3 files changed, 41 insertions(+), 27 deletions(-)
To https://github.com/pauloperes83/palpitesjogodobicho-site.git
   8e6eac8..25477d4  main -> main
🛡️ Iniciando Blindagem para Lotece...
✅ Lotece finalizado com sucesso e páginas preservadas!
✅ SUCESSO LOTECE! Atualizado para sexta-feira (12/06/2026).
From https://github.com/pauloperes83/palpitesjogodobicho-site
 * branch            main       -> FETCH_HEAD
Already up to date.
[main f47a8fb] Auto Update Lotece 13/06/2026 Safe Mode
 3 files changed, 42 insertions(+), 28 deletions(-)
To https://github.com/pauloperes83/palpitesjogodobicho-site.git
   b6fc677..f47a8fb  main -> main
🛡️ Iniciando Blindagem para Lotece...
✅ Lotece finalizado com sucesso e páginas preservadas!
✅ SUCESSO LOTECE! Atualizado para sábado (13/06/2026).
From https://github.com/pauloperes83/palpitesjogodobicho-site
 * branch            main       -> FETCH_HEAD
Already up to date.
[main 40f4c39] Auto Update Lotece 14/06/2026 Safe Mode
 3 files changed, 41 insertions(+), 27 deletions(-)
To https://github.com/pauloperes83/palpitesjogodobicho-site.git
   469cc56..40f4c39  main -> main
🛡️ Iniciando Blindagem para Lotece...
✅ Lotece finalizado com sucesso e páginas preservadas!
✅ SUCESSO LOTECE! Atualizado para domingo (14/06/2026).
From https://github.com/pauloperes83/palpitesjogodobicho-site
 * branch            main       -> FETCH_HEAD
Already up to date.
[main 1e47af2] Auto Update Lotece 15/06/2026 Safe Mode
 3 files changed, 42 insertions(+), 28 deletions(-)
To https://github.com/pauloperes83/palpitesjogodobicho-site.git
   f08179e..1e47af2  main -> main
🛡️ Iniciando Blindagem para Lotece...
✅ Lotece finalizado com sucesso e páginas preservadas!
✅ SUCESSO LOTECE! Atualizado para segunda-feira (15/06/2026).
From https://github.com/pauloperes83/palpitesjogodobicho-site
 * branch            main       -> FETCH_HEAD
Already up to date.
[main 650f0a5] Auto Update Lotece 16/06/2026 Safe Mode
 3 files changed, 43 insertions(+), 29 deletions(-)
To https://github.com/pauloperes83/palpitesjogodobicho-site.git
   6d16039..650f0a5  main -> main
🛡️ Iniciando Blindagem para Lotece...
✅ Lotece finalizado com sucesso e páginas preservadas!
✅ SUCESSO LOTECE! Atualizado para terça-feira (16/06/2026).
From https://github.com/pauloperes83/palpitesjogodobicho-site
 * branch            main       -> FETCH_HEAD
Already up to date.
[main 5f8b704] Auto Update Lotece 17/06/2026 Safe Mode
 3 files changed, 42 insertions(+), 28 deletions(-)
To https://github.com/pauloperes83/palpitesjogodobicho-site.git
   7caad72..5f8b704  main -> main
🛡️ Iniciando Blindagem para Lotece...
✅ Lotece finalizado com sucesso e páginas preservadas!
✅ SUCESSO LOTECE! Atualizado para quarta-feira (17/06/2026).
From https://github.com/pauloperes83/palpitesjogodobicho-site
 * branch            main       -> FETCH_HEAD
Already up to date.
[main d30c332] Auto Update Lotece 18/06/2026 Safe Mode
 3 files changed, 42 insertions(+), 28 deletions(-)
To https://github.com/pauloperes83/palpitesjogodobicho-site.git
   4f0f9ef..d30c332  main -> main
🛡️ Iniciando Blindagem para Lotece...
✅ Lotece finalizado com sucesso e páginas preservadas!
✅ SUCESSO LOTECE! Atualizado para quinta-feira (18/06/2026).
From https://github.com/pauloperes83/palpitesjogodobicho-site
 * branch            main       -> FETCH_HEAD
Already up to date.
[main bf6f54b] Auto Update Lotece 19/06/2026 Safe Mode
 3 files changed, 43 insertions(+), 29 deletions(-)
To https://github.com/pauloperes83/palpitesjogodobicho-site.git
   5ed818e..bf6f54b  main -> main
🛡️ Iniciando Blindagem para Lotece...
✅ Lotece finalizado com sucesso e páginas preservadas!
✅ SUCESSO LOTECE! Atualizado para sexta-feira (19/06/2026).
From https://github.com/pauloperes83/palpitesjogodobicho-site
 * branch            main       -> FETCH_HEAD
Already up to date.
[main d8c7a86] Auto Update Lotece 20/06/2026 Safe Mode
 3 files changed, 42 insertions(+), 28 deletions(-)
To https://github.com/pauloperes83/palpitesjogodobicho-site.git
   30534c5..d8c7a86  main -> main
🛡️ Iniciando Blindagem para Lotece...
✅ Lotece finalizado com sucesso e páginas preservadas!
✅ SUCESSO LOTECE! Atualizado para sábado (20/06/2026).
From https://github.com/pauloperes83/palpitesjogodobicho-site
 * branch            main       -> FETCH_HEAD
Already up to date.
[main 9d120cf] Auto Update Lotece 21/06/2026 Safe Mode
 3 files changed, 42 insertions(+), 28 deletions(-)
To https://github.com/pauloperes83/palpitesjogodobicho-site.git
   56f168f..9d120cf  main -> main
🛡️ Iniciando Blindagem para Lotece...
✅ Lotece finalizado com sucesso e páginas preservadas!
✅ SUCESSO LOTECE! Atualizado para domingo (21/06/2026).
From https://github.com/pauloperes83/palpitesjogodobicho-site
 * branch            main       -> FETCH_HEAD
Already up to date.
[main 7296934] Auto Update Lotece 22/06/2026 Safe Mode
 3 files changed, 41 insertions(+), 27 deletions(-)
To https://github.com/pauloperes83/palpitesjogodobicho-site.git
   b64410d..7296934  main -> main
🛡️ Iniciando Blindagem para Lotece...
✅ Lotece finalizado com sucesso e páginas preservadas!
✅ SUCESSO LOTECE! Atualizado para segunda-feira (22/06/2026).
From https://github.com/pauloperes83/palpitesjogodobicho-site
 * branch            main       -> FETCH_HEAD
Already up to date.
[main b8d6ed6] Auto Update Lotece 23/06/2026 Safe Mode
 3 files changed, 42 insertions(+), 28 deletions(-)
To https://github.com/pauloperes83/palpitesjogodobicho-site.git
   e2b2f3b..b8d6ed6  main -> main
🛡️ Iniciando Blindagem para Lotece...
✅ Lotece finalizado com sucesso e páginas preservadas!
✅ SUCESSO LOTECE! Atualizado para terça-feira (23/06/2026).
From https://github.com/pauloperes83/palpitesjogodobicho-site
 * branch            main       -> FETCH_HEAD
Already up to date.
[main f43503d] Auto Update Lotece 24/06/2026 Safe Mode
 3 files changed, 42 insertions(+), 28 deletions(-)
To https://github.com/pauloperes83/palpitesjogodobicho-site.git
   2a607b6..f43503d  main -> main
🛡️ Iniciando Blindagem para Lotece...
✅ Lotece finalizado com sucesso e páginas preservadas!
✅ SUCESSO LOTECE! Atualizado para quarta-feira (24/06/2026).
From https://github.com/pauloperes83/palpitesjogodobicho-site
 * branch            main       -> FETCH_HEAD
Already up to date.
[main eb3bf7b] Auto Update Lotece 25/06/2026 Safe Mode
 3 files changed, 42 insertions(+), 28 deletions(-)
To https://github.com/pauloperes83/palpitesjogodobicho-site.git
   45dc758..eb3bf7b  main -> main
🛡️ Iniciando Blindagem para Lotece...
✅ Lotece finalizado com sucesso e páginas preservadas!
✅ SUCESSO LOTECE! Atualizado para quinta-feira (25/06/2026).
From https://github.com/pauloperes83/palpitesjogodobicho-site
 * branch            main       -> FETCH_HEAD
Already up to date.
[main afc58e8] Auto Update Lotece 26/06/2026 Safe Mode
 3 files changed, 43 insertions(+), 29 deletions(-)
To https://github.com/pauloperes83/palpitesjogodobicho-site.git
   a8121a8..afc58e8  main -> main
🛡️ Iniciando Blindagem para Lotece...
✅ Lotece finalizado com sucesso e páginas preservadas!
✅ SUCESSO LOTECE! Atualizado para sexta-feira (26/06/2026).
From https://github.com/pauloperes83/palpitesjogodobicho-site
 * branch            main       -> FETCH_HEAD
Already up to date.
[main 98eef38] Auto Update Lotece 27/06/2026 Safe Mode
 3 files changed, 40 insertions(+), 26 deletions(-)
To https://github.com/pauloperes83/palpitesjogodobicho-site.git
   0f29488..98eef38  main -> main
🛡️ Iniciando Blindagem para Lotece...
✅ Lotece finalizado com sucesso e páginas preservadas!
✅ SUCESSO LOTECE! Atualizado para sábado (27/06/2026).
From https://github.com/pauloperes83/palpitesjogodobicho-site
 * branch            main       -> FETCH_HEAD
Already up to date.
[main e76cb8e] Auto Update Lotece 28/06/2026 Safe Mode
 3 files changed, 38 insertions(+), 24 deletions(-)
To https://github.com/pauloperes83/palpitesjogodobicho-site.git
   8abc06f..e76cb8e  main -> main
🛡️ Iniciando Blindagem para Lotece...
✅ Lotece finalizado com sucesso e páginas preservadas!
✅ SUCESSO LOTECE! Atualizado para domingo (28/06/2026).
From https://github.com/pauloperes83/palpitesjogodobicho-site
 * branch            main       -> FETCH_HEAD
Already up to date.
[main 13da995] Auto Update Lotece 29/06/2026 Safe Mode
 3 files changed, 42 insertions(+), 28 deletions(-)
To https://github.com/pauloperes83/palpitesjogodobicho-site.git
   c9126d1..13da995  main -> main
🛡️ Iniciando Blindagem para Lotece...
✅ Lotece finalizado com sucesso e páginas preservadas!
✅ SUCESSO LOTECE! Atualizado para segunda-feira (29/06/2026).
From https://github.com/pauloperes83/palpitesjogodobicho-site
 * branch            main       -> FETCH_HEAD
   2078ff0..60c7a90  main       -> origin/main
Updating 2078ff0..60c7a90
Fast-forward
 aguia_prime.html | 16 ++++------------
 1 file changed, 4 insertions(+), 12 deletions(-)
[main cd6508d] Auto Update Lotece 30/06/2026 Safe Mode
 3 files changed, 46 insertions(+), 28 deletions(-)
To https://github.com/pauloperes83/palpitesjogodobicho-site.git
   60c7a90..cd6508d  main -> main
🛡️ Iniciando Blindagem para Lotece...
✅ Lotece finalizado com sucesso e páginas preservadas!
✅ SUCESSO LOTECE! Atualizado para terça-feira (30/06/2026).
From https://github.com/pauloperes83/palpitesjogodobicho-site
 * branch            main       -> FETCH_HEAD
Already up to date.
[main e184038] Auto Update Lotece 01/07/2026 Safe Mode
 3 files changed, 42 insertions(+), 28 deletions(-)
To https://github.com/pauloperes83/palpitesjogodobicho-site.git
   234027c..e184038  main -> main
🛡️ Iniciando Blindagem para Lotece...
✅ Lotece finalizado com sucesso e páginas preservadas!
✅ SUCESSO LOTECE! Atualizado para quarta-feira (01/07/2026).
From https://github.com/pauloperes83/palpitesjogodobicho-site
 * branch            main       -> FETCH_HEAD
Already up to date.
[main d0e4afc] Auto Update Lotece 02/07/2026 Safe Mode
 3 files changed, 43 insertions(+), 29 deletions(-)
To https://github.com/pauloperes83/palpitesjogodobicho-site.git
   d29e9b6..d0e4afc  main -> main
🛡️ Iniciando Blindagem para Lotece...
✅ Lotece finalizado com sucesso e páginas preservadas!
✅ SUCESSO LOTECE! Atualizado para quinta-feira (02/07/2026).
From https://github.com/pauloperes83/palpitesjogodobicho-site
 * branch            main       -> FETCH_HEAD
Already up to date.
[main 7e9c2dd] Auto Update Lotece 03/07/2026 Safe Mode
 3 files changed, 43 insertions(+), 29 deletions(-)
To https://github.com/pauloperes83/palpitesjogodobicho-site.git
   45617cb..7e9c2dd  main -> main
🛡️ Iniciando Blindagem para Lotece...
✅ Lotece finalizado com sucesso e páginas preservadas!
✅ SUCESSO LOTECE! Atualizado para sexta-feira (03/07/2026).
From https://github.com/pauloperes83/palpitesjogodobicho-site
 * branch            main       -> FETCH_HEAD
Already up to date.
[main 78745a6] Auto Update Lotece 04/07/2026 Safe Mode
 3 files changed, 42 insertions(+), 28 deletions(-)
To https://github.com/pauloperes83/palpitesjogodobicho-site.git
   09bd394..78745a6  main -> main
🛡️ Iniciando Blindagem para Lotece...
✅ Lotece finalizado com sucesso e páginas preservadas!
✅ SUCESSO LOTECE! Atualizado para sábado (04/07/2026).
From https://github.com/pauloperes83/palpitesjogodobicho-site
 * branch            main       -> FETCH_HEAD
Already up to date.
[main 4ce96d6] Auto Update Lotece 05/07/2026 Safe Mode
 3 files changed, 43 insertions(+), 29 deletions(-)
To https://github.com/pauloperes83/palpitesjogodobicho-site.git
   593d572..4ce96d6  main -> main
🛡️ Iniciando Blindagem para Lotece...
✅ Lotece finalizado com sucesso e páginas preservadas!
✅ SUCESSO LOTECE! Atualizado para domingo (05/07/2026).
From https://github.com/pauloperes83/palpitesjogodobicho-site
 * branch            main       -> FETCH_HEAD
Already up to date.
[main 8adc4d8] Auto Update Lotece 06/07/2026 Safe Mode
 3 files changed, 41 insertions(+), 27 deletions(-)
To https://github.com/pauloperes83/palpitesjogodobicho-site.git
   e1c420f..8adc4d8  main -> main
🛡️ Iniciando Blindagem para Lotece...
✅ Lotece finalizado com sucesso e páginas preservadas!
✅ SUCESSO LOTECE! Atualizado para segunda-feira (06/07/2026).
From https://github.com/pauloperes83/palpitesjogodobicho-site
 * branch            main       -> FETCH_HEAD
Already up to date.
[main 76ef67d] Auto Update Lotece 07/07/2026 Safe Mode
 3 files changed, 42 insertions(+), 28 deletions(-)
To https://github.com/pauloperes83/palpitesjogodobicho-site.git
   c3c4fe3..76ef67d  main -> main
🛡️ Iniciando Blindagem para Lotece...
✅ Lotece finalizado com sucesso e páginas preservadas!
✅ SUCESSO LOTECE! Atualizado para terça-feira (07/07/2026).
From https://github.com/pauloperes83/palpitesjogodobicho-site
 * branch            main       -> FETCH_HEAD
Already up to date.
[main bb62c5e] Auto Update Lotece 08/07/2026 Safe Mode
 3 files changed, 42 insertions(+), 28 deletions(-)
To https://github.com/pauloperes83/palpitesjogodobicho-site.git
   1c5da32..bb62c5e  main -> main
🛡️ Iniciando Blindagem para Lotece...
✅ Lotece finalizado com sucesso e páginas preservadas!
✅ SUCESSO LOTECE! Atualizado para quarta-feira (08/07/2026).
From https://github.com/pauloperes83/palpitesjogodobicho-site
 * branch            main       -> FETCH_HEAD
Already up to date.
[main 10cd64a] Auto Update Lotece 09/07/2026 Safe Mode
 3 files changed, 41 insertions(+), 27 deletions(-)
To https://github.com/pauloperes83/palpitesjogodobicho-site.git
   fe05010..10cd64a  main -> main
🛡️ Iniciando Blindagem para Lotece...
✅ Lotece finalizado com sucesso e páginas preservadas!
✅ SUCESSO LOTECE! Atualizado para quinta-feira (09/07/2026).
From https://github.com/pauloperes83/palpitesjogodobicho-site
 * branch            main       -> FETCH_HEAD
Already up to date.
[main 7ea0f00] Auto Update Lotece 10/07/2026 Safe Mode
 3 files changed, 42 insertions(+), 28 deletions(-)
To https://github.com/pauloperes83/palpitesjogodobicho-site.git
   f1698a6..7ea0f00  main -> main
🛡️ Iniciando Blindagem para Lotece...
✅ Lotece finalizado com sucesso e páginas preservadas!
✅ SUCESSO LOTECE! Atualizado para sexta-feira (10/07/2026).
From https://github.com/pauloperes83/palpitesjogodobicho-site
 * branch            main       -> FETCH_HEAD
Already up to date.
[main 9d64107] Auto Update Lotece 11/07/2026 Safe Mode
 3 files changed, 41 insertions(+), 27 deletions(-)
To https://github.com/pauloperes83/palpitesjogodobicho-site.git
   449427c..9d64107  main -> main
🛡️ Iniciando Blindagem para Lotece...
✅ Lotece finalizado com sucesso e páginas preservadas!
✅ SUCESSO LOTECE! Atualizado para sábado (11/07/2026).
From https://github.com/pauloperes83/palpitesjogodobicho-site
 * branch            main       -> FETCH_HEAD
Already up to date.
[main 807ead9] Auto Update Lotece 12/07/2026 Safe Mode
 3 files changed, 41 insertions(+), 27 deletions(-)
To https://github.com/pauloperes83/palpitesjogodobicho-site.git
   6133fe9..807ead9  main -> main
🛡️ Iniciando Blindagem para Lotece...
✅ Lotece finalizado com sucesso e páginas preservadas!
✅ SUCESSO LOTECE! Atualizado para domingo (12/07/2026).
From https://github.com/pauloperes83/palpitesjogodobicho-site
 * branch            main       -> FETCH_HEAD
Already up to date.
[main 306dd11] Auto Update Lotece 13/07/2026 Safe Mode
 3 files changed, 43 insertions(+), 29 deletions(-)
To https://github.com/pauloperes83/palpitesjogodobicho-site.git
   0a6bb07..306dd11  main -> main
🛡️ Iniciando Blindagem para Lotece...
✅ Lotece finalizado com sucesso e páginas preservadas!
✅ SUCESSO LOTECE! Atualizado para segunda-feira (13/07/2026).
From https://github.com/pauloperes83/palpitesjogodobicho-site
 * branch            main       -> FETCH_HEAD
   7254843..d934b84  main       -> origin/main
Updating 7254843..d934b84
Fast-forward
 aguia_prime.html | 16 +++-------------
 1 file changed, 3 insertions(+), 13 deletions(-)
[main 8940c20] Auto Update Lotece 14/07/2026 Safe Mode
 3 files changed, 47 insertions(+), 29 deletions(-)
To https://github.com/pauloperes83/palpitesjogodobicho-site.git
   d934b84..8940c20  main -> main
🛡️ Iniciando Blindagem para Lotece...
✅ Lotece finalizado com sucesso e páginas preservadas!
✅ SUCESSO LOTECE! Atualizado para terça-feira (14/07/2026).
From https://github.com/pauloperes83/palpitesjogodobicho-site
 * branch            main       -> FETCH_HEAD
   8d0e740..d8540d6  main       -> origin/main
Updating 8d0e740..d8540d6
Fast-forward
 aguia_prime.html | 2 +-
 1 file changed, 1 insertion(+), 1 deletion(-)
[main 4e41a5c] Auto Update Lotece 15/07/2026 Safe Mode
 3 files changed, 47 insertions(+), 29 deletions(-)
To https://github.com/pauloperes83/palpitesjogodobicho-site.git
   d8540d6..4e41a5c  main -> main
🛡️ Iniciando Blindagem para Lotece...
✅ Lotece finalizado com sucesso e páginas preservadas!
✅ SUCESSO LOTECE! Atualizado para quarta-feira (15/07/2026).
From https://github.com/pauloperes83/palpitesjogodobicho-site
 * branch            main       -> FETCH_HEAD
Already up to date.
[main 88868c4] Auto Update Lotece 16/07/2026 Safe Mode
 3 files changed, 43 insertions(+), 29 deletions(-)
To https://github.com/pauloperes83/palpitesjogodobicho-site.git
   50bfddf..88868c4  main -> main
🛡️ Iniciando Blindagem para Lotece...
✅ Lotece finalizado com sucesso e páginas preservadas!
✅ SUCESSO LOTECE! Atualizado para quinta-feira (16/07/2026).
From https://github.com/pauloperes83/palpitesjogodobicho-site
 * branch            main       -> FETCH_HEAD
Already up to date.
[main 7fd8697] Auto Update Lotece 17/07/2026 Safe Mode
 3 files changed, 43 insertions(+), 29 deletions(-)
To https://github.com/pauloperes83/palpitesjogodobicho-site.git
   7016558..7fd8697  main -> main
🛡️ Iniciando Blindagem para Lotece...
✅ Lotece finalizado com sucesso e páginas preservadas!
✅ SUCESSO LOTECE! Atualizado para sexta-feira (17/07/2026).
From https://github.com/pauloperes83/palpitesjogodobicho-site
 * branch            main       -> FETCH_HEAD
Already up to date.
[main 8bdd44a] Auto Update Lotece 18/07/2026 Safe Mode
 3 files changed, 43 insertions(+), 29 deletions(-)
To https://github.com/pauloperes83/palpitesjogodobicho-site.git
   2e3b50a..8bdd44a  main -> main
🛡️ Iniciando Blindagem para Lotece...
✅ Lotece finalizado com sucesso e páginas preservadas!
✅ SUCESSO LOTECE! Atualizado para sábado (18/07/2026).
From https://github.com/pauloperes83/palpitesjogodobicho-site
 * branch            main       -> FETCH_HEAD
Already up to date.
[main aa297a2] Auto Update Lotece 19/07/2026 Safe Mode
 3 files changed, 43 insertions(+), 29 deletions(-)
To https://github.com/pauloperes83/palpitesjogodobicho-site.git
   2d385b0..aa297a2  main -> main
🛡️ Iniciando Blindagem para Lotece...
✅ Lotece finalizado com sucesso e páginas preservadas!
✅ SUCESSO LOTECE! Atualizado para domingo (19/07/2026).
From https://github.com/pauloperes83/palpitesjogodobicho-site
 * branch            main       -> FETCH_HEAD
Already up to date.
[main 32a7b6a] Auto Update Lotece 20/07/2026 Safe Mode
 3 files changed, 43 insertions(+), 29 deletions(-)
To https://github.com/pauloperes83/palpitesjogodobicho-site.git
   17e4748..32a7b6a  main -> main
🛡️ Iniciando Blindagem para Lotece...
✅ Lotece finalizado com sucesso e páginas preservadas!
✅ SUCESSO LOTECE! Atualizado para segunda-feira (20/07/2026).
From https://github.com/pauloperes83/palpitesjogodobicho-site
 * branch            main       -> FETCH_HEAD
Already up to date.
[main 7823a4c] Auto Update Lotece 21/07/2026 Safe Mode
 3 files changed, 43 insertions(+), 29 deletions(-)
To https://github.com/pauloperes83/palpitesjogodobicho-site.git
   7c5df2c..7823a4c  main -> main
🛡️ Iniciando Blindagem para Lotece...
✅ Lotece finalizado com sucesso e páginas preservadas!
✅ SUCESSO LOTECE! Atualizado para terça-feira (21/07/2026).
From https://github.com/pauloperes83/palpitesjogodobicho-site
 * branch            main       -> FETCH_HEAD
Already up to date.
[main 534c7ae] Auto Update Lotece 22/07/2026 Safe Mode
 3 files changed, 40 insertions(+), 26 deletions(-)
To https://github.com/pauloperes83/palpitesjogodobicho-site.git
   5c254e8..534c7ae  main -> main
🛡️ Iniciando Blindagem para Lotece...
✅ Lotece finalizado com sucesso e páginas preservadas!
✅ SUCESSO LOTECE! Atualizado para quarta-feira (22/07/2026).
From https://github.com/pauloperes83/palpitesjogodobicho-site
 * branch            main       -> FETCH_HEAD
Already up to date.
[main 2593a6c] Auto Update Lotece 23/07/2026 Safe Mode
 3 files changed, 43 insertions(+), 29 deletions(-)
To https://github.com/pauloperes83/palpitesjogodobicho-site.git
   998c884..2593a6c  main -> main
🛡️ Iniciando Blindagem para Lotece...
✅ Lotece finalizado com sucesso e páginas preservadas!
✅ SUCESSO LOTECE! Atualizado para quinta-feira (23/07/2026).
From https://github.com/pauloperes83/palpitesjogodobicho-site
 * branch            main       -> FETCH_HEAD
Already up to date.
