[main f66b8d8] Auto Update Maluca 13/04/2026
 1 file changed, 52 insertions(+), 2 deletions(-)
To https://github.com/pauloperes83/palpitesjogodobicho-site.git
   71b52fa..f66b8d8  main -> main
✅ SUCESSO BAHIA! Atualizado para segunda-feira (13/04/2026).
[main cbbdbf1] Auto Update Maluca 14/04/2026
 1 file changed, 31 insertions(+), 29 deletions(-)
To https://github.com/pauloperes83/palpitesjogodobicho-site.git
   41c213c..cbbdbf1  main -> main
✅ SUCESSO BAHIA! Atualizado para terça-feira (14/04/2026).
[main 2fa38f3] Auto Update Maluca 15/04/2026
 1 file changed, 33 insertions(+), 31 deletions(-)
To https://github.com/pauloperes83/palpitesjogodobicho-site.git
   c5c0cb6..2fa38f3  main -> main
✅ SUCESSO BAHIA! Atualizado para quarta-feira (15/04/2026).
[main 88b8461] Auto Update Maluca 16/04/2026
 1 file changed, 30 insertions(+), 28 deletions(-)
To https://github.com/pauloperes83/palpitesjogodobicho-site.git
   64172a5..88b8461  main -> main
✅ SUCESSO BAHIA! Atualizado para quinta-feira (16/04/2026).
From https://github.com/pauloperes83/palpitesjogodobicho-site
 * branch            main       -> FETCH_HEAD
Already up to date.
[main 269ad03] Auto Update Maluca Bahia 17/04/2026 Safe Mode
 5 files changed, 79 insertions(+), 61 deletions(-)
To https://github.com/pauloperes83/palpitesjogodobicho-site.git
   890a441..269ad03  main -> main
🛡️ Iniciando Blindagem para Maluca Bahia...
✅ Maluca Bahia finalizado com sucesso e páginas preservadas!
✅ SUCESSO MALUCA BAHIA! Cookies e Blindagem ativos.
From https://github.com/pauloperes83/palpitesjogodobicho-site
 * branch            main       -> FETCH_HEAD
Already up to date.
[main 251f0ec] Auto Update Maluca Bahia 18/04/2026 Safe Mode
 3 files changed, 38 insertions(+), 26 deletions(-)
To https://github.com/pauloperes83/palpitesjogodobicho-site.git
   94ce885..251f0ec  main -> main
🛡️ Iniciando Blindagem para Maluca Bahia...
✅ Maluca Bahia finalizado com sucesso e páginas preservadas!
✅ SUCESSO MALUCA BAHIA! Cookies e Blindagem ativos.
From https://github.com/pauloperes83/palpitesjogodobicho-site
 * branch            main       -> FETCH_HEAD
Already up to date.
[main aedcb6c] Auto Update Maluca Bahia 19/04/2026 Safe Mode
 3 files changed, 39 insertions(+), 27 deletions(-)
To https://github.com/pauloperes83/palpitesjogodobicho-site.git
   e352bee..aedcb6c  main -> main
🛡️ Iniciando Blindagem para Maluca Bahia...
✅ Maluca Bahia finalizado com sucesso e páginas preservadas!
✅ SUCESSO MALUCA BAHIA! Cookies e Blindagem ativos.
From https://github.com/pauloperes83/palpitesjogodobicho-site
 * branch            main       -> FETCH_HEAD
Already up to date.
[main d293f6c] Auto Update Maluca Bahia 20/04/2026 Safe Mode
 3 files changed, 40 insertions(+), 28 deletions(-)
To https://github.com/pauloperes83/palpitesjogodobicho-site.git
   4f4d7bf..d293f6c  main -> main
🛡️ Iniciando Blindagem para Maluca Bahia...
✅ Maluca Bahia finalizado com sucesso e páginas preservadas!
✅ SUCESSO MALUCA BAHIA! Cookies e Blindagem ativos.
From https://github.com/pauloperes83/palpitesjogodobicho-site
 * branch            main       -> FETCH_HEAD
Already up to date.
[main 10d9a57] Auto Update Maluca Bahia 21/04/2026 Safe Mode
 3 files changed, 40 insertions(+), 28 deletions(-)
To https://github.com/pauloperes83/palpitesjogodobicho-site.git
   0624491..10d9a57  main -> main
🛡️ Iniciando Blindagem para Maluca Bahia...
✅ Maluca Bahia finalizado com sucesso e páginas preservadas!
✅ SUCESSO MALUCA BAHIA! Cookies e Blindagem ativos.
From https://github.com/pauloperes83/palpitesjogodobicho-site
 * branch            main       -> FETCH_HEAD
Already up to date.
[main 03bd92c] Auto Update Maluca Bahia 22/04/2026 Safe Mode
 3 files changed, 44 insertions(+), 32 deletions(-)
To https://github.com/pauloperes83/palpitesjogodobicho-site.git
   2a08430..03bd92c  main -> main
🛡️ Iniciando Blindagem para Maluca Bahia...
✅ Maluca Bahia finalizado com sucesso e páginas preservadas!
✅ SUCESSO MALUCA BAHIA! Cookies e Blindagem ativos.
From https://github.com/pauloperes83/palpitesjogodobicho-site
 * branch            main       -> FETCH_HEAD
Already up to date.
[main 97a284f] Auto Update Maluca Bahia 23/04/2026 Safe Mode
 3 files changed, 44 insertions(+), 32 deletions(-)
To https://github.com/pauloperes83/palpitesjogodobicho-site.git
   1236751..97a284f  main -> main
🛡️ Iniciando Blindagem para Maluca Bahia...
✅ Maluca Bahia finalizado com sucesso e páginas preservadas!
✅ SUCESSO MALUCA BAHIA! Cookies e Blindagem ativos.
From https://github.com/pauloperes83/palpitesjogodobicho-site
 * branch            main       -> FETCH_HEAD
Already up to date.
[main 80c8c42] Auto Update Maluca Bahia 24/04/2026 Safe Mode
 3 files changed, 39 insertions(+), 27 deletions(-)
To https://github.com/pauloperes83/palpitesjogodobicho-site.git
   338bbf8..80c8c42  main -> main
🛡️ Iniciando Blindagem para Maluca Bahia...
✅ Maluca Bahia finalizado com sucesso e páginas preservadas!
✅ SUCESSO MALUCA BAHIA! Cookies e Blindagem ativos.
From https://github.com/pauloperes83/palpitesjogodobicho-site
 * branch            main       -> FETCH_HEAD
Already up to date.
[main 39adefa] Auto Update Maluca Bahia 25/04/2026 Safe Mode
 3 files changed, 39 insertions(+), 27 deletions(-)
To https://github.com/pauloperes83/palpitesjogodobicho-site.git
   8762339..39adefa  main -> main
🛡️ Iniciando Blindagem para Maluca Bahia...
✅ Maluca Bahia finalizado com sucesso e páginas preservadas!
✅ SUCESSO MALUCA BAHIA! Cookies e Blindagem ativos.
From https://github.com/pauloperes83/palpitesjogodobicho-site
 * branch            main       -> FETCH_HEAD
Already up to date.
[main 883685e] Auto Update Maluca Bahia 26/04/2026 Safe Mode
 3 files changed, 39 insertions(+), 27 deletions(-)
To https://github.com/pauloperes83/palpitesjogodobicho-site.git
   d6a9e15..883685e  main -> main
🛡️ Iniciando Blindagem para Maluca Bahia...
✅ Maluca Bahia finalizado com sucesso e páginas preservadas!
✅ SUCESSO MALUCA BAHIA! Cookies e Blindagem ativos.
From https://github.com/pauloperes83/palpitesjogodobicho-site
 * branch            main       -> FETCH_HEAD
Already up to date.
[main 07007dd] Auto Update Maluca Bahia 27/04/2026 Safe Mode
 3 files changed, 36 insertions(+), 24 deletions(-)
To https://github.com/pauloperes83/palpitesjogodobicho-site.git
   888c5db..07007dd  main -> main
🛡️ Iniciando Blindagem para Maluca Bahia...
✅ Maluca Bahia finalizado com sucesso e páginas preservadas!
✅ SUCESSO MALUCA BAHIA! Cookies e Blindagem ativos.
From https://github.com/pauloperes83/palpitesjogodobicho-site
 * branch            main       -> FETCH_HEAD
Already up to date.
[main 56db0c8] Auto Update Maluca Bahia 28/04/2026 Safe Mode
 3 files changed, 40 insertions(+), 28 deletions(-)
To https://github.com/pauloperes83/palpitesjogodobicho-site.git
   37c809a..56db0c8  main -> main
🛡️ Iniciando Blindagem para Maluca Bahia...
✅ Maluca Bahia finalizado com sucesso e páginas preservadas!
✅ SUCESSO MALUCA BAHIA! Cookies e Blindagem ativos.
From https://github.com/pauloperes83/palpitesjogodobicho-site
 * branch            main       -> FETCH_HEAD
Already up to date.
[main e7b31b4] Auto Update Maluca Bahia 29/04/2026 Safe Mode
 3 files changed, 40 insertions(+), 28 deletions(-)
To https://github.com/pauloperes83/palpitesjogodobicho-site.git
   1070821..e7b31b4  main -> main
🛡️ Iniciando Blindagem para Maluca Bahia...
✅ Maluca Bahia finalizado com sucesso e páginas preservadas!
✅ SUCESSO MALUCA BAHIA! Cookies e Blindagem ativos.
From https://github.com/pauloperes83/palpitesjogodobicho-site
 * branch            main       -> FETCH_HEAD
Already up to date.
[main 3f56245] Auto Update Maluca Bahia 30/04/2026 Safe Mode
 3 files changed, 43 insertions(+), 31 deletions(-)
To https://github.com/pauloperes83/palpitesjogodobicho-site.git
   ac00ebe..3f56245  main -> main
🛡️ Iniciando Blindagem para Maluca Bahia...
✅ Maluca Bahia finalizado com sucesso e páginas preservadas!
✅ SUCESSO MALUCA BAHIA! Cookies e Blindagem ativos.
From https://github.com/pauloperes83/palpitesjogodobicho-site
 * branch            main       -> FETCH_HEAD
Already up to date.
[main b6398d9] Auto Update Maluca Bahia 01/05/2026 Safe Mode
 3 files changed, 43 insertions(+), 31 deletions(-)
To https://github.com/pauloperes83/palpitesjogodobicho-site.git
   c7b688c..b6398d9  main -> main
🛡️ Iniciando Blindagem para Maluca Bahia...
✅ Maluca Bahia finalizado com sucesso e páginas preservadas!
✅ SUCESSO MALUCA BAHIA! Cookies e Blindagem ativos.
From https://github.com/pauloperes83/palpitesjogodobicho-site
 * branch            main       -> FETCH_HEAD
Already up to date.
[main 6e398d8] Auto Update Maluca Bahia 02/05/2026 Safe Mode
 3 files changed, 39 insertions(+), 27 deletions(-)
To https://github.com/pauloperes83/palpitesjogodobicho-site.git
   59f209c..6e398d8  main -> main
🛡️ Iniciando Blindagem para Maluca Bahia...
✅ Maluca Bahia finalizado com sucesso e páginas preservadas!
✅ SUCESSO MALUCA BAHIA! Cookies e Blindagem ativos.
From https://github.com/pauloperes83/palpitesjogodobicho-site
 * branch            main       -> FETCH_HEAD
Already up to date.
[main 8060ace] Auto Update Maluca Bahia 03/05/2026 Safe Mode
 3 files changed, 40 insertions(+), 28 deletions(-)
To https://github.com/pauloperes83/palpitesjogodobicho-site.git
   8cfe351..8060ace  main -> main
🛡️ Iniciando Blindagem para Maluca Bahia...
✅ Maluca Bahia finalizado com sucesso e páginas preservadas!
✅ SUCESSO MALUCA BAHIA! Cookies e Blindagem ativos.
From https://github.com/pauloperes83/palpitesjogodobicho-site
 * branch            main       -> FETCH_HEAD
Already up to date.
[main 48f2909] Auto Update Maluca Bahia 04/05/2026 Safe Mode
 3 files changed, 38 insertions(+), 26 deletions(-)
To https://github.com/pauloperes83/palpitesjogodobicho-site.git
   05d1f7e..48f2909  main -> main
🛡️ Iniciando Blindagem para Maluca Bahia...
✅ Maluca Bahia finalizado com sucesso e páginas preservadas!
✅ SUCESSO MALUCA BAHIA! Cookies e Blindagem ativos.
From https://github.com/pauloperes83/palpitesjogodobicho-site
 * branch            main       -> FETCH_HEAD
Already up to date.
[main 98c8167] Auto Update Maluca Bahia 05/05/2026 Safe Mode
 3 files changed, 43 insertions(+), 31 deletions(-)
To https://github.com/pauloperes83/palpitesjogodobicho-site.git
   fd017ac..98c8167  main -> main
🛡️ Iniciando Blindagem para Maluca Bahia...
✅ Maluca Bahia finalizado com sucesso e páginas preservadas!
✅ SUCESSO MALUCA BAHIA! Cookies e Blindagem ativos.
From https://github.com/pauloperes83/palpitesjogodobicho-site
 * branch            main       -> FETCH_HEAD
Already up to date.
[main e3c342a] Auto Update Maluca Bahia 06/05/2026 Safe Mode
 3 files changed, 43 insertions(+), 31 deletions(-)
To https://github.com/pauloperes83/palpitesjogodobicho-site.git
   523adaa..e3c342a  main -> main
🛡️ Iniciando Blindagem para Maluca Bahia...
✅ Maluca Bahia finalizado com sucesso e páginas preservadas!
✅ SUCESSO MALUCA BAHIA! Cookies e Blindagem ativos.
From https://github.com/pauloperes83/palpitesjogodobicho-site
 * branch            main       -> FETCH_HEAD
Already up to date.
[main ef1c0cc] Auto Update Maluca Bahia 07/05/2026 Safe Mode
 3 files changed, 39 insertions(+), 27 deletions(-)
To https://github.com/pauloperes83/palpitesjogodobicho-site.git
   a87c135..ef1c0cc  main -> main
🛡️ Iniciando Blindagem para Maluca Bahia...
✅ Maluca Bahia finalizado com sucesso e páginas preservadas!
✅ SUCESSO MALUCA BAHIA! Cookies e Blindagem ativos.
From https://github.com/pauloperes83/palpitesjogodobicho-site
 * branch            main       -> FETCH_HEAD
Already up to date.
[main 46cd2fa] Auto Update Maluca Bahia 08/05/2026 Safe Mode
 3 files changed, 39 insertions(+), 27 deletions(-)
To https://github.com/pauloperes83/palpitesjogodobicho-site.git
   ea5adb6..46cd2fa  main -> main
🛡️ Iniciando Blindagem para Maluca Bahia...
✅ Maluca Bahia finalizado com sucesso e páginas preservadas!
✅ SUCESSO MALUCA BAHIA! Cookies e Blindagem ativos.
From https://github.com/pauloperes83/palpitesjogodobicho-site
 * branch            main       -> FETCH_HEAD
Already up to date.
[main b290210] Auto Update Maluca Bahia 09/05/2026 Safe Mode
 3 files changed, 41 insertions(+), 29 deletions(-)
To https://github.com/pauloperes83/palpitesjogodobicho-site.git
   2c816dd..b290210  main -> main
🛡️ Iniciando Blindagem para Maluca Bahia...
✅ Maluca Bahia finalizado com sucesso e páginas preservadas!
✅ SUCESSO MALUCA BAHIA! Cookies e Blindagem ativos.
From https://github.com/pauloperes83/palpitesjogodobicho-site
 * branch            main       -> FETCH_HEAD
Already up to date.
[main f004638] Auto Update Maluca Bahia 10/05/2026 Safe Mode
 3 files changed, 42 insertions(+), 30 deletions(-)
To https://github.com/pauloperes83/palpitesjogodobicho-site.git
   e3638d7..f004638  main -> main
🛡️ Iniciando Blindagem para Maluca Bahia...
✅ Maluca Bahia finalizado com sucesso e páginas preservadas!
✅ SUCESSO MALUCA BAHIA! Cookies e Blindagem ativos.
From https://github.com/pauloperes83/palpitesjogodobicho-site
 * branch            main       -> FETCH_HEAD
Already up to date.
[main 7ec1332] Auto Update Maluca Bahia 11/05/2026 Safe Mode
 3 files changed, 37 insertions(+), 25 deletions(-)
To https://github.com/pauloperes83/palpitesjogodobicho-site.git
   5b6f996..7ec1332  main -> main
🛡️ Iniciando Blindagem para Maluca Bahia...
✅ Maluca Bahia finalizado com sucesso e páginas preservadas!
✅ SUCESSO MALUCA BAHIA! Cookies e Blindagem ativos.
From https://github.com/pauloperes83/palpitesjogodobicho-site
 * branch            main       -> FETCH_HEAD
Already up to date.
[main 08e0d05] Auto Update Maluca Bahia 12/05/2026 Safe Mode
 3 files changed, 39 insertions(+), 27 deletions(-)
To https://github.com/pauloperes83/palpitesjogodobicho-site.git
   67c33cc..08e0d05  main -> main
🛡️ Iniciando Blindagem para Maluca Bahia...
✅ Maluca Bahia finalizado com sucesso e páginas preservadas!
✅ SUCESSO MALUCA BAHIA! Cookies e Blindagem ativos.
From https://github.com/pauloperes83/palpitesjogodobicho-site
 * branch            main       -> FETCH_HEAD
Already up to date.
[main ed476d4] Auto Update Maluca Bahia 13/05/2026 Safe Mode
 3 files changed, 40 insertions(+), 28 deletions(-)
To https://github.com/pauloperes83/palpitesjogodobicho-site.git
   db4f56c..ed476d4  main -> main
🛡️ Iniciando Blindagem para Maluca Bahia...
✅ Maluca Bahia finalizado com sucesso e páginas preservadas!
✅ SUCESSO MALUCA BAHIA! Cookies e Blindagem ativos.
From https://github.com/pauloperes83/palpitesjogodobicho-site
 * branch            main       -> FETCH_HEAD
Already up to date.
[main 6ea3979] Auto Update Maluca Bahia 14/05/2026 Safe Mode
 3 files changed, 42 insertions(+), 30 deletions(-)
To https://github.com/pauloperes83/palpitesjogodobicho-site.git
   ab45ca8..6ea3979  main -> main
🛡️ Iniciando Blindagem para Maluca Bahia...
✅ Maluca Bahia finalizado com sucesso e páginas preservadas!
✅ SUCESSO MALUCA BAHIA! Cookies e Blindagem ativos.
From https://github.com/pauloperes83/palpitesjogodobicho-site
 * branch            main       -> FETCH_HEAD
Already up to date.
[main 4d7d514] Auto Update Maluca Bahia 15/05/2026 Safe Mode
 3 files changed, 42 insertions(+), 30 deletions(-)
To https://github.com/pauloperes83/palpitesjogodobicho-site.git
   fe75a84..4d7d514  main -> main
🛡️ Iniciando Blindagem para Maluca Bahia...
✅ Maluca Bahia finalizado com sucesso e páginas preservadas!
✅ SUCESSO MALUCA BAHIA! Cookies e Blindagem ativos.
From https://github.com/pauloperes83/palpitesjogodobicho-site
 * branch            main       -> FETCH_HEAD
Already up to date.
[main 370576a] Auto Update Maluca Bahia 16/05/2026 Safe Mode
 3 files changed, 39 insertions(+), 27 deletions(-)
To https://github.com/pauloperes83/palpitesjogodobicho-site.git
   27742f3..370576a  main -> main
🛡️ Iniciando Blindagem para Maluca Bahia...
✅ Maluca Bahia finalizado com sucesso e páginas preservadas!
✅ SUCESSO MALUCA BAHIA! Cookies e Blindagem ativos.
From https://github.com/pauloperes83/palpitesjogodobicho-site
 * branch            main       -> FETCH_HEAD
Already up to date.
[main ac938b5] Auto Update Maluca Bahia 17/05/2026 Safe Mode
 3 files changed, 41 insertions(+), 29 deletions(-)
To https://github.com/pauloperes83/palpitesjogodobicho-site.git
   c79a9cb..ac938b5  main -> main
🛡️ Iniciando Blindagem para Maluca Bahia...
✅ Maluca Bahia finalizado com sucesso e páginas preservadas!
✅ SUCESSO MALUCA BAHIA! Cookies e Blindagem ativos.
From https://github.com/pauloperes83/palpitesjogodobicho-site
 * branch            main       -> FETCH_HEAD
Already up to date.
[main b5ae8a9] Auto Update Maluca Bahia 18/05/2026 Safe Mode
 3 files changed, 39 insertions(+), 27 deletions(-)
To https://github.com/pauloperes83/palpitesjogodobicho-site.git
   033399f..b5ae8a9  main -> main
🛡️ Iniciando Blindagem para Maluca Bahia...
✅ Maluca Bahia finalizado com sucesso e páginas preservadas!
✅ SUCESSO MALUCA BAHIA! Cookies e Blindagem ativos.
From https://github.com/pauloperes83/palpitesjogodobicho-site
 * branch            main       -> FETCH_HEAD
Already up to date.
[main 6a5b84e] Auto Update Maluca Bahia 19/05/2026 Safe Mode
 3 files changed, 37 insertions(+), 25 deletions(-)
To https://github.com/pauloperes83/palpitesjogodobicho-site.git
   0dfc3fa..6a5b84e  main -> main
🛡️ Iniciando Blindagem para Maluca Bahia...
✅ Maluca Bahia finalizado com sucesso e páginas preservadas!
✅ SUCESSO MALUCA BAHIA! Cookies e Blindagem ativos.
From https://github.com/pauloperes83/palpitesjogodobicho-site
 * branch            main       -> FETCH_HEAD
Already up to date.
[main a0df243] Auto Update Maluca Bahia 20/05/2026 Safe Mode
 3 files changed, 40 insertions(+), 28 deletions(-)
To https://github.com/pauloperes83/palpitesjogodobicho-site.git
   cf044f6..a0df243  main -> main
🛡️ Iniciando Blindagem para Maluca Bahia...
✅ Maluca Bahia finalizado com sucesso e páginas preservadas!
✅ SUCESSO MALUCA BAHIA! Cookies e Blindagem ativos.
From https://github.com/pauloperes83/palpitesjogodobicho-site
 * branch            main       -> FETCH_HEAD
Already up to date.
[main 5361132] Auto Update Maluca Bahia 21/05/2026 Safe Mode
 3 files changed, 40 insertions(+), 28 deletions(-)
To https://github.com/pauloperes83/palpitesjogodobicho-site.git
   b5b3e90..5361132  main -> main
🛡️ Iniciando Blindagem para Maluca Bahia...
✅ Maluca Bahia finalizado com sucesso e páginas preservadas!
✅ SUCESSO MALUCA BAHIA! Cookies e Blindagem ativos.
From https://github.com/pauloperes83/palpitesjogodobicho-site
 * branch            main       -> FETCH_HEAD
Already up to date.
[main 743dedc] Auto Update Maluca Bahia 22/05/2026 Safe Mode
 3 files changed, 43 insertions(+), 31 deletions(-)
To https://github.com/pauloperes83/palpitesjogodobicho-site.git
   81bde7f..743dedc  main -> main
🛡️ Iniciando Blindagem para Maluca Bahia...
✅ Maluca Bahia finalizado com sucesso e páginas preservadas!
✅ SUCESSO MALUCA BAHIA! Cookies e Blindagem ativos.
From https://github.com/pauloperes83/palpitesjogodobicho-site
 * branch            main       -> FETCH_HEAD
Already up to date.
[main 43f8509] Auto Update Maluca Bahia 23/05/2026 Safe Mode
 3 files changed, 44 insertions(+), 32 deletions(-)
To https://github.com/pauloperes83/palpitesjogodobicho-site.git
   0927e13..43f8509  main -> main
🛡️ Iniciando Blindagem para Maluca Bahia...
✅ Maluca Bahia finalizado com sucesso e páginas preservadas!
✅ SUCESSO MALUCA BAHIA! Cookies e Blindagem ativos.
From https://github.com/pauloperes83/palpitesjogodobicho-site
 * branch            main       -> FETCH_HEAD
Already up to date.
