❌ ERRO: Marcas <!--MARCA_AQUI--> não encontradas no HTML!
--- Iniciando Processo Nacional para: /var/www/meusite/palpite-do-bicho-nacional.html ---
DEBUG: Encontrei a marca <!--MARCA_AQUI--> -> 0 vezes no arquivo.
❌ ERRO CRÍTICO: O robô esperava 2 marcas, mas encontrou 0.
Certifique-se que no HTML do GitHub existam duas marcas EXATAMENTE assim: <!--MARCA_AQUI-->
--- Iniciando Processo Nacional para: /var/www/meusite/palpite-do-bicho-nacional.html ---
DEBUG: Encontrei a marca <!--MARCA_AQUI--> -> 1 vezes no arquivo.
❌ ERRO CRÍTICO: O robô esperava 2 marcas, mas encontrou 1.
Certifique-se que no HTML do GitHub existam duas marcas EXATAMENTE assim: <!--MARCA_AQUI-->
[main 1b907d7] Auto Update Nacional 13/04/2026
 1 file changed, 58 insertions(+), 8 deletions(-)
To https://github.com/pauloperes83/palpitesjogodobicho-site.git
   db1e64c..1b907d7  main -> main
--- Iniciando Processo Nacional para: /var/www/meusite/palpite-do-bicho-nacional.html ---
DEBUG: Encontrei a marca <!--MARCA_AQUI--> -> 2 vezes no arquivo.
Gravando no arquivo e enviando ao GitHub...
✅ SUCESSO NACIONAL! Palpites para 13/04/2026 enviados.
Traceback (most recent call last):
  File "/var/www/meusite/robo_nacional.py", line 81, in <module>
    if os.path.exists(ARQUIVO_HTML):
       ^^^^^^^^^^^^^^^^^^^^^^^^^^^^
  File "<frozen genericpath>", line 19, in exists
TypeError: stat: path should be string, bytes, os.PathLike or integer, not list
Traceback (most recent call last):
  File "/var/www/meusite/robo_nacional.py", line 84, in <module>
    partes = conteudo.split(CHAVE)
             ^^^^^^^^^^^^^^^^^^^^^
ValueError: empty separator
Traceback (most recent call last):
  File "/var/www/meusite/robo_nacional.py", line 84, in <module>
    partes = conteudo.split(CHAVE)
             ^^^^^^^^^^^^^^^^^^^^^
ValueError: empty separator
[main ef942ba] Auto Update Nacional 13/04/2026
 1 file changed, 19 insertions(+), 17 deletions(-)
To https://github.com/pauloperes83/palpitesjogodobicho-site.git
   d627157..ef942ba  main -> main
--- Iniciando Processo Nacional para: /var/www/meusite/palpite-do-bicho-nacional.html ---
DEBUG: Encontrei a marca <!--MARCA_AQUI--> -> 2 vezes no arquivo.
✅ SUCESSO NACIONAL! Palpites para 13/04/2026 enviados.
[main ca6b649] Auto Update Nacional 14/04/2026
 1 file changed, 32 insertions(+), 30 deletions(-)
To https://github.com/pauloperes83/palpitesjogodobicho-site.git
   ef942ba..ca6b649  main -> main
--- Iniciando Processo Nacional para: /var/www/meusite/palpite-do-bicho-nacional.html ---
DEBUG: Encontrei a marca <!--MARCA_AQUI--> -> 2 vezes no arquivo.
✅ SUCESSO NACIONAL! Palpites para 14/04/2026 enviados.
[main 4cb25d8] Auto Update Nacional 15/04/2026
 1 file changed, 27 insertions(+), 33 deletions(-)
To https://github.com/pauloperes83/palpitesjogodobicho-site.git
 + 431af49...4cb25d8 main -> main (forced update)
--- Iniciando Processo Nacional para: /var/www/meusite/palpite-do-bicho-nacional.html ---
DEBUG: Encontrei a marca <!--MARCA_AQUI--> -> 2 vezes no arquivo.
✅ SUCESSO NACIONAL! Palpites para 15/04/2026 enviados.
From https://github.com/pauloperes83/palpitesjogodobicho-site
 * branch            main       -> FETCH_HEAD
Already up to date.
[main 67b4fe3] Auto Update Nacional 16/04/2026 Safe Mode
 9 files changed, 91 insertions(+), 41 deletions(-)
 create mode 100644 __pycache__/robo_look.cpython-312.pyc
 create mode 100644 __pycache__/robo_nacional.cpython-312.pyc
 create mode 100644 __pycache__/robo_sp.cpython-312.pyc
To https://github.com/pauloperes83/palpitesjogodobicho-site.git
   840c282..67b4fe3  main -> main
--- Iniciando Processo Nacional para: /var/www/meusite/palpite-do-bicho-nacional.html ---
DEBUG: Encontrei a marca <!--MARCA_AQUI--> -> 2 vezes no arquivo.
🛡️ Iniciando Blindagem para Nacional...
✅ Nacional finalizado com sucesso e páginas preservadas!
✅ SUCESSO NACIONAL! Cookies e Blindagem ativos (16/04/2026).
From https://github.com/pauloperes83/palpitesjogodobicho-site
 * branch            main       -> FETCH_HEAD
Already up to date.
[main 0f40448] Auto Update Nacional 17/04/2026 Safe Mode
 4 files changed, 43 insertions(+), 31 deletions(-)
To https://github.com/pauloperes83/palpitesjogodobicho-site.git
   605504f..0f40448  main -> main
--- Iniciando Processo Nacional para: /var/www/meusite/palpite-do-bicho-nacional.html ---
DEBUG: Encontrei a marca <!--MARCA_AQUI--> -> 2 vezes no arquivo.
🛡️ Iniciando Blindagem para Nacional...
✅ Nacional finalizado com sucesso e páginas preservadas!
✅ SUCESSO NACIONAL! Cookies e Blindagem ativos (17/04/2026).
From https://github.com/pauloperes83/palpitesjogodobicho-site
 * branch            main       -> FETCH_HEAD
Already up to date.
[main 02d2a49] Auto Update Nacional 18/04/2026 Safe Mode
 3 files changed, 42 insertions(+), 30 deletions(-)
To https://github.com/pauloperes83/palpitesjogodobicho-site.git
   be8c323..02d2a49  main -> main
--- Iniciando Processo Nacional para: /var/www/meusite/palpite-do-bicho-nacional.html ---
DEBUG: Encontrei a marca <!--MARCA_AQUI--> -> 2 vezes no arquivo.
🛡️ Iniciando Blindagem para Nacional...
✅ Nacional finalizado com sucesso e páginas preservadas!
✅ SUCESSO NACIONAL! Cookies e Blindagem ativos (18/04/2026).
From https://github.com/pauloperes83/palpitesjogodobicho-site
 * branch            main       -> FETCH_HEAD
Already up to date.
[main ec4fd70] Auto Update Nacional 19/04/2026 Safe Mode
 3 files changed, 38 insertions(+), 34 deletions(-)
To https://github.com/pauloperes83/palpitesjogodobicho-site.git
   34cd226..ec4fd70  main -> main
--- Iniciando Processo Nacional para: /var/www/meusite/palpite-do-bicho-nacional.html ---
DEBUG: Encontrei a marca <!--MARCA_AQUI--> -> 2 vezes no arquivo.
🛡️ Iniciando Blindagem para Nacional...
✅ Nacional finalizado com sucesso e páginas preservadas!
✅ SUCESSO NACIONAL! Cookies e Blindagem ativos (19/04/2026).
From https://github.com/pauloperes83/palpitesjogodobicho-site
 * branch            main       -> FETCH_HEAD
Already up to date.
[main 5494722] Auto Update Nacional 20/04/2026 Safe Mode
 3 files changed, 42 insertions(+), 22 deletions(-)
To https://github.com/pauloperes83/palpitesjogodobicho-site.git
   12739f8..5494722  main -> main
--- Iniciando Processo Nacional para: /var/www/meusite/palpite-do-bicho-nacional.html ---
DEBUG: Encontrei a marca <!--MARCA_AQUI--> -> 2 vezes no arquivo.
🛡️ Iniciando Blindagem para Nacional...
✅ Nacional finalizado com sucesso e páginas preservadas!
✅ SUCESSO NACIONAL! Cookies e Blindagem ativos (20/04/2026).
From https://github.com/pauloperes83/palpitesjogodobicho-site
 * branch            main       -> FETCH_HEAD
Already up to date.
[main 6e56193] Auto Update Nacional 21/04/2026 Safe Mode
 3 files changed, 42 insertions(+), 30 deletions(-)
To https://github.com/pauloperes83/palpitesjogodobicho-site.git
   c364a41..6e56193  main -> main
--- Iniciando Processo Nacional para: /var/www/meusite/palpite-do-bicho-nacional.html ---
DEBUG: Encontrei a marca <!--MARCA_AQUI--> -> 2 vezes no arquivo.
🛡️ Iniciando Blindagem para Nacional...
✅ Nacional finalizado com sucesso e páginas preservadas!
✅ SUCESSO NACIONAL! Cookies e Blindagem ativos (21/04/2026).
From https://github.com/pauloperes83/palpitesjogodobicho-site
 * branch            main       -> FETCH_HEAD
Already up to date.
[main 20f924d] Auto Update Nacional 22/04/2026 Safe Mode
 3 files changed, 42 insertions(+), 30 deletions(-)
To https://github.com/pauloperes83/palpitesjogodobicho-site.git
   d4f99e5..20f924d  main -> main
--- Iniciando Processo Nacional para: /var/www/meusite/palpite-do-bicho-nacional.html ---
DEBUG: Encontrei a marca <!--MARCA_AQUI--> -> 2 vezes no arquivo.
🛡️ Iniciando Blindagem para Nacional...
✅ Nacional finalizado com sucesso e páginas preservadas!
✅ SUCESSO NACIONAL! Cookies e Blindagem ativos (22/04/2026).
From https://github.com/pauloperes83/palpitesjogodobicho-site
 * branch            main       -> FETCH_HEAD
Already up to date.
[main 9b93416] Auto Update Nacional 23/04/2026 Safe Mode
 3 files changed, 42 insertions(+), 30 deletions(-)
To https://github.com/pauloperes83/palpitesjogodobicho-site.git
   b602ac4..9b93416  main -> main
--- Iniciando Processo Nacional para: /var/www/meusite/palpite-do-bicho-nacional.html ---
DEBUG: Encontrei a marca <!--MARCA_AQUI--> -> 2 vezes no arquivo.
🛡️ Iniciando Blindagem para Nacional...
✅ Nacional finalizado com sucesso e páginas preservadas!
✅ SUCESSO NACIONAL! Cookies e Blindagem ativos (23/04/2026).
From https://github.com/pauloperes83/palpitesjogodobicho-site
 * branch            main       -> FETCH_HEAD
Already up to date.
[main c6a0cf5] Auto Update Nacional 24/04/2026 Safe Mode
 3 files changed, 42 insertions(+), 30 deletions(-)
To https://github.com/pauloperes83/palpitesjogodobicho-site.git
   5d4b2aa..c6a0cf5  main -> main
--- Iniciando Processo Nacional para: /var/www/meusite/palpite-do-bicho-nacional.html ---
DEBUG: Encontrei a marca <!--MARCA_AQUI--> -> 2 vezes no arquivo.
🛡️ Iniciando Blindagem para Nacional...
✅ Nacional finalizado com sucesso e páginas preservadas!
✅ SUCESSO NACIONAL! Cookies e Blindagem ativos (24/04/2026).
From https://github.com/pauloperes83/palpitesjogodobicho-site
 * branch            main       -> FETCH_HEAD
Already up to date.
[main d492f6c] Auto Update Nacional 25/04/2026 Safe Mode
 3 files changed, 42 insertions(+), 30 deletions(-)
To https://github.com/pauloperes83/palpitesjogodobicho-site.git
   ceff116..d492f6c  main -> main
--- Iniciando Processo Nacional para: /var/www/meusite/palpite-do-bicho-nacional.html ---
DEBUG: Encontrei a marca <!--MARCA_AQUI--> -> 2 vezes no arquivo.
🛡️ Iniciando Blindagem para Nacional...
✅ Nacional finalizado com sucesso e páginas preservadas!
✅ SUCESSO NACIONAL! Cookies e Blindagem ativos (25/04/2026).
From https://github.com/pauloperes83/palpitesjogodobicho-site
 * branch            main       -> FETCH_HEAD
   17bee8f..4673a31  main       -> origin/main
Updating 17bee8f..4673a31
Fast-forward
 aguiaprime.html | 24 +++++++++++++++++++++++-
 1 file changed, 23 insertions(+), 1 deletion(-)
[main 825301f] Auto Update Nacional 26/04/2026 Safe Mode
 3 files changed, 46 insertions(+), 30 deletions(-)
To https://github.com/pauloperes83/palpitesjogodobicho-site.git
   4673a31..825301f  main -> main
--- Iniciando Processo Nacional para: /var/www/meusite/palpite-do-bicho-nacional.html ---
DEBUG: Encontrei a marca <!--MARCA_AQUI--> -> 2 vezes no arquivo.
🛡️ Iniciando Blindagem para Nacional...
✅ Nacional finalizado com sucesso e páginas preservadas!
✅ SUCESSO NACIONAL! Cookies e Blindagem ativos (26/04/2026).
From https://github.com/pauloperes83/palpitesjogodobicho-site
 * branch            main       -> FETCH_HEAD
Already up to date.
[main 5822bab] Auto Update Nacional 27/04/2026 Safe Mode
 3 files changed, 42 insertions(+), 30 deletions(-)
To https://github.com/pauloperes83/palpitesjogodobicho-site.git
   d9bd869..5822bab  main -> main
--- Iniciando Processo Nacional para: /var/www/meusite/palpite-do-bicho-nacional.html ---
DEBUG: Encontrei a marca <!--MARCA_AQUI--> -> 2 vezes no arquivo.
🛡️ Iniciando Blindagem para Nacional...
✅ Nacional finalizado com sucesso e páginas preservadas!
✅ SUCESSO NACIONAL! Cookies e Blindagem ativos (27/04/2026).
From https://github.com/pauloperes83/palpitesjogodobicho-site
 * branch            main       -> FETCH_HEAD
   81458da..f6f07c1  main       -> origin/main
Updating 81458da..f6f07c1
Fast-forward
 aguiaprime.html | 41 +++++++++++++++++++++++++++++------------
 1 file changed, 29 insertions(+), 12 deletions(-)
[main 33281a9] Auto Update Nacional 28/04/2026 Safe Mode
 3 files changed, 46 insertions(+), 30 deletions(-)
To https://github.com/pauloperes83/palpitesjogodobicho-site.git
   f6f07c1..33281a9  main -> main
--- Iniciando Processo Nacional para: /var/www/meusite/palpite-do-bicho-nacional.html ---
DEBUG: Encontrei a marca <!--MARCA_AQUI--> -> 2 vezes no arquivo.
🛡️ Iniciando Blindagem para Nacional...
✅ Nacional finalizado com sucesso e páginas preservadas!
✅ SUCESSO NACIONAL! Cookies e Blindagem ativos (28/04/2026).
From https://github.com/pauloperes83/palpitesjogodobicho-site
 * branch            main       -> FETCH_HEAD
Already up to date.
[main 9a1f057] Auto Update Nacional 29/04/2026 Safe Mode
 3 files changed, 40 insertions(+), 28 deletions(-)
To https://github.com/pauloperes83/palpitesjogodobicho-site.git
   839831a..9a1f057  main -> main
--- Iniciando Processo Nacional para: /var/www/meusite/palpite-do-bicho-nacional.html ---
DEBUG: Encontrei a marca <!--MARCA_AQUI--> -> 2 vezes no arquivo.
🛡️ Iniciando Blindagem para Nacional...
✅ Nacional finalizado com sucesso e páginas preservadas!
✅ SUCESSO NACIONAL! Cookies e Blindagem ativos (29/04/2026).
From https://github.com/pauloperes83/palpitesjogodobicho-site
 * branch            main       -> FETCH_HEAD
Already up to date.
[main 0c7a60d] Auto Update Nacional 30/04/2026 Safe Mode
 3 files changed, 42 insertions(+), 30 deletions(-)
To https://github.com/pauloperes83/palpitesjogodobicho-site.git
   670a8f3..0c7a60d  main -> main
--- Iniciando Processo Nacional para: /var/www/meusite/palpite-do-bicho-nacional.html ---
DEBUG: Encontrei a marca <!--MARCA_AQUI--> -> 2 vezes no arquivo.
🛡️ Iniciando Blindagem para Nacional...
✅ Nacional finalizado com sucesso e páginas preservadas!
✅ SUCESSO NACIONAL! Cookies e Blindagem ativos (30/04/2026).
From https://github.com/pauloperes83/palpitesjogodobicho-site
 * branch            main       -> FETCH_HEAD
Already up to date.
[main 29cc272] Auto Update Nacional 01/05/2026 Safe Mode
 3 files changed, 42 insertions(+), 30 deletions(-)
To https://github.com/pauloperes83/palpitesjogodobicho-site.git
   2281539..29cc272  main -> main
--- Iniciando Processo Nacional para: /var/www/meusite/palpite-do-bicho-nacional.html ---
DEBUG: Encontrei a marca <!--MARCA_AQUI--> -> 2 vezes no arquivo.
🛡️ Iniciando Blindagem para Nacional...
✅ Nacional finalizado com sucesso e páginas preservadas!
✅ SUCESSO NACIONAL! Cookies e Blindagem ativos (01/05/2026).
From https://github.com/pauloperes83/palpitesjogodobicho-site
 * branch            main       -> FETCH_HEAD
Already up to date.
[main 6817e84] Auto Update Nacional 02/05/2026 Safe Mode
 3 files changed, 42 insertions(+), 30 deletions(-)
To https://github.com/pauloperes83/palpitesjogodobicho-site.git
   b2ab8d6..6817e84  main -> main
--- Iniciando Processo Nacional para: /var/www/meusite/palpite-do-bicho-nacional.html ---
DEBUG: Encontrei a marca <!--MARCA_AQUI--> -> 2 vezes no arquivo.
🛡️ Iniciando Blindagem para Nacional...
✅ Nacional finalizado com sucesso e páginas preservadas!
✅ SUCESSO NACIONAL! Cookies e Blindagem ativos (02/05/2026).
From https://github.com/pauloperes83/palpitesjogodobicho-site
 * branch            main       -> FETCH_HEAD
Already up to date.
[main 0f7557f] Auto Update Nacional 03/05/2026 Safe Mode
 3 files changed, 42 insertions(+), 30 deletions(-)
To https://github.com/pauloperes83/palpitesjogodobicho-site.git
   36c2d1d..0f7557f  main -> main
--- Iniciando Processo Nacional para: /var/www/meusite/palpite-do-bicho-nacional.html ---
DEBUG: Encontrei a marca <!--MARCA_AQUI--> -> 2 vezes no arquivo.
🛡️ Iniciando Blindagem para Nacional...
✅ Nacional finalizado com sucesso e páginas preservadas!
✅ SUCESSO NACIONAL! Cookies e Blindagem ativos (03/05/2026).
From https://github.com/pauloperes83/palpitesjogodobicho-site
 * branch            main       -> FETCH_HEAD
Already up to date.
[main 7e6e424] Auto Update Nacional 04/05/2026 Safe Mode
 3 files changed, 41 insertions(+), 29 deletions(-)
To https://github.com/pauloperes83/palpitesjogodobicho-site.git
   fa8823f..7e6e424  main -> main
--- Iniciando Processo Nacional para: /var/www/meusite/palpite-do-bicho-nacional.html ---
DEBUG: Encontrei a marca <!--MARCA_AQUI--> -> 2 vezes no arquivo.
🛡️ Iniciando Blindagem para Nacional...
✅ Nacional finalizado com sucesso e páginas preservadas!
✅ SUCESSO NACIONAL! Cookies e Blindagem ativos (04/05/2026).
From https://github.com/pauloperes83/palpitesjogodobicho-site
 * branch            main       -> FETCH_HEAD
Already up to date.
[main 54e9a0d] Auto Update Nacional 05/05/2026 Safe Mode
 3 files changed, 42 insertions(+), 30 deletions(-)
To https://github.com/pauloperes83/palpitesjogodobicho-site.git
   4c2088c..54e9a0d  main -> main
--- Iniciando Processo Nacional para: /var/www/meusite/palpite-do-bicho-nacional.html ---
DEBUG: Encontrei a marca <!--MARCA_AQUI--> -> 2 vezes no arquivo.
🛡️ Iniciando Blindagem para Nacional...
✅ Nacional finalizado com sucesso e páginas preservadas!
✅ SUCESSO NACIONAL! Cookies e Blindagem ativos (05/05/2026).
From https://github.com/pauloperes83/palpitesjogodobicho-site
 * branch            main       -> FETCH_HEAD
Already up to date.
[main 5d9b6b2] Auto Update Nacional 06/05/2026 Safe Mode
 3 files changed, 42 insertions(+), 30 deletions(-)
To https://github.com/pauloperes83/palpitesjogodobicho-site.git
   724ab3d..5d9b6b2  main -> main
--- Iniciando Processo Nacional para: /var/www/meusite/palpite-do-bicho-nacional.html ---
DEBUG: Encontrei a marca <!--MARCA_AQUI--> -> 2 vezes no arquivo.
🛡️ Iniciando Blindagem para Nacional...
✅ Nacional finalizado com sucesso e páginas preservadas!
✅ SUCESSO NACIONAL! Cookies e Blindagem ativos (06/05/2026).
From https://github.com/pauloperes83/palpitesjogodobicho-site
 * branch            main       -> FETCH_HEAD
Already up to date.
[main ad28bc1] Auto Update Nacional 07/05/2026 Safe Mode
 3 files changed, 39 insertions(+), 27 deletions(-)
To https://github.com/pauloperes83/palpitesjogodobicho-site.git
   d4247c2..ad28bc1  main -> main
--- Iniciando Processo Nacional para: /var/www/meusite/palpite-do-bicho-nacional.html ---
DEBUG: Encontrei a marca <!--MARCA_AQUI--> -> 2 vezes no arquivo.
🛡️ Iniciando Blindagem para Nacional...
✅ Nacional finalizado com sucesso e páginas preservadas!
✅ SUCESSO NACIONAL! Cookies e Blindagem ativos (07/05/2026).
From https://github.com/pauloperes83/palpitesjogodobicho-site
 * branch            main       -> FETCH_HEAD
Already up to date.
[main 2af2f27] Auto Update Nacional 08/05/2026 Safe Mode
 3 files changed, 41 insertions(+), 29 deletions(-)
To https://github.com/pauloperes83/palpitesjogodobicho-site.git
   83baca9..2af2f27  main -> main
--- Iniciando Processo Nacional para: /var/www/meusite/palpite-do-bicho-nacional.html ---
DEBUG: Encontrei a marca <!--MARCA_AQUI--> -> 2 vezes no arquivo.
🛡️ Iniciando Blindagem para Nacional...
✅ Nacional finalizado com sucesso e páginas preservadas!
✅ SUCESSO NACIONAL! Cookies e Blindagem ativos (08/05/2026).
From https://github.com/pauloperes83/palpitesjogodobicho-site
 * branch            main       -> FETCH_HEAD
Already up to date.
[main 2891bd7] Auto Update Nacional 09/05/2026 Safe Mode
 3 files changed, 40 insertions(+), 28 deletions(-)
To https://github.com/pauloperes83/palpitesjogodobicho-site.git
   f6d90c4..2891bd7  main -> main
--- Iniciando Processo Nacional para: /var/www/meusite/palpite-do-bicho-nacional.html ---
DEBUG: Encontrei a marca <!--MARCA_AQUI--> -> 2 vezes no arquivo.
🛡️ Iniciando Blindagem para Nacional...
✅ Nacional finalizado com sucesso e páginas preservadas!
✅ SUCESSO NACIONAL! Cookies e Blindagem ativos (09/05/2026).
From https://github.com/pauloperes83/palpitesjogodobicho-site
 * branch            main       -> FETCH_HEAD
Already up to date.
[main 72d3571] Auto Update Nacional 10/05/2026 Safe Mode
 3 files changed, 40 insertions(+), 28 deletions(-)
To https://github.com/pauloperes83/palpitesjogodobicho-site.git
   5d728a1..72d3571  main -> main
--- Iniciando Processo Nacional para: /var/www/meusite/palpite-do-bicho-nacional.html ---
DEBUG: Encontrei a marca <!--MARCA_AQUI--> -> 2 vezes no arquivo.
🛡️ Iniciando Blindagem para Nacional...
✅ Nacional finalizado com sucesso e páginas preservadas!
✅ SUCESSO NACIONAL! Cookies e Blindagem ativos (10/05/2026).
From https://github.com/pauloperes83/palpitesjogodobicho-site
 * branch            main       -> FETCH_HEAD
Already up to date.
[main 2519d65] Auto Update Nacional 11/05/2026 Safe Mode
 3 files changed, 38 insertions(+), 34 deletions(-)
To https://github.com/pauloperes83/palpitesjogodobicho-site.git
   e9cd2ad..2519d65  main -> main
--- Iniciando Processo Nacional para: /var/www/meusite/palpite-do-bicho-nacional.html ---
DEBUG: Encontrei a marca <!--MARCA_AQUI--> -> 2 vezes no arquivo.
🛡️ Iniciando Blindagem para Nacional...
✅ Nacional finalizado com sucesso e páginas preservadas!
✅ SUCESSO NACIONAL! Cookies e Blindagem ativos (11/05/2026).
From https://github.com/pauloperes83/palpitesjogodobicho-site
 * branch            main       -> FETCH_HEAD
Already up to date.
[main 95c9247] Auto Update Nacional 12/05/2026 Safe Mode
 3 files changed, 41 insertions(+), 21 deletions(-)
To https://github.com/pauloperes83/palpitesjogodobicho-site.git
   73ac33e..95c9247  main -> main
--- Iniciando Processo Nacional para: /var/www/meusite/palpite-do-bicho-nacional.html ---
DEBUG: Encontrei a marca <!--MARCA_AQUI--> -> 2 vezes no arquivo.
🛡️ Iniciando Blindagem para Nacional...
✅ Nacional finalizado com sucesso e páginas preservadas!
✅ SUCESSO NACIONAL! Cookies e Blindagem ativos (12/05/2026).
From https://github.com/pauloperes83/palpitesjogodobicho-site
 * branch            main       -> FETCH_HEAD
   a826e67..a51eccb  main       -> origin/main
Updating a826e67..a51eccb
Fast-forward
 aguia_prime.html |  2 +-
 leads.html       | 41 +++++++++++++++++++++++++++++++++++++++++
 2 files changed, 42 insertions(+), 1 deletion(-)
[main 0bdd4b7] Auto Update Nacional 13/05/2026 Safe Mode
 3 files changed, 46 insertions(+), 29 deletions(-)
To https://github.com/pauloperes83/palpitesjogodobicho-site.git
   a51eccb..0bdd4b7  main -> main
--- Iniciando Processo Nacional para: /var/www/meusite/palpite-do-bicho-nacional.html ---
DEBUG: Encontrei a marca <!--MARCA_AQUI--> -> 2 vezes no arquivo.
🛡️ Iniciando Blindagem para Nacional...
✅ Nacional finalizado com sucesso e páginas preservadas!
✅ SUCESSO NACIONAL! Cookies e Blindagem ativos (13/05/2026).
From https://github.com/pauloperes83/palpitesjogodobicho-site
 * branch            main       -> FETCH_HEAD
Already up to date.
[main de0a062] Auto Update Nacional 14/05/2026 Safe Mode
 3 files changed, 42 insertions(+), 30 deletions(-)
To https://github.com/pauloperes83/palpitesjogodobicho-site.git
   f1d107a..de0a062  main -> main
--- Iniciando Processo Nacional para: /var/www/meusite/palpite-do-bicho-nacional.html ---
DEBUG: Encontrei a marca <!--MARCA_AQUI--> -> 2 vezes no arquivo.
🛡️ Iniciando Blindagem para Nacional...
✅ Nacional finalizado com sucesso e páginas preservadas!
✅ SUCESSO NACIONAL! Cookies e Blindagem ativos (14/05/2026).
From https://github.com/pauloperes83/palpitesjogodobicho-site
 * branch            main       -> FETCH_HEAD
Already up to date.
[main 3d01226] Auto Update Nacional 15/05/2026 Safe Mode
 3 files changed, 37 insertions(+), 33 deletions(-)
To https://github.com/pauloperes83/palpitesjogodobicho-site.git
   1bf66b7..3d01226  main -> main
--- Iniciando Processo Nacional para: /var/www/meusite/palpite-do-bicho-nacional.html ---
DEBUG: Encontrei a marca <!--MARCA_AQUI--> -> 2 vezes no arquivo.
🛡️ Iniciando Blindagem para Nacional...
✅ Nacional finalizado com sucesso e páginas preservadas!
✅ SUCESSO NACIONAL! Cookies e Blindagem ativos (15/05/2026).
From https://github.com/pauloperes83/palpitesjogodobicho-site
 * branch            main       -> FETCH_HEAD
Already up to date.
[main 12142bb] Auto Update Nacional 16/05/2026 Safe Mode
 3 files changed, 42 insertions(+), 22 deletions(-)
To https://github.com/pauloperes83/palpitesjogodobicho-site.git
   add0f9a..12142bb  main -> main
--- Iniciando Processo Nacional para: /var/www/meusite/palpite-do-bicho-nacional.html ---
DEBUG: Encontrei a marca <!--MARCA_AQUI--> -> 2 vezes no arquivo.
🛡️ Iniciando Blindagem para Nacional...
✅ Nacional finalizado com sucesso e páginas preservadas!
✅ SUCESSO NACIONAL! Cookies e Blindagem ativos (16/05/2026).
From https://github.com/pauloperes83/palpitesjogodobicho-site
 * branch            main       -> FETCH_HEAD
Already up to date.
[main ecaa4d7] Auto Update Nacional 17/05/2026 Safe Mode
 3 files changed, 42 insertions(+), 30 deletions(-)
To https://github.com/pauloperes83/palpitesjogodobicho-site.git
   e3f2808..ecaa4d7  main -> main
--- Iniciando Processo Nacional para: /var/www/meusite/palpite-do-bicho-nacional.html ---
DEBUG: Encontrei a marca <!--MARCA_AQUI--> -> 2 vezes no arquivo.
🛡️ Iniciando Blindagem para Nacional...
✅ Nacional finalizado com sucesso e páginas preservadas!
✅ SUCESSO NACIONAL! Cookies e Blindagem ativos (17/05/2026).
From https://github.com/pauloperes83/palpitesjogodobicho-site
 * branch            main       -> FETCH_HEAD
Already up to date.
[main 664ef38] Auto Update Nacional 18/05/2026 Safe Mode
 3 files changed, 42 insertions(+), 30 deletions(-)
To https://github.com/pauloperes83/palpitesjogodobicho-site.git
   6957513..664ef38  main -> main
--- Iniciando Processo Nacional para: /var/www/meusite/palpite-do-bicho-nacional.html ---
DEBUG: Encontrei a marca <!--MARCA_AQUI--> -> 2 vezes no arquivo.
🛡️ Iniciando Blindagem para Nacional...
✅ Nacional finalizado com sucesso e páginas preservadas!
✅ SUCESSO NACIONAL! Cookies e Blindagem ativos (18/05/2026).
From https://github.com/pauloperes83/palpitesjogodobicho-site
 * branch            main       -> FETCH_HEAD
Already up to date.
[main ae9d785] Auto Update Nacional 19/05/2026 Safe Mode
 3 files changed, 38 insertions(+), 34 deletions(-)
To https://github.com/pauloperes83/palpitesjogodobicho-site.git
   5e7bed8..ae9d785  main -> main
--- Iniciando Processo Nacional para: /var/www/meusite/palpite-do-bicho-nacional.html ---
DEBUG: Encontrei a marca <!--MARCA_AQUI--> -> 2 vezes no arquivo.
🛡️ Iniciando Blindagem para Nacional...
✅ Nacional finalizado com sucesso e páginas preservadas!
✅ SUCESSO NACIONAL! Cookies e Blindagem ativos (19/05/2026).
From https://github.com/pauloperes83/palpitesjogodobicho-site
 * branch            main       -> FETCH_HEAD
Already up to date.
[main 313ec62] Auto Update Nacional 20/05/2026 Safe Mode
 3 files changed, 42 insertions(+), 22 deletions(-)
To https://github.com/pauloperes83/palpitesjogodobicho-site.git
   915b808..313ec62  main -> main
--- Iniciando Processo Nacional para: /var/www/meusite/palpite-do-bicho-nacional.html ---
DEBUG: Encontrei a marca <!--MARCA_AQUI--> -> 2 vezes no arquivo.
🛡️ Iniciando Blindagem para Nacional...
✅ Nacional finalizado com sucesso e páginas preservadas!
✅ SUCESSO NACIONAL! Cookies e Blindagem ativos (20/05/2026).
From https://github.com/pauloperes83/palpitesjogodobicho-site
 * branch            main       -> FETCH_HEAD
Already up to date.
[main 836588a] Auto Update Nacional 21/05/2026 Safe Mode
 3 files changed, 42 insertions(+), 30 deletions(-)
To https://github.com/pauloperes83/palpitesjogodobicho-site.git
   9ac9c77..836588a  main -> main
--- Iniciando Processo Nacional para: /var/www/meusite/palpite-do-bicho-nacional.html ---
DEBUG: Encontrei a marca <!--MARCA_AQUI--> -> 2 vezes no arquivo.
🛡️ Iniciando Blindagem para Nacional...
✅ Nacional finalizado com sucesso e páginas preservadas!
✅ SUCESSO NACIONAL! Cookies e Blindagem ativos (21/05/2026).
From https://github.com/pauloperes83/palpitesjogodobicho-site
 * branch            main       -> FETCH_HEAD
Already up to date.
[main 9f311be] Auto Update Nacional 22/05/2026 Safe Mode
 3 files changed, 42 insertions(+), 30 deletions(-)
To https://github.com/pauloperes83/palpitesjogodobicho-site.git
   1fb860d..9f311be  main -> main
--- Iniciando Processo Nacional para: /var/www/meusite/palpite-do-bicho-nacional.html ---
DEBUG: Encontrei a marca <!--MARCA_AQUI--> -> 2 vezes no arquivo.
🛡️ Iniciando Blindagem para Nacional...
✅ Nacional finalizado com sucesso e páginas preservadas!
✅ SUCESSO NACIONAL! Cookies e Blindagem ativos (22/05/2026).
From https://github.com/pauloperes83/palpitesjogodobicho-site
 * branch            main       -> FETCH_HEAD
Already up to date.
[main a99b28c] Auto Update Nacional 23/05/2026 Safe Mode
 3 files changed, 42 insertions(+), 30 deletions(-)
To https://github.com/pauloperes83/palpitesjogodobicho-site.git
   a73c6e6..a99b28c  main -> main
--- Iniciando Processo Nacional para: /var/www/meusite/palpite-do-bicho-nacional.html ---
DEBUG: Encontrei a marca <!--MARCA_AQUI--> -> 2 vezes no arquivo.
🛡️ Iniciando Blindagem para Nacional...
✅ Nacional finalizado com sucesso e páginas preservadas!
✅ SUCESSO NACIONAL! Cookies e Blindagem ativos (23/05/2026).
From https://github.com/pauloperes83/palpitesjogodobicho-site
 * branch            main       -> FETCH_HEAD
Already up to date.
[main b09a893] Auto Update Nacional 24/05/2026 Safe Mode
 3 files changed, 42 insertions(+), 30 deletions(-)
To https://github.com/pauloperes83/palpitesjogodobicho-site.git
   ddc1afc..b09a893  main -> main
--- Iniciando Processo Nacional para: /var/www/meusite/palpite-do-bicho-nacional.html ---
DEBUG: Encontrei a marca <!--MARCA_AQUI--> -> 2 vezes no arquivo.
🛡️ Iniciando Blindagem para Nacional...
✅ Nacional finalizado com sucesso e páginas preservadas!
✅ SUCESSO NACIONAL! Cookies e Blindagem ativos (24/05/2026).
From https://github.com/pauloperes83/palpitesjogodobicho-site
 * branch            main       -> FETCH_HEAD
Already up to date.
[main f6586aa] Auto Update Nacional 25/05/2026 Safe Mode
 3 files changed, 42 insertions(+), 30 deletions(-)
To https://github.com/pauloperes83/palpitesjogodobicho-site.git
   169f7c7..f6586aa  main -> main
--- Iniciando Processo Nacional para: /var/www/meusite/palpite-do-bicho-nacional.html ---
DEBUG: Encontrei a marca <!--MARCA_AQUI--> -> 2 vezes no arquivo.
🛡️ Iniciando Blindagem para Nacional...
✅ Nacional finalizado com sucesso e páginas preservadas!
✅ SUCESSO NACIONAL! Cookies e Blindagem ativos (25/05/2026).
From https://github.com/pauloperes83/palpitesjogodobicho-site
 * branch            main       -> FETCH_HEAD
Already up to date.
[main 78efe6f] Auto Update Nacional 26/05/2026 Safe Mode
 3 files changed, 42 insertions(+), 30 deletions(-)
To https://github.com/pauloperes83/palpitesjogodobicho-site.git
   10d2b53..78efe6f  main -> main
--- Iniciando Processo Nacional para: /var/www/meusite/palpite-do-bicho-nacional.html ---
DEBUG: Encontrei a marca <!--MARCA_AQUI--> -> 2 vezes no arquivo.
🛡️ Iniciando Blindagem para Nacional...
✅ Nacional finalizado com sucesso e páginas preservadas!
✅ SUCESSO NACIONAL! Cookies e Blindagem ativos (26/05/2026).
From https://github.com/pauloperes83/palpitesjogodobicho-site
 * branch            main       -> FETCH_HEAD
Already up to date.
[main b115c31] Auto Update Nacional 27/05/2026 Safe Mode
 3 files changed, 42 insertions(+), 30 deletions(-)
To https://github.com/pauloperes83/palpitesjogodobicho-site.git
   3480aac..b115c31  main -> main
--- Iniciando Processo Nacional para: /var/www/meusite/palpite-do-bicho-nacional.html ---
DEBUG: Encontrei a marca <!--MARCA_AQUI--> -> 2 vezes no arquivo.
🛡️ Iniciando Blindagem para Nacional...
✅ Nacional finalizado com sucesso e páginas preservadas!
✅ SUCESSO NACIONAL! Cookies e Blindagem ativos (27/05/2026).
From https://github.com/pauloperes83/palpitesjogodobicho-site
 * branch            main       -> FETCH_HEAD
Already up to date.
[main db4fb82] Auto Update Nacional 28/05/2026 Safe Mode
 3 files changed, 42 insertions(+), 30 deletions(-)
To https://github.com/pauloperes83/palpitesjogodobicho-site.git
   dff3290..db4fb82  main -> main
--- Iniciando Processo Nacional para: /var/www/meusite/palpite-do-bicho-nacional.html ---
DEBUG: Encontrei a marca <!--MARCA_AQUI--> -> 2 vezes no arquivo.
🛡️ Iniciando Blindagem para Nacional...
✅ Nacional finalizado com sucesso e páginas preservadas!
✅ SUCESSO NACIONAL! Cookies e Blindagem ativos (28/05/2026).
From https://github.com/pauloperes83/palpitesjogodobicho-site
 * branch            main       -> FETCH_HEAD
Already up to date.
[main a379558] Auto Update Nacional 29/05/2026 Safe Mode
 3 files changed, 40 insertions(+), 28 deletions(-)
To https://github.com/pauloperes83/palpitesjogodobicho-site.git
   cf201e0..a379558  main -> main
--- Iniciando Processo Nacional para: /var/www/meusite/palpite-do-bicho-nacional.html ---
DEBUG: Encontrei a marca <!--MARCA_AQUI--> -> 2 vezes no arquivo.
🛡️ Iniciando Blindagem para Nacional...
✅ Nacional finalizado com sucesso e páginas preservadas!
✅ SUCESSO NACIONAL! Cookies e Blindagem ativos (29/05/2026).
From https://github.com/pauloperes83/palpitesjogodobicho-site
 * branch            main       -> FETCH_HEAD
Already up to date.
[main ce2575d] Auto Update Nacional 30/05/2026 Safe Mode
 3 files changed, 42 insertions(+), 30 deletions(-)
To https://github.com/pauloperes83/palpitesjogodobicho-site.git
   ba521fe..ce2575d  main -> main
--- Iniciando Processo Nacional para: /var/www/meusite/palpite-do-bicho-nacional.html ---
DEBUG: Encontrei a marca <!--MARCA_AQUI--> -> 2 vezes no arquivo.
🛡️ Iniciando Blindagem para Nacional...
✅ Nacional finalizado com sucesso e páginas preservadas!
✅ SUCESSO NACIONAL! Cookies e Blindagem ativos (30/05/2026).
From https://github.com/pauloperes83/palpitesjogodobicho-site
 * branch            main       -> FETCH_HEAD
Already up to date.
[main 1511b97] Auto Update Nacional 31/05/2026 Safe Mode
 3 files changed, 42 insertions(+), 30 deletions(-)
To https://github.com/pauloperes83/palpitesjogodobicho-site.git
   cde0193..1511b97  main -> main
--- Iniciando Processo Nacional para: /var/www/meusite/palpite-do-bicho-nacional.html ---
DEBUG: Encontrei a marca <!--MARCA_AQUI--> -> 2 vezes no arquivo.
🛡️ Iniciando Blindagem para Nacional...
✅ Nacional finalizado com sucesso e páginas preservadas!
✅ SUCESSO NACIONAL! Cookies e Blindagem ativos (31/05/2026).
From https://github.com/pauloperes83/palpitesjogodobicho-site
 * branch            main       -> FETCH_HEAD
Already up to date.
[main beb97ea] Auto Update Nacional 01/06/2026 Safe Mode
 3 files changed, 42 insertions(+), 30 deletions(-)
To https://github.com/pauloperes83/palpitesjogodobicho-site.git
   ec1d0a4..beb97ea  main -> main
--- Iniciando Processo Nacional para: /var/www/meusite/palpite-do-bicho-nacional.html ---
DEBUG: Encontrei a marca <!--MARCA_AQUI--> -> 2 vezes no arquivo.
🛡️ Iniciando Blindagem para Nacional...
✅ Nacional finalizado com sucesso e páginas preservadas!
✅ SUCESSO NACIONAL! Cookies e Blindagem ativos (01/06/2026).
From https://github.com/pauloperes83/palpitesjogodobicho-site
 * branch            main       -> FETCH_HEAD
Already up to date.
[main 2fb8ce4] Auto Update Nacional 02/06/2026 Safe Mode
 3 files changed, 42 insertions(+), 30 deletions(-)
To https://github.com/pauloperes83/palpitesjogodobicho-site.git
   c4f6bd0..2fb8ce4  main -> main
--- Iniciando Processo Nacional para: /var/www/meusite/palpite-do-bicho-nacional.html ---
DEBUG: Encontrei a marca <!--MARCA_AQUI--> -> 2 vezes no arquivo.
🛡️ Iniciando Blindagem para Nacional...
✅ Nacional finalizado com sucesso e páginas preservadas!
✅ SUCESSO NACIONAL! Cookies e Blindagem ativos (02/06/2026).
From https://github.com/pauloperes83/palpitesjogodobicho-site
 * branch            main       -> FETCH_HEAD
Already up to date.
[main 1d240c4] Auto Update Nacional 03/06/2026 Safe Mode
 3 files changed, 42 insertions(+), 30 deletions(-)
To https://github.com/pauloperes83/palpitesjogodobicho-site.git
   1284e0b..1d240c4  main -> main
--- Iniciando Processo Nacional para: /var/www/meusite/palpite-do-bicho-nacional.html ---
DEBUG: Encontrei a marca <!--MARCA_AQUI--> -> 2 vezes no arquivo.
🛡️ Iniciando Blindagem para Nacional...
✅ Nacional finalizado com sucesso e páginas preservadas!
✅ SUCESSO NACIONAL! Cookies e Blindagem ativos (03/06/2026).
From https://github.com/pauloperes83/palpitesjogodobicho-site
 * branch            main       -> FETCH_HEAD
Already up to date.
[main 2bf35b9] Auto Update Nacional 04/06/2026 Safe Mode
 3 files changed, 41 insertions(+), 29 deletions(-)
To https://github.com/pauloperes83/palpitesjogodobicho-site.git
   802584b..2bf35b9  main -> main
--- Iniciando Processo Nacional para: /var/www/meusite/palpite-do-bicho-nacional.html ---
DEBUG: Encontrei a marca <!--MARCA_AQUI--> -> 2 vezes no arquivo.
🛡️ Iniciando Blindagem para Nacional...
✅ Nacional finalizado com sucesso e páginas preservadas!
✅ SUCESSO NACIONAL! Cookies e Blindagem ativos (04/06/2026).
From https://github.com/pauloperes83/palpitesjogodobicho-site
 * branch            main       -> FETCH_HEAD
Already up to date.
[main 048eb03] Auto Update Nacional 05/06/2026 Safe Mode
 3 files changed, 42 insertions(+), 30 deletions(-)
To https://github.com/pauloperes83/palpitesjogodobicho-site.git
   8c8ad23..048eb03  main -> main
--- Iniciando Processo Nacional para: /var/www/meusite/palpite-do-bicho-nacional.html ---
DEBUG: Encontrei a marca <!--MARCA_AQUI--> -> 2 vezes no arquivo.
🛡️ Iniciando Blindagem para Nacional...
✅ Nacional finalizado com sucesso e páginas preservadas!
✅ SUCESSO NACIONAL! Cookies e Blindagem ativos (05/06/2026).
From https://github.com/pauloperes83/palpitesjogodobicho-site
 * branch            main       -> FETCH_HEAD
Already up to date.
[main 7c8f637] Auto Update Nacional 06/06/2026 Safe Mode
 3 files changed, 42 insertions(+), 30 deletions(-)
To https://github.com/pauloperes83/palpitesjogodobicho-site.git
   6b87f22..7c8f637  main -> main
--- Iniciando Processo Nacional para: /var/www/meusite/palpite-do-bicho-nacional.html ---
DEBUG: Encontrei a marca <!--MARCA_AQUI--> -> 2 vezes no arquivo.
🛡️ Iniciando Blindagem para Nacional...
✅ Nacional finalizado com sucesso e páginas preservadas!
✅ SUCESSO NACIONAL! Cookies e Blindagem ativos (06/06/2026).
From https://github.com/pauloperes83/palpitesjogodobicho-site
 * branch            main       -> FETCH_HEAD
Already up to date.
[main fc13ba3] Auto Update Nacional 07/06/2026 Safe Mode
 3 files changed, 40 insertions(+), 28 deletions(-)
To https://github.com/pauloperes83/palpitesjogodobicho-site.git
   009b10b..fc13ba3  main -> main
--- Iniciando Processo Nacional para: /var/www/meusite/palpite-do-bicho-nacional.html ---
DEBUG: Encontrei a marca <!--MARCA_AQUI--> -> 2 vezes no arquivo.
🛡️ Iniciando Blindagem para Nacional...
✅ Nacional finalizado com sucesso e páginas preservadas!
✅ SUCESSO NACIONAL! Cookies e Blindagem ativos (07/06/2026).
From https://github.com/pauloperes83/palpitesjogodobicho-site
 * branch            main       -> FETCH_HEAD
Already up to date.
[main 54f3203] Auto Update Nacional 08/06/2026 Safe Mode
 3 files changed, 41 insertions(+), 29 deletions(-)
To https://github.com/pauloperes83/palpitesjogodobicho-site.git
   dd1f1e4..54f3203  main -> main
--- Iniciando Processo Nacional para: /var/www/meusite/palpite-do-bicho-nacional.html ---
DEBUG: Encontrei a marca <!--MARCA_AQUI--> -> 2 vezes no arquivo.
🛡️ Iniciando Blindagem para Nacional...
✅ Nacional finalizado com sucesso e páginas preservadas!
✅ SUCESSO NACIONAL! Cookies e Blindagem ativos (08/06/2026).
From https://github.com/pauloperes83/palpitesjogodobicho-site
 * branch            main       -> FETCH_HEAD
Already up to date.
[main d34bf8d] Auto Update Nacional 09/06/2026 Safe Mode
 3 files changed, 41 insertions(+), 29 deletions(-)
To https://github.com/pauloperes83/palpitesjogodobicho-site.git
   618d4d5..d34bf8d  main -> main
--- Iniciando Processo Nacional para: /var/www/meusite/palpite-do-bicho-nacional.html ---
DEBUG: Encontrei a marca <!--MARCA_AQUI--> -> 2 vezes no arquivo.
🛡️ Iniciando Blindagem para Nacional...
✅ Nacional finalizado com sucesso e páginas preservadas!
✅ SUCESSO NACIONAL! Cookies e Blindagem ativos (09/06/2026).
From https://github.com/pauloperes83/palpitesjogodobicho-site
 * branch            main       -> FETCH_HEAD
Already up to date.
[main c7816d8] Auto Update Nacional 10/06/2026 Safe Mode
 3 files changed, 41 insertions(+), 29 deletions(-)
To https://github.com/pauloperes83/palpitesjogodobicho-site.git
   563583e..c7816d8  main -> main
--- Iniciando Processo Nacional para: /var/www/meusite/palpite-do-bicho-nacional.html ---
DEBUG: Encontrei a marca <!--MARCA_AQUI--> -> 2 vezes no arquivo.
🛡️ Iniciando Blindagem para Nacional...
✅ Nacional finalizado com sucesso e páginas preservadas!
✅ SUCESSO NACIONAL! Cookies e Blindagem ativos (10/06/2026).
From https://github.com/pauloperes83/palpitesjogodobicho-site
 * branch            main       -> FETCH_HEAD
Already up to date.
[main 8e6eac8] Auto Update Nacional 11/06/2026 Safe Mode
 3 files changed, 38 insertions(+), 34 deletions(-)
To https://github.com/pauloperes83/palpitesjogodobicho-site.git
   e175afa..8e6eac8  main -> main
--- Iniciando Processo Nacional para: /var/www/meusite/palpite-do-bicho-nacional.html ---
DEBUG: Encontrei a marca <!--MARCA_AQUI--> -> 2 vezes no arquivo.
🛡️ Iniciando Blindagem para Nacional...
✅ Nacional finalizado com sucesso e páginas preservadas!
✅ SUCESSO NACIONAL! Cookies e Blindagem ativos (11/06/2026).
From https://github.com/pauloperes83/palpitesjogodobicho-site
 * branch            main       -> FETCH_HEAD
Already up to date.
[main b6fc677] Auto Update Nacional 12/06/2026 Safe Mode
 3 files changed, 42 insertions(+), 22 deletions(-)
To https://github.com/pauloperes83/palpitesjogodobicho-site.git
   14ec3ed..b6fc677  main -> main
--- Iniciando Processo Nacional para: /var/www/meusite/palpite-do-bicho-nacional.html ---
DEBUG: Encontrei a marca <!--MARCA_AQUI--> -> 2 vezes no arquivo.
🛡️ Iniciando Blindagem para Nacional...
✅ Nacional finalizado com sucesso e páginas preservadas!
✅ SUCESSO NACIONAL! Cookies e Blindagem ativos (12/06/2026).
From https://github.com/pauloperes83/palpitesjogodobicho-site
 * branch            main       -> FETCH_HEAD
Already up to date.
[main 469cc56] Auto Update Nacional 13/06/2026 Safe Mode
 3 files changed, 40 insertions(+), 28 deletions(-)
To https://github.com/pauloperes83/palpitesjogodobicho-site.git
   f754d3a..469cc56  main -> main
--- Iniciando Processo Nacional para: /var/www/meusite/palpite-do-bicho-nacional.html ---
DEBUG: Encontrei a marca <!--MARCA_AQUI--> -> 2 vezes no arquivo.
🛡️ Iniciando Blindagem para Nacional...
✅ Nacional finalizado com sucesso e páginas preservadas!
✅ SUCESSO NACIONAL! Cookies e Blindagem ativos (13/06/2026).
From https://github.com/pauloperes83/palpitesjogodobicho-site
 * branch            main       -> FETCH_HEAD
Already up to date.
[main f08179e] Auto Update Nacional 14/06/2026 Safe Mode
 3 files changed, 42 insertions(+), 30 deletions(-)
To https://github.com/pauloperes83/palpitesjogodobicho-site.git
   11b9326..f08179e  main -> main
--- Iniciando Processo Nacional para: /var/www/meusite/palpite-do-bicho-nacional.html ---
DEBUG: Encontrei a marca <!--MARCA_AQUI--> -> 2 vezes no arquivo.
🛡️ Iniciando Blindagem para Nacional...
✅ Nacional finalizado com sucesso e páginas preservadas!
✅ SUCESSO NACIONAL! Cookies e Blindagem ativos (14/06/2026).
From https://github.com/pauloperes83/palpitesjogodobicho-site
 * branch            main       -> FETCH_HEAD
Already up to date.
[main 6d16039] Auto Update Nacional 15/06/2026 Safe Mode
 3 files changed, 37 insertions(+), 33 deletions(-)
To https://github.com/pauloperes83/palpitesjogodobicho-site.git
   45b76f4..6d16039  main -> main
--- Iniciando Processo Nacional para: /var/www/meusite/palpite-do-bicho-nacional.html ---
DEBUG: Encontrei a marca <!--MARCA_AQUI--> -> 2 vezes no arquivo.
🛡️ Iniciando Blindagem para Nacional...
✅ Nacional finalizado com sucesso e páginas preservadas!
✅ SUCESSO NACIONAL! Cookies e Blindagem ativos (15/06/2026).
From https://github.com/pauloperes83/palpitesjogodobicho-site
 * branch            main       -> FETCH_HEAD
Already up to date.
[main 7caad72] Auto Update Nacional 16/06/2026 Safe Mode
 3 files changed, 44 insertions(+), 24 deletions(-)
To https://github.com/pauloperes83/palpitesjogodobicho-site.git
   5470954..7caad72  main -> main
--- Iniciando Processo Nacional para: /var/www/meusite/palpite-do-bicho-nacional.html ---
DEBUG: Encontrei a marca <!--MARCA_AQUI--> -> 2 vezes no arquivo.
🛡️ Iniciando Blindagem para Nacional...
✅ Nacional finalizado com sucesso e páginas preservadas!
✅ SUCESSO NACIONAL! Cookies e Blindagem ativos (16/06/2026).
From https://github.com/pauloperes83/palpitesjogodobicho-site
 * branch            main       -> FETCH_HEAD
Already up to date.
[main 4f0f9ef] Auto Update Nacional 17/06/2026 Safe Mode
 3 files changed, 42 insertions(+), 30 deletions(-)
To https://github.com/pauloperes83/palpitesjogodobicho-site.git
   d91e192..4f0f9ef  main -> main
--- Iniciando Processo Nacional para: /var/www/meusite/palpite-do-bicho-nacional.html ---
DEBUG: Encontrei a marca <!--MARCA_AQUI--> -> 2 vezes no arquivo.
🛡️ Iniciando Blindagem para Nacional...
✅ Nacional finalizado com sucesso e páginas preservadas!
✅ SUCESSO NACIONAL! Cookies e Blindagem ativos (17/06/2026).
