[main 282f9e5] Auto Update Caminho 13/04/2026
 1 file changed, 52 insertions(+), 2 deletions(-)
To https://github.com/pauloperes83/palpitesjogodobicho-site.git
   8265472..282f9e5  main -> main
✅ SUCESSO CAMINHO DA SORTE! Atualizado para segunda-feira (13/04/2026).
Traceback (most recent call last):
  File "/var/www/meusite/robo_caminho_da_sorte.py", line 93, in <module>
    partes = conteudo.split(CHAVE)
             ^^^^^^^^^^^^^^^^^^^^^
ValueError: empty separator
[main c5c0cb6] Auto Update Caminho 15/04/2026
 1 file changed, 32 insertions(+), 30 deletions(-)
To https://github.com/pauloperes83/palpitesjogodobicho-site.git
   5c5b3d2..c5c0cb6  main -> main
✅ SUCESSO! Atualizado para quarta-feira (15/04/2026).
[main f0bb182] Auto Update Caminho 16/04/2026
 1 file changed, 35 insertions(+), 33 deletions(-)
To https://github.com/pauloperes83/palpitesjogodobicho-site.git
   a97e623..f0bb182  main -> main
✅ SUCESSO! Atualizado para quinta-feira (16/04/2026).
Traceback (most recent call last):
  File "/var/www/meusite/robo_caminho_da_sorte.py", line 100, in <module>
    enviar_pro_github(data_str, "Caminho da Sorte")
TypeError: enviar_pro_github() missing 1 required positional argument: 'loteria_nome'
From https://github.com/pauloperes83/palpitesjogodobicho-site
 * branch            main       -> FETCH_HEAD
Already up to date.
[main 94ce885] Auto Update Atualização Caminho da Sorte Safe Mode
 3 files changed, 41 insertions(+), 29 deletions(-)
To https://github.com/pauloperes83/palpitesjogodobicho-site.git
   adbb48e..94ce885  main -> main
🛡️ Iniciando Blindagem para Atualização...
✅ Atualização finalizado com sucesso e páginas preservadas!
✅ SUCESSO! Atualizado para sábado (18/04/2026).
From https://github.com/pauloperes83/palpitesjogodobicho-site
 * branch            main       -> FETCH_HEAD
Already up to date.
[main e352bee] Auto Update Atualização Caminho da Sorte Safe Mode
 3 files changed, 38 insertions(+), 26 deletions(-)
To https://github.com/pauloperes83/palpitesjogodobicho-site.git
   470f123..e352bee  main -> main
🛡️ Iniciando Blindagem para Atualização...
✅ Atualização finalizado com sucesso e páginas preservadas!
✅ SUCESSO! Atualizado para domingo (19/04/2026).
From https://github.com/pauloperes83/palpitesjogodobicho-site
 * branch            main       -> FETCH_HEAD
Already up to date.
[main 4f4d7bf] Auto Update Atualização Caminho da Sorte Safe Mode
 3 files changed, 41 insertions(+), 29 deletions(-)
To https://github.com/pauloperes83/palpitesjogodobicho-site.git
   64f014f..4f4d7bf  main -> main
🛡️ Iniciando Blindagem para Atualização...
✅ Atualização finalizado com sucesso e páginas preservadas!
✅ SUCESSO! Atualizado para segunda-feira (20/04/2026).
From https://github.com/pauloperes83/palpitesjogodobicho-site
 * branch            main       -> FETCH_HEAD
Already up to date.
[main 0624491] Auto Update Atualização Caminho da Sorte Safe Mode
 3 files changed, 41 insertions(+), 29 deletions(-)
To https://github.com/pauloperes83/palpitesjogodobicho-site.git
   9f6ef76..0624491  main -> main
🛡️ Iniciando Blindagem para Atualização...
✅ Atualização finalizado com sucesso e páginas preservadas!
✅ SUCESSO! Atualizado para terça-feira (21/04/2026).
From https://github.com/pauloperes83/palpitesjogodobicho-site
 * branch            main       -> FETCH_HEAD
Already up to date.
[main 2a08430] Auto Update Atualização Caminho da Sorte Safe Mode
 3 files changed, 43 insertions(+), 31 deletions(-)
To https://github.com/pauloperes83/palpitesjogodobicho-site.git
   d40a884..2a08430  main -> main
🛡️ Iniciando Blindagem para Atualização...
✅ Atualização finalizado com sucesso e páginas preservadas!
✅ SUCESSO! Atualizado para quarta-feira (22/04/2026).
From https://github.com/pauloperes83/palpitesjogodobicho-site
 * branch            main       -> FETCH_HEAD
Already up to date.
[main 1236751] Auto Update Atualização Caminho da Sorte Safe Mode
 3 files changed, 39 insertions(+), 27 deletions(-)
To https://github.com/pauloperes83/palpitesjogodobicho-site.git
   f2702be..1236751  main -> main
🛡️ Iniciando Blindagem para Atualização...
✅ Atualização finalizado com sucesso e páginas preservadas!
✅ SUCESSO! Atualizado para quinta-feira (23/04/2026).
From https://github.com/pauloperes83/palpitesjogodobicho-site
 * branch            main       -> FETCH_HEAD
Already up to date.
[main 338bbf8] Auto Update Atualização Caminho da Sorte Safe Mode
 3 files changed, 39 insertions(+), 27 deletions(-)
To https://github.com/pauloperes83/palpitesjogodobicho-site.git
   d6627f7..338bbf8  main -> main
🛡️ Iniciando Blindagem para Atualização...
✅ Atualização finalizado com sucesso e páginas preservadas!
✅ SUCESSO! Atualizado para sexta-feira (24/04/2026).
From https://github.com/pauloperes83/palpitesjogodobicho-site
 * branch            main       -> FETCH_HEAD
Already up to date.
[main 8762339] Auto Update Atualização Caminho da Sorte Safe Mode
 3 files changed, 43 insertions(+), 31 deletions(-)
To https://github.com/pauloperes83/palpitesjogodobicho-site.git
   c3b80ab..8762339  main -> main
🛡️ Iniciando Blindagem para Atualização...
✅ Atualização finalizado com sucesso e páginas preservadas!
✅ SUCESSO! Atualizado para sábado (25/04/2026).
From https://github.com/pauloperes83/palpitesjogodobicho-site
 * branch            main       -> FETCH_HEAD
Already up to date.
[main d6a9e15] Auto Update Atualização Caminho da Sorte Safe Mode
 3 files changed, 44 insertions(+), 32 deletions(-)
To https://github.com/pauloperes83/palpitesjogodobicho-site.git
   9af6482..d6a9e15  main -> main
🛡️ Iniciando Blindagem para Atualização...
✅ Atualização finalizado com sucesso e páginas preservadas!
✅ SUCESSO! Atualizado para domingo (26/04/2026).
From https://github.com/pauloperes83/palpitesjogodobicho-site
 * branch            main       -> FETCH_HEAD
Already up to date.
[main 888c5db] Auto Update Atualização Caminho da Sorte Safe Mode
 3 files changed, 41 insertions(+), 29 deletions(-)
To https://github.com/pauloperes83/palpitesjogodobicho-site.git
   e8312c5..888c5db  main -> main
🛡️ Iniciando Blindagem para Atualização...
✅ Atualização finalizado com sucesso e páginas preservadas!
✅ SUCESSO! Atualizado para segunda-feira (27/04/2026).
From https://github.com/pauloperes83/palpitesjogodobicho-site
 * branch            main       -> FETCH_HEAD
Already up to date.
[main 37c809a] Auto Update Atualização Caminho da Sorte Safe Mode
 3 files changed, 40 insertions(+), 28 deletions(-)
To https://github.com/pauloperes83/palpitesjogodobicho-site.git
   23d6628..37c809a  main -> main
🛡️ Iniciando Blindagem para Atualização...
✅ Atualização finalizado com sucesso e páginas preservadas!
✅ SUCESSO! Atualizado para terça-feira (28/04/2026).
From https://github.com/pauloperes83/palpitesjogodobicho-site
 * branch            main       -> FETCH_HEAD
Already up to date.
[main 1070821] Auto Update Atualização Caminho da Sorte Safe Mode
 3 files changed, 40 insertions(+), 28 deletions(-)
To https://github.com/pauloperes83/palpitesjogodobicho-site.git
   4e6084d..1070821  main -> main
🛡️ Iniciando Blindagem para Atualização...
✅ Atualização finalizado com sucesso e páginas preservadas!
✅ SUCESSO! Atualizado para quarta-feira (29/04/2026).
From https://github.com/pauloperes83/palpitesjogodobicho-site
 * branch            main       -> FETCH_HEAD
Already up to date.
[main ac00ebe] Auto Update Atualização Caminho da Sorte Safe Mode
 3 files changed, 39 insertions(+), 27 deletions(-)
To https://github.com/pauloperes83/palpitesjogodobicho-site.git
   a6cd5a7..ac00ebe  main -> main
🛡️ Iniciando Blindagem para Atualização...
✅ Atualização finalizado com sucesso e páginas preservadas!
✅ SUCESSO! Atualizado para quinta-feira (30/04/2026).
From https://github.com/pauloperes83/palpitesjogodobicho-site
 * branch            main       -> FETCH_HEAD
Already up to date.
[main c7b688c] Auto Update Atualização Caminho da Sorte Safe Mode
 3 files changed, 40 insertions(+), 28 deletions(-)
To https://github.com/pauloperes83/palpitesjogodobicho-site.git
   cb70bc1..c7b688c  main -> main
🛡️ Iniciando Blindagem para Atualização...
✅ Atualização finalizado com sucesso e páginas preservadas!
✅ SUCESSO! Atualizado para sexta-feira (01/05/2026).
From https://github.com/pauloperes83/palpitesjogodobicho-site
 * branch            main       -> FETCH_HEAD
Already up to date.
[main 59f209c] Auto Update Atualização Caminho da Sorte Safe Mode
 3 files changed, 41 insertions(+), 29 deletions(-)
To https://github.com/pauloperes83/palpitesjogodobicho-site.git
   e5bc366..59f209c  main -> main
🛡️ Iniciando Blindagem para Atualização...
✅ Atualização finalizado com sucesso e páginas preservadas!
✅ SUCESSO! Atualizado para sábado (02/05/2026).
From https://github.com/pauloperes83/palpitesjogodobicho-site
 * branch            main       -> FETCH_HEAD
Already up to date.
[main 8cfe351] Auto Update Atualização Caminho da Sorte Safe Mode
 3 files changed, 40 insertions(+), 28 deletions(-)
To https://github.com/pauloperes83/palpitesjogodobicho-site.git
   83ac35a..8cfe351  main -> main
🛡️ Iniciando Blindagem para Atualização...
✅ Atualização finalizado com sucesso e páginas preservadas!
✅ SUCESSO! Atualizado para domingo (03/05/2026).
From https://github.com/pauloperes83/palpitesjogodobicho-site
 * branch            main       -> FETCH_HEAD
Already up to date.
[main 05d1f7e] Auto Update Atualização Caminho da Sorte Safe Mode
 3 files changed, 39 insertions(+), 27 deletions(-)
To https://github.com/pauloperes83/palpitesjogodobicho-site.git
   aaba468..05d1f7e  main -> main
🛡️ Iniciando Blindagem para Atualização...
✅ Atualização finalizado com sucesso e páginas preservadas!
✅ SUCESSO! Atualizado para segunda-feira (04/05/2026).
From https://github.com/pauloperes83/palpitesjogodobicho-site
 * branch            main       -> FETCH_HEAD
Already up to date.
[main fd017ac] Auto Update Atualização Caminho da Sorte Safe Mode
 3 files changed, 37 insertions(+), 25 deletions(-)
To https://github.com/pauloperes83/palpitesjogodobicho-site.git
   bddbf22..fd017ac  main -> main
🛡️ Iniciando Blindagem para Atualização...
✅ Atualização finalizado com sucesso e páginas preservadas!
✅ SUCESSO! Atualizado para terça-feira (05/05/2026).
From https://github.com/pauloperes83/palpitesjogodobicho-site
 * branch            main       -> FETCH_HEAD
Already up to date.
[main 523adaa] Auto Update Atualização Caminho da Sorte Safe Mode
 3 files changed, 41 insertions(+), 29 deletions(-)
To https://github.com/pauloperes83/palpitesjogodobicho-site.git
   f9b5406..523adaa  main -> main
🛡️ Iniciando Blindagem para Atualização...
✅ Atualização finalizado com sucesso e páginas preservadas!
✅ SUCESSO! Atualizado para quarta-feira (06/05/2026).
From https://github.com/pauloperes83/palpitesjogodobicho-site
 * branch            main       -> FETCH_HEAD
Already up to date.
[main a87c135] Auto Update Atualização Caminho da Sorte Safe Mode
 3 files changed, 43 insertions(+), 31 deletions(-)
To https://github.com/pauloperes83/palpitesjogodobicho-site.git
   5a3d865..a87c135  main -> main
🛡️ Iniciando Blindagem para Atualização...
✅ Atualização finalizado com sucesso e páginas preservadas!
✅ SUCESSO! Atualizado para quinta-feira (07/05/2026).
From https://github.com/pauloperes83/palpitesjogodobicho-site
 * branch            main       -> FETCH_HEAD
Already up to date.
[main ea5adb6] Auto Update Atualização Caminho da Sorte Safe Mode
 3 files changed, 43 insertions(+), 31 deletions(-)
To https://github.com/pauloperes83/palpitesjogodobicho-site.git
   3c179a4..ea5adb6  main -> main
🛡️ Iniciando Blindagem para Atualização...
✅ Atualização finalizado com sucesso e páginas preservadas!
✅ SUCESSO! Atualizado para sexta-feira (08/05/2026).
From https://github.com/pauloperes83/palpitesjogodobicho-site
 * branch            main       -> FETCH_HEAD
Already up to date.
[main 2c816dd] Auto Update Atualização Caminho da Sorte Safe Mode
 3 files changed, 41 insertions(+), 29 deletions(-)
To https://github.com/pauloperes83/palpitesjogodobicho-site.git
   99587f3..2c816dd  main -> main
🛡️ Iniciando Blindagem para Atualização...
✅ Atualização finalizado com sucesso e páginas preservadas!
✅ SUCESSO! Atualizado para sábado (09/05/2026).
From https://github.com/pauloperes83/palpitesjogodobicho-site
 * branch            main       -> FETCH_HEAD
Already up to date.
[main e3638d7] Auto Update Atualização Caminho da Sorte Safe Mode
 3 files changed, 38 insertions(+), 26 deletions(-)
To https://github.com/pauloperes83/palpitesjogodobicho-site.git
   650eb0e..e3638d7  main -> main
🛡️ Iniciando Blindagem para Atualização...
✅ Atualização finalizado com sucesso e páginas preservadas!
✅ SUCESSO! Atualizado para domingo (10/05/2026).
From https://github.com/pauloperes83/palpitesjogodobicho-site
 * branch            main       -> FETCH_HEAD
Already up to date.
[main 5b6f996] Auto Update Atualização Caminho da Sorte Safe Mode
 3 files changed, 38 insertions(+), 26 deletions(-)
To https://github.com/pauloperes83/palpitesjogodobicho-site.git
   cbc6f62..5b6f996  main -> main
🛡️ Iniciando Blindagem para Atualização...
✅ Atualização finalizado com sucesso e páginas preservadas!
✅ SUCESSO! Atualizado para segunda-feira (11/05/2026).
From https://github.com/pauloperes83/palpitesjogodobicho-site
 * branch            main       -> FETCH_HEAD
Already up to date.
[main 67c33cc] Auto Update Atualização Caminho da Sorte Safe Mode
 3 files changed, 39 insertions(+), 27 deletions(-)
To https://github.com/pauloperes83/palpitesjogodobicho-site.git
   312e03d..67c33cc  main -> main
🛡️ Iniciando Blindagem para Atualização...
✅ Atualização finalizado com sucesso e páginas preservadas!
✅ SUCESSO! Atualizado para terça-feira (12/05/2026).
From https://github.com/pauloperes83/palpitesjogodobicho-site
 * branch            main       -> FETCH_HEAD
Already up to date.
[main db4f56c] Auto Update Atualização Caminho da Sorte Safe Mode
 3 files changed, 39 insertions(+), 27 deletions(-)
To https://github.com/pauloperes83/palpitesjogodobicho-site.git
   81c9ee3..db4f56c  main -> main
🛡️ Iniciando Blindagem para Atualização...
✅ Atualização finalizado com sucesso e páginas preservadas!
✅ SUCESSO! Atualizado para quarta-feira (13/05/2026).
From https://github.com/pauloperes83/palpitesjogodobicho-site
 * branch            main       -> FETCH_HEAD
Already up to date.
[main ab45ca8] Auto Update Atualização Caminho da Sorte Safe Mode
 3 files changed, 39 insertions(+), 27 deletions(-)
To https://github.com/pauloperes83/palpitesjogodobicho-site.git
   1e893eb..ab45ca8  main -> main
🛡️ Iniciando Blindagem para Atualização...
✅ Atualização finalizado com sucesso e páginas preservadas!
✅ SUCESSO! Atualizado para quinta-feira (14/05/2026).
From https://github.com/pauloperes83/palpitesjogodobicho-site
 * branch            main       -> FETCH_HEAD
Already up to date.
[main fe75a84] Auto Update Atualização Caminho da Sorte Safe Mode
 3 files changed, 41 insertions(+), 29 deletions(-)
To https://github.com/pauloperes83/palpitesjogodobicho-site.git
   408db0a..fe75a84  main -> main
🛡️ Iniciando Blindagem para Atualização...
✅ Atualização finalizado com sucesso e páginas preservadas!
✅ SUCESSO! Atualizado para sexta-feira (15/05/2026).
From https://github.com/pauloperes83/palpitesjogodobicho-site
 * branch            main       -> FETCH_HEAD
Already up to date.
[main 27742f3] Auto Update Atualização Caminho da Sorte Safe Mode
 3 files changed, 45 insertions(+), 33 deletions(-)
To https://github.com/pauloperes83/palpitesjogodobicho-site.git
   b882faa..27742f3  main -> main
🛡️ Iniciando Blindagem para Atualização...
✅ Atualização finalizado com sucesso e páginas preservadas!
✅ SUCESSO! Atualizado para sábado (16/05/2026).
From https://github.com/pauloperes83/palpitesjogodobicho-site
 * branch            main       -> FETCH_HEAD
Already up to date.
[main c79a9cb] Auto Update Atualização Caminho da Sorte Safe Mode
 3 files changed, 44 insertions(+), 32 deletions(-)
To https://github.com/pauloperes83/palpitesjogodobicho-site.git
   3f586e0..c79a9cb  main -> main
🛡️ Iniciando Blindagem para Atualização...
✅ Atualização finalizado com sucesso e páginas preservadas!
✅ SUCESSO! Atualizado para domingo (17/05/2026).
From https://github.com/pauloperes83/palpitesjogodobicho-site
 * branch            main       -> FETCH_HEAD
Already up to date.
[main 033399f] Auto Update Atualização Caminho da Sorte Safe Mode
 3 files changed, 39 insertions(+), 27 deletions(-)
To https://github.com/pauloperes83/palpitesjogodobicho-site.git
   ea3398d..033399f  main -> main
🛡️ Iniciando Blindagem para Atualização...
✅ Atualização finalizado com sucesso e páginas preservadas!
✅ SUCESSO! Atualizado para segunda-feira (18/05/2026).
