[main 7d7917f] Auto Update SP 13/04/2026
 1 file changed, 58 insertions(+), 8 deletions(-)
To https://github.com/pauloperes83/palpitesjogodobicho-site.git
   81442b2..7d7917f  main -> main
✅ SUCESSO SP! Soma Base 9 enviada para 13/04/2026
[main b8b407a] Auto Update SP 14/04/2026
 1 file changed, 29 insertions(+), 27 deletions(-)
To https://github.com/pauloperes83/palpitesjogodobicho-site.git
   b955c06..b8b407a  main -> main
✅ SUCESSO SP! Soma Base 9 enviada para 14/04/2026
[main b966b37] Auto Update SP 15/04/2026
 1 file changed, 29 insertions(+), 27 deletions(-)
To https://github.com/pauloperes83/palpitesjogodobicho-site.git
   293e4d3..b966b37  main -> main
✅ SUCESSO SP! Soma Base 9 enviada para 15/04/2026
[main 6c2bde2] Auto Update SP 16/04/2026
 1 file changed, 30 insertions(+), 28 deletions(-)
To https://github.com/pauloperes83/palpitesjogodobicho-site.git
   f11ad05..6c2bde2  main -> main
✅ SUCESSO SP! Soma Base 9 enviada para 16/04/2026
From https://github.com/pauloperes83/palpitesjogodobicho-site
 * branch            main       -> FETCH_HEAD
Already up to date.
[main 75e1210] Auto Update São Paulo 17/04/2026 Safe Mode
 3 files changed, 39 insertions(+), 27 deletions(-)
To https://github.com/pauloperes83/palpitesjogodobicho-site.git
   30d6ac8..75e1210  main -> main
🛡️ Iniciando Blindagem para São Paulo...
✅ São Paulo finalizado com sucesso e páginas preservadas!
✅ SUCESSO SÃO PAULO! Cookies e Blindagem ativos (17/04/2026).
From https://github.com/pauloperes83/palpitesjogodobicho-site
 * branch            main       -> FETCH_HEAD
Already up to date.
[main 00d8f88] Auto Update São Paulo 18/04/2026 Safe Mode
 3 files changed, 39 insertions(+), 27 deletions(-)
To https://github.com/pauloperes83/palpitesjogodobicho-site.git
   dc852bf..00d8f88  main -> main
🛡️ Iniciando Blindagem para São Paulo...
✅ São Paulo finalizado com sucesso e páginas preservadas!
✅ SUCESSO SÃO PAULO! Cookies e Blindagem ativos (18/04/2026).
From https://github.com/pauloperes83/palpitesjogodobicho-site
 * branch            main       -> FETCH_HEAD
Already up to date.
[main e980c1a] Auto Update São Paulo 19/04/2026 Safe Mode
 3 files changed, 41 insertions(+), 29 deletions(-)
To https://github.com/pauloperes83/palpitesjogodobicho-site.git
   68a0553..e980c1a  main -> main
🛡️ Iniciando Blindagem para São Paulo...
✅ São Paulo finalizado com sucesso e páginas preservadas!
✅ SUCESSO SÃO PAULO! Cookies e Blindagem ativos (19/04/2026).
From https://github.com/pauloperes83/palpitesjogodobicho-site
 * branch            main       -> FETCH_HEAD
Already up to date.
[main 3f06a1b] Auto Update São Paulo 20/04/2026 Safe Mode
 3 files changed, 41 insertions(+), 29 deletions(-)
To https://github.com/pauloperes83/palpitesjogodobicho-site.git
   ad5731c..3f06a1b  main -> main
🛡️ Iniciando Blindagem para São Paulo...
✅ São Paulo finalizado com sucesso e páginas preservadas!
✅ SUCESSO SÃO PAULO! Cookies e Blindagem ativos (20/04/2026).
From https://github.com/pauloperes83/palpitesjogodobicho-site
 * branch            main       -> FETCH_HEAD
Already up to date.
[main dc83dd7] Auto Update São Paulo 21/04/2026 Safe Mode
 3 files changed, 40 insertions(+), 28 deletions(-)
To https://github.com/pauloperes83/palpitesjogodobicho-site.git
   c272879..dc83dd7  main -> main
🛡️ Iniciando Blindagem para São Paulo...
✅ São Paulo finalizado com sucesso e páginas preservadas!
✅ SUCESSO SÃO PAULO! Cookies e Blindagem ativos (21/04/2026).
From https://github.com/pauloperes83/palpitesjogodobicho-site
 * branch            main       -> FETCH_HEAD
Already up to date.
[main 904b4cc] Auto Update São Paulo 22/04/2026 Safe Mode
 3 files changed, 35 insertions(+), 23 deletions(-)
To https://github.com/pauloperes83/palpitesjogodobicho-site.git
   65c51a2..904b4cc  main -> main
🛡️ Iniciando Blindagem para São Paulo...
✅ São Paulo finalizado com sucesso e páginas preservadas!
✅ SUCESSO SÃO PAULO! Cookies e Blindagem ativos (22/04/2026).
From https://github.com/pauloperes83/palpitesjogodobicho-site
 * branch            main       -> FETCH_HEAD
Already up to date.
[main 0fc492d] Auto Update São Paulo 23/04/2026 Safe Mode
 3 files changed, 38 insertions(+), 26 deletions(-)
To https://github.com/pauloperes83/palpitesjogodobicho-site.git
   2cf0ae6..0fc492d  main -> main
🛡️ Iniciando Blindagem para São Paulo...
✅ São Paulo finalizado com sucesso e páginas preservadas!
✅ SUCESSO SÃO PAULO! Cookies e Blindagem ativos (23/04/2026).
From https://github.com/pauloperes83/palpitesjogodobicho-site
 * branch            main       -> FETCH_HEAD
Already up to date.
[main 9729497] Auto Update São Paulo 24/04/2026 Safe Mode
 3 files changed, 40 insertions(+), 28 deletions(-)
To https://github.com/pauloperes83/palpitesjogodobicho-site.git
   397ee0c..9729497  main -> main
🛡️ Iniciando Blindagem para São Paulo...
✅ São Paulo finalizado com sucesso e páginas preservadas!
✅ SUCESSO SÃO PAULO! Cookies e Blindagem ativos (24/04/2026).
From https://github.com/pauloperes83/palpitesjogodobicho-site
 * branch            main       -> FETCH_HEAD
Already up to date.
[main b317ecb] Auto Update São Paulo 25/04/2026 Safe Mode
 3 files changed, 38 insertions(+), 26 deletions(-)
To https://github.com/pauloperes83/palpitesjogodobicho-site.git
   4e9abe0..b317ecb  main -> main
🛡️ Iniciando Blindagem para São Paulo...
✅ São Paulo finalizado com sucesso e páginas preservadas!
✅ SUCESSO SÃO PAULO! Cookies e Blindagem ativos (25/04/2026).
From https://github.com/pauloperes83/palpitesjogodobicho-site
 * branch            main       -> FETCH_HEAD
Already up to date.
[main 7fcdc9f] Auto Update São Paulo 26/04/2026 Safe Mode
 3 files changed, 36 insertions(+), 24 deletions(-)
To https://github.com/pauloperes83/palpitesjogodobicho-site.git
   84da07b..7fcdc9f  main -> main
🛡️ Iniciando Blindagem para São Paulo...
✅ São Paulo finalizado com sucesso e páginas preservadas!
✅ SUCESSO SÃO PAULO! Cookies e Blindagem ativos (26/04/2026).
From https://github.com/pauloperes83/palpitesjogodobicho-site
 * branch            main       -> FETCH_HEAD
Already up to date.
[main 1c9b400] Auto Update São Paulo 27/04/2026 Safe Mode
 3 files changed, 41 insertions(+), 29 deletions(-)
To https://github.com/pauloperes83/palpitesjogodobicho-site.git
   fc8cc6e..1c9b400  main -> main
🛡️ Iniciando Blindagem para São Paulo...
✅ São Paulo finalizado com sucesso e páginas preservadas!
✅ SUCESSO SÃO PAULO! Cookies e Blindagem ativos (27/04/2026).
From https://github.com/pauloperes83/palpitesjogodobicho-site
 * branch            main       -> FETCH_HEAD
Already up to date.
[main 3c377ca] Auto Update São Paulo 28/04/2026 Safe Mode
 3 files changed, 40 insertions(+), 28 deletions(-)
To https://github.com/pauloperes83/palpitesjogodobicho-site.git
   4aa84c2..3c377ca  main -> main
🛡️ Iniciando Blindagem para São Paulo...
✅ São Paulo finalizado com sucesso e páginas preservadas!
✅ SUCESSO SÃO PAULO! Cookies e Blindagem ativos (28/04/2026).
From https://github.com/pauloperes83/palpitesjogodobicho-site
 * branch            main       -> FETCH_HEAD
Already up to date.
[main 64a106f] Auto Update São Paulo 29/04/2026 Safe Mode
 3 files changed, 39 insertions(+), 27 deletions(-)
To https://github.com/pauloperes83/palpitesjogodobicho-site.git
   192dcfc..64a106f  main -> main
🛡️ Iniciando Blindagem para São Paulo...
✅ São Paulo finalizado com sucesso e páginas preservadas!
✅ SUCESSO SÃO PAULO! Cookies e Blindagem ativos (29/04/2026).
From https://github.com/pauloperes83/palpitesjogodobicho-site
 * branch            main       -> FETCH_HEAD
   40af163..f50532d  main       -> origin/main
Updating 40af163..f50532d
Fast-forward
 aguiaprime.html | 9 ++-------
 1 file changed, 2 insertions(+), 7 deletions(-)
[main 6fa89fb] Auto Update São Paulo 30/04/2026 Safe Mode
 3 files changed, 43 insertions(+), 27 deletions(-)
To https://github.com/pauloperes83/palpitesjogodobicho-site.git
   f50532d..6fa89fb  main -> main
🛡️ Iniciando Blindagem para São Paulo...
✅ São Paulo finalizado com sucesso e páginas preservadas!
✅ SUCESSO SÃO PAULO! Cookies e Blindagem ativos (30/04/2026).
From https://github.com/pauloperes83/palpitesjogodobicho-site
 * branch            main       -> FETCH_HEAD
Already up to date.
[main 432dc1a] Auto Update São Paulo 01/05/2026 Safe Mode
 3 files changed, 42 insertions(+), 30 deletions(-)
To https://github.com/pauloperes83/palpitesjogodobicho-site.git
   5b3070e..432dc1a  main -> main
🛡️ Iniciando Blindagem para São Paulo...
✅ São Paulo finalizado com sucesso e páginas preservadas!
✅ SUCESSO SÃO PAULO! Cookies e Blindagem ativos (01/05/2026).
From https://github.com/pauloperes83/palpitesjogodobicho-site
 * branch            main       -> FETCH_HEAD
   6941673..4f25028  main       -> origin/main
Updating 6941673..4f25028
Fast-forward
 aguia_prime.html | 4 ++--
 1 file changed, 2 insertions(+), 2 deletions(-)
[main 61204ff] Auto Update São Paulo 02/05/2026 Safe Mode
 3 files changed, 43 insertions(+), 27 deletions(-)
To https://github.com/pauloperes83/palpitesjogodobicho-site.git
   4f25028..61204ff  main -> main
🛡️ Iniciando Blindagem para São Paulo...
✅ São Paulo finalizado com sucesso e páginas preservadas!
✅ SUCESSO SÃO PAULO! Cookies e Blindagem ativos (02/05/2026).
From https://github.com/pauloperes83/palpitesjogodobicho-site
 * branch            main       -> FETCH_HEAD
Already up to date.
[main 4ce4f01] Auto Update São Paulo 03/05/2026 Safe Mode
 3 files changed, 39 insertions(+), 27 deletions(-)
To https://github.com/pauloperes83/palpitesjogodobicho-site.git
   209f268..4ce4f01  main -> main
🛡️ Iniciando Blindagem para São Paulo...
✅ São Paulo finalizado com sucesso e páginas preservadas!
✅ SUCESSO SÃO PAULO! Cookies e Blindagem ativos (03/05/2026).
From https://github.com/pauloperes83/palpitesjogodobicho-site
 * branch            main       -> FETCH_HEAD
Already up to date.
[main 3aeb8ae] Auto Update São Paulo 04/05/2026 Safe Mode
 3 files changed, 40 insertions(+), 28 deletions(-)
To https://github.com/pauloperes83/palpitesjogodobicho-site.git
   ab5595e..3aeb8ae  main -> main
🛡️ Iniciando Blindagem para São Paulo...
✅ São Paulo finalizado com sucesso e páginas preservadas!
✅ SUCESSO SÃO PAULO! Cookies e Blindagem ativos (04/05/2026).
From https://github.com/pauloperes83/palpitesjogodobicho-site
 * branch            main       -> FETCH_HEAD
Already up to date.
[main 2d34dce] Auto Update São Paulo 05/05/2026 Safe Mode
 3 files changed, 38 insertions(+), 26 deletions(-)
To https://github.com/pauloperes83/palpitesjogodobicho-site.git
   c0fa4e1..2d34dce  main -> main
🛡️ Iniciando Blindagem para São Paulo...
✅ São Paulo finalizado com sucesso e páginas preservadas!
✅ SUCESSO SÃO PAULO! Cookies e Blindagem ativos (05/05/2026).
From https://github.com/pauloperes83/palpitesjogodobicho-site
 * branch            main       -> FETCH_HEAD
Already up to date.
[main b2c6446] Auto Update São Paulo 06/05/2026 Safe Mode
 3 files changed, 41 insertions(+), 29 deletions(-)
To https://github.com/pauloperes83/palpitesjogodobicho-site.git
   c265084..b2c6446  main -> main
🛡️ Iniciando Blindagem para São Paulo...
✅ São Paulo finalizado com sucesso e páginas preservadas!
✅ SUCESSO SÃO PAULO! Cookies e Blindagem ativos (06/05/2026).
From https://github.com/pauloperes83/palpitesjogodobicho-site
 * branch            main       -> FETCH_HEAD
Already up to date.
[main 0627753] Auto Update São Paulo 07/05/2026 Safe Mode
 3 files changed, 39 insertions(+), 27 deletions(-)
To https://github.com/pauloperes83/palpitesjogodobicho-site.git
   4d2dd81..0627753  main -> main
🛡️ Iniciando Blindagem para São Paulo...
✅ São Paulo finalizado com sucesso e páginas preservadas!
✅ SUCESSO SÃO PAULO! Cookies e Blindagem ativos (07/05/2026).
From https://github.com/pauloperes83/palpitesjogodobicho-site
 * branch            main       -> FETCH_HEAD
Already up to date.
[main cae21d4] Auto Update São Paulo 08/05/2026 Safe Mode
 3 files changed, 38 insertions(+), 26 deletions(-)
To https://github.com/pauloperes83/palpitesjogodobicho-site.git
   db89c16..cae21d4  main -> main
🛡️ Iniciando Blindagem para São Paulo...
✅ São Paulo finalizado com sucesso e páginas preservadas!
✅ SUCESSO SÃO PAULO! Cookies e Blindagem ativos (08/05/2026).
From https://github.com/pauloperes83/palpitesjogodobicho-site
 * branch            main       -> FETCH_HEAD
Already up to date.
[main 6274f6b] Auto Update São Paulo 09/05/2026 Safe Mode
 3 files changed, 41 insertions(+), 29 deletions(-)
To https://github.com/pauloperes83/palpitesjogodobicho-site.git
   f4ceae5..6274f6b  main -> main
🛡️ Iniciando Blindagem para São Paulo...
✅ São Paulo finalizado com sucesso e páginas preservadas!
✅ SUCESSO SÃO PAULO! Cookies e Blindagem ativos (09/05/2026).
From https://github.com/pauloperes83/palpitesjogodobicho-site
 * branch            main       -> FETCH_HEAD
Already up to date.
[main da4a7ff] Auto Update São Paulo 10/05/2026 Safe Mode
 3 files changed, 40 insertions(+), 28 deletions(-)
To https://github.com/pauloperes83/palpitesjogodobicho-site.git
   469af91..da4a7ff  main -> main
🛡️ Iniciando Blindagem para São Paulo...
✅ São Paulo finalizado com sucesso e páginas preservadas!
✅ SUCESSO SÃO PAULO! Cookies e Blindagem ativos (10/05/2026).
From https://github.com/pauloperes83/palpitesjogodobicho-site
 * branch            main       -> FETCH_HEAD
Already up to date.
[main 79e1c26] Auto Update São Paulo 11/05/2026 Safe Mode
 3 files changed, 41 insertions(+), 29 deletions(-)
To https://github.com/pauloperes83/palpitesjogodobicho-site.git
   3678362..79e1c26  main -> main
🛡️ Iniciando Blindagem para São Paulo...
✅ São Paulo finalizado com sucesso e páginas preservadas!
✅ SUCESSO SÃO PAULO! Cookies e Blindagem ativos (11/05/2026).
From https://github.com/pauloperes83/palpitesjogodobicho-site
 * branch            main       -> FETCH_HEAD
Already up to date.
[main cdcbd66] Auto Update São Paulo 12/05/2026 Safe Mode
 3 files changed, 38 insertions(+), 26 deletions(-)
To https://github.com/pauloperes83/palpitesjogodobicho-site.git
   a52d987..cdcbd66  main -> main
🛡️ Iniciando Blindagem para São Paulo...
✅ São Paulo finalizado com sucesso e páginas preservadas!
✅ SUCESSO SÃO PAULO! Cookies e Blindagem ativos (12/05/2026).
