[main 42f8cd2] Auto Update Paratodos 13/04/2026
 1 file changed, 52 insertions(+), 2 deletions(-)
To https://github.com/pauloperes83/palpitesjogodobicho-site.git
   50b7785..42f8cd2  main -> main
✅ SUCESSO PARATODOS! Atualizado para segunda-feira (13/04/2026).
[main 293e4d3] Auto Update Paratodos 14/04/2026
 1 file changed, 34 insertions(+), 32 deletions(-)
To https://github.com/pauloperes83/palpitesjogodobicho-site.git
   ece51f0..293e4d3  main -> main
✅ SUCESSO PARATODOS! Atualizado para terça-feira (14/04/2026).
[main f11ad05] Auto Update Paratodos 15/04/2026
 1 file changed, 33 insertions(+), 31 deletions(-)
To https://github.com/pauloperes83/palpitesjogodobicho-site.git
   a2a7161..f11ad05  main -> main
✅ SUCESSO PARATODOS! Atualizado para quarta-feira (15/04/2026).
[main e601577] Auto Update Paratodos 16/04/2026
 1 file changed, 34 insertions(+), 32 deletions(-)
To https://github.com/pauloperes83/palpitesjogodobicho-site.git
   f0bb182..e601577  main -> main
✅ SUCESSO PARATODOS! Atualizado para quinta-feira (16/04/2026).
From https://github.com/pauloperes83/palpitesjogodobicho-site
 * branch            main       -> FETCH_HEAD
Already up to date.
[main 7c3ec63] Auto Update Paratodos Bahia 17/04/2026 Safe Mode
 3 files changed, 43 insertions(+), 31 deletions(-)
To https://github.com/pauloperes83/palpitesjogodobicho-site.git
   726bef9..7c3ec63  main -> main
🛡️ Iniciando Blindagem para Paratodos Bahia...
✅ Paratodos Bahia finalizado com sucesso e páginas preservadas!
✅ SUCESSO PARATODOS! Cookies e Blindagem ativos.
From https://github.com/pauloperes83/palpitesjogodobicho-site
 * branch            main       -> FETCH_HEAD
Already up to date.
[main e71c93d] Auto Update Paratodos Bahia 18/04/2026 Safe Mode
 3 files changed, 44 insertions(+), 32 deletions(-)
To https://github.com/pauloperes83/palpitesjogodobicho-site.git
   6d11db3..e71c93d  main -> main
🛡️ Iniciando Blindagem para Paratodos Bahia...
✅ Paratodos Bahia finalizado com sucesso e páginas preservadas!
✅ SUCESSO PARATODOS! Cookies e Blindagem ativos.
From https://github.com/pauloperes83/palpitesjogodobicho-site
 * branch            main       -> FETCH_HEAD
Already up to date.
[main 04e3baa] Auto Update Paratodos Bahia 19/04/2026 Safe Mode
 3 files changed, 45 insertions(+), 33 deletions(-)
To https://github.com/pauloperes83/palpitesjogodobicho-site.git
   9f3fd6c..04e3baa  main -> main
🛡️ Iniciando Blindagem para Paratodos Bahia...
✅ Paratodos Bahia finalizado com sucesso e páginas preservadas!
✅ SUCESSO PARATODOS! Cookies e Blindagem ativos.
From https://github.com/pauloperes83/palpitesjogodobicho-site
 * branch            main       -> FETCH_HEAD
Already up to date.
[main ff846ff] Auto Update Paratodos Bahia 20/04/2026 Safe Mode
 3 files changed, 45 insertions(+), 33 deletions(-)
To https://github.com/pauloperes83/palpitesjogodobicho-site.git
   eb9d41d..ff846ff  main -> main
🛡️ Iniciando Blindagem para Paratodos Bahia...
✅ Paratodos Bahia finalizado com sucesso e páginas preservadas!
✅ SUCESSO PARATODOS! Cookies e Blindagem ativos.
From https://github.com/pauloperes83/palpitesjogodobicho-site
 * branch            main       -> FETCH_HEAD
Already up to date.
[main 07a5e85] Auto Update Paratodos Bahia 21/04/2026 Safe Mode
 3 files changed, 45 insertions(+), 33 deletions(-)
To https://github.com/pauloperes83/palpitesjogodobicho-site.git
   0ee89bd..07a5e85  main -> main
🛡️ Iniciando Blindagem para Paratodos Bahia...
✅ Paratodos Bahia finalizado com sucesso e páginas preservadas!
✅ SUCESSO PARATODOS! Cookies e Blindagem ativos.
From https://github.com/pauloperes83/palpitesjogodobicho-site
 * branch            main       -> FETCH_HEAD
Already up to date.
[main 95ef350] Auto Update Paratodos Bahia 22/04/2026 Safe Mode
 3 files changed, 45 insertions(+), 33 deletions(-)
To https://github.com/pauloperes83/palpitesjogodobicho-site.git
   7abbfa2..95ef350  main -> main
🛡️ Iniciando Blindagem para Paratodos Bahia...
✅ Paratodos Bahia finalizado com sucesso e páginas preservadas!
✅ SUCESSO PARATODOS! Cookies e Blindagem ativos.
From https://github.com/pauloperes83/palpitesjogodobicho-site
 * branch            main       -> FETCH_HEAD
Already up to date.
[main c063b30] Auto Update Paratodos Bahia 23/04/2026 Safe Mode
 3 files changed, 43 insertions(+), 31 deletions(-)
To https://github.com/pauloperes83/palpitesjogodobicho-site.git
   231c927..c063b30  main -> main
🛡️ Iniciando Blindagem para Paratodos Bahia...
✅ Paratodos Bahia finalizado com sucesso e páginas preservadas!
✅ SUCESSO PARATODOS! Cookies e Blindagem ativos.
From https://github.com/pauloperes83/palpitesjogodobicho-site
 * branch            main       -> FETCH_HEAD
Already up to date.
[main 1851167] Auto Update Paratodos Bahia 24/04/2026 Safe Mode
 3 files changed, 44 insertions(+), 32 deletions(-)
To https://github.com/pauloperes83/palpitesjogodobicho-site.git
   bcc403d..1851167  main -> main
🛡️ Iniciando Blindagem para Paratodos Bahia...
✅ Paratodos Bahia finalizado com sucesso e páginas preservadas!
✅ SUCESSO PARATODOS! Cookies e Blindagem ativos.
From https://github.com/pauloperes83/palpitesjogodobicho-site
 * branch            main       -> FETCH_HEAD
Already up to date.
[main 0eba77c] Auto Update Paratodos Bahia 25/04/2026 Safe Mode
 3 files changed, 44 insertions(+), 32 deletions(-)
To https://github.com/pauloperes83/palpitesjogodobicho-site.git
   2ebf28b..0eba77c  main -> main
🛡️ Iniciando Blindagem para Paratodos Bahia...
✅ Paratodos Bahia finalizado com sucesso e páginas preservadas!
✅ SUCESSO PARATODOS! Cookies e Blindagem ativos.
From https://github.com/pauloperes83/palpitesjogodobicho-site
 * branch            main       -> FETCH_HEAD
Already up to date.
[main 90550af] Auto Update Paratodos Bahia 26/04/2026 Safe Mode
 3 files changed, 44 insertions(+), 32 deletions(-)
To https://github.com/pauloperes83/palpitesjogodobicho-site.git
   1044687..90550af  main -> main
🛡️ Iniciando Blindagem para Paratodos Bahia...
✅ Paratodos Bahia finalizado com sucesso e páginas preservadas!
✅ SUCESSO PARATODOS! Cookies e Blindagem ativos.
From https://github.com/pauloperes83/palpitesjogodobicho-site
 * branch            main       -> FETCH_HEAD
Already up to date.
[main 3902543] Auto Update Paratodos Bahia 27/04/2026 Safe Mode
 3 files changed, 44 insertions(+), 32 deletions(-)
To https://github.com/pauloperes83/palpitesjogodobicho-site.git
   bd1e772..3902543  main -> main
🛡️ Iniciando Blindagem para Paratodos Bahia...
✅ Paratodos Bahia finalizado com sucesso e páginas preservadas!
✅ SUCESSO PARATODOS! Cookies e Blindagem ativos.
From https://github.com/pauloperes83/palpitesjogodobicho-site
 * branch            main       -> FETCH_HEAD
Already up to date.
[main 1be33d2] Auto Update Paratodos Bahia 28/04/2026 Safe Mode
 3 files changed, 43 insertions(+), 31 deletions(-)
To https://github.com/pauloperes83/palpitesjogodobicho-site.git
   d0ade40..1be33d2  main -> main
🛡️ Iniciando Blindagem para Paratodos Bahia...
✅ Paratodos Bahia finalizado com sucesso e páginas preservadas!
✅ SUCESSO PARATODOS! Cookies e Blindagem ativos.
From https://github.com/pauloperes83/palpitesjogodobicho-site
 * branch            main       -> FETCH_HEAD
Already up to date.
[main eeac756] Auto Update Paratodos Bahia 29/04/2026 Safe Mode
 3 files changed, 43 insertions(+), 31 deletions(-)
To https://github.com/pauloperes83/palpitesjogodobicho-site.git
   0d5ab72..eeac756  main -> main
🛡️ Iniciando Blindagem para Paratodos Bahia...
✅ Paratodos Bahia finalizado com sucesso e páginas preservadas!
✅ SUCESSO PARATODOS! Cookies e Blindagem ativos.
From https://github.com/pauloperes83/palpitesjogodobicho-site
 * branch            main       -> FETCH_HEAD
Already up to date.
[main 0b5a2ae] Auto Update Paratodos Bahia 30/04/2026 Safe Mode
 3 files changed, 44 insertions(+), 32 deletions(-)
To https://github.com/pauloperes83/palpitesjogodobicho-site.git
   9cd682c..0b5a2ae  main -> main
🛡️ Iniciando Blindagem para Paratodos Bahia...
✅ Paratodos Bahia finalizado com sucesso e páginas preservadas!
✅ SUCESSO PARATODOS! Cookies e Blindagem ativos.
From https://github.com/pauloperes83/palpitesjogodobicho-site
 * branch            main       -> FETCH_HEAD
Already up to date.
[main b33f387] Auto Update Paratodos Bahia 01/05/2026 Safe Mode
 3 files changed, 43 insertions(+), 31 deletions(-)
To https://github.com/pauloperes83/palpitesjogodobicho-site.git
   bdb926f..b33f387  main -> main
🛡️ Iniciando Blindagem para Paratodos Bahia...
✅ Paratodos Bahia finalizado com sucesso e páginas preservadas!
✅ SUCESSO PARATODOS! Cookies e Blindagem ativos.
From https://github.com/pauloperes83/palpitesjogodobicho-site
 * branch            main       -> FETCH_HEAD
Already up to date.
[main 2a45a17] Auto Update Paratodos Bahia 02/05/2026 Safe Mode
 3 files changed, 43 insertions(+), 31 deletions(-)
To https://github.com/pauloperes83/palpitesjogodobicho-site.git
   07abe06..2a45a17  main -> main
🛡️ Iniciando Blindagem para Paratodos Bahia...
✅ Paratodos Bahia finalizado com sucesso e páginas preservadas!
✅ SUCESSO PARATODOS! Cookies e Blindagem ativos.
From https://github.com/pauloperes83/palpitesjogodobicho-site
 * branch            main       -> FETCH_HEAD
Already up to date.
[main 239b6e0] Auto Update Paratodos Bahia 03/05/2026 Safe Mode
 3 files changed, 44 insertions(+), 32 deletions(-)
To https://github.com/pauloperes83/palpitesjogodobicho-site.git
   20d4e83..239b6e0  main -> main
🛡️ Iniciando Blindagem para Paratodos Bahia...
✅ Paratodos Bahia finalizado com sucesso e páginas preservadas!
✅ SUCESSO PARATODOS! Cookies e Blindagem ativos.
From https://github.com/pauloperes83/palpitesjogodobicho-site
 * branch            main       -> FETCH_HEAD
Already up to date.
[main dc0987a] Auto Update Paratodos Bahia 04/05/2026 Safe Mode
 3 files changed, 43 insertions(+), 31 deletions(-)
To https://github.com/pauloperes83/palpitesjogodobicho-site.git
   6c7d5c4..dc0987a  main -> main
🛡️ Iniciando Blindagem para Paratodos Bahia...
✅ Paratodos Bahia finalizado com sucesso e páginas preservadas!
✅ SUCESSO PARATODOS! Cookies e Blindagem ativos.
From https://github.com/pauloperes83/palpitesjogodobicho-site
 * branch            main       -> FETCH_HEAD
Already up to date.
[main 852b697] Auto Update Paratodos Bahia 05/05/2026 Safe Mode
 3 files changed, 43 insertions(+), 31 deletions(-)
To https://github.com/pauloperes83/palpitesjogodobicho-site.git
   3b52bae..852b697  main -> main
🛡️ Iniciando Blindagem para Paratodos Bahia...
✅ Paratodos Bahia finalizado com sucesso e páginas preservadas!
✅ SUCESSO PARATODOS! Cookies e Blindagem ativos.
From https://github.com/pauloperes83/palpitesjogodobicho-site
 * branch            main       -> FETCH_HEAD
Already up to date.
[main 0972c07] Auto Update Paratodos Bahia 06/05/2026 Safe Mode
 3 files changed, 44 insertions(+), 32 deletions(-)
To https://github.com/pauloperes83/palpitesjogodobicho-site.git
   12ecf48..0972c07  main -> main
🛡️ Iniciando Blindagem para Paratodos Bahia...
✅ Paratodos Bahia finalizado com sucesso e páginas preservadas!
✅ SUCESSO PARATODOS! Cookies e Blindagem ativos.
From https://github.com/pauloperes83/palpitesjogodobicho-site
 * branch            main       -> FETCH_HEAD
Already up to date.
[main 449c2ff] Auto Update Paratodos Bahia 07/05/2026 Safe Mode
 3 files changed, 46 insertions(+), 34 deletions(-)
To https://github.com/pauloperes83/palpitesjogodobicho-site.git
   0d64c9d..449c2ff  main -> main
🛡️ Iniciando Blindagem para Paratodos Bahia...
✅ Paratodos Bahia finalizado com sucesso e páginas preservadas!
✅ SUCESSO PARATODOS! Cookies e Blindagem ativos.
From https://github.com/pauloperes83/palpitesjogodobicho-site
 * branch            main       -> FETCH_HEAD
Already up to date.
[main 75b9ec4] Auto Update Paratodos Bahia 08/05/2026 Safe Mode
 3 files changed, 45 insertions(+), 33 deletions(-)
To https://github.com/pauloperes83/palpitesjogodobicho-site.git
   c23a004..75b9ec4  main -> main
🛡️ Iniciando Blindagem para Paratodos Bahia...
✅ Paratodos Bahia finalizado com sucesso e páginas preservadas!
✅ SUCESSO PARATODOS! Cookies e Blindagem ativos.
From https://github.com/pauloperes83/palpitesjogodobicho-site
 * branch            main       -> FETCH_HEAD
Already up to date.
[main 33cee08] Auto Update Paratodos Bahia 09/05/2026 Safe Mode
 3 files changed, 45 insertions(+), 33 deletions(-)
To https://github.com/pauloperes83/palpitesjogodobicho-site.git
   7562832..33cee08  main -> main
🛡️ Iniciando Blindagem para Paratodos Bahia...
✅ Paratodos Bahia finalizado com sucesso e páginas preservadas!
✅ SUCESSO PARATODOS! Cookies e Blindagem ativos.
From https://github.com/pauloperes83/palpitesjogodobicho-site
 * branch            main       -> FETCH_HEAD
Already up to date.
[main 9dc70aa] Auto Update Paratodos Bahia 10/05/2026 Safe Mode
 3 files changed, 46 insertions(+), 34 deletions(-)
To https://github.com/pauloperes83/palpitesjogodobicho-site.git
   773429a..9dc70aa  main -> main
🛡️ Iniciando Blindagem para Paratodos Bahia...
✅ Paratodos Bahia finalizado com sucesso e páginas preservadas!
✅ SUCESSO PARATODOS! Cookies e Blindagem ativos.
From https://github.com/pauloperes83/palpitesjogodobicho-site
 * branch            main       -> FETCH_HEAD
Already up to date.
[main 3828cea] Auto Update Paratodos Bahia 11/05/2026 Safe Mode
 3 files changed, 44 insertions(+), 32 deletions(-)
To https://github.com/pauloperes83/palpitesjogodobicho-site.git
   f9ad1b9..3828cea  main -> main
🛡️ Iniciando Blindagem para Paratodos Bahia...
✅ Paratodos Bahia finalizado com sucesso e páginas preservadas!
✅ SUCESSO PARATODOS! Cookies e Blindagem ativos.
From https://github.com/pauloperes83/palpitesjogodobicho-site
 * branch            main       -> FETCH_HEAD
Already up to date.
[main 3d63340] Auto Update Paratodos Bahia 12/05/2026 Safe Mode
 3 files changed, 43 insertions(+), 31 deletions(-)
To https://github.com/pauloperes83/palpitesjogodobicho-site.git
   80da094..3d63340  main -> main
🛡️ Iniciando Blindagem para Paratodos Bahia...
✅ Paratodos Bahia finalizado com sucesso e páginas preservadas!
✅ SUCESSO PARATODOS! Cookies e Blindagem ativos.
From https://github.com/pauloperes83/palpitesjogodobicho-site
 * branch            main       -> FETCH_HEAD
Already up to date.
[main 17beac1] Auto Update Paratodos Bahia 13/05/2026 Safe Mode
 3 files changed, 40 insertions(+), 28 deletions(-)
To https://github.com/pauloperes83/palpitesjogodobicho-site.git
   f97bab6..17beac1  main -> main
🛡️ Iniciando Blindagem para Paratodos Bahia...
✅ Paratodos Bahia finalizado com sucesso e páginas preservadas!
✅ SUCESSO PARATODOS! Cookies e Blindagem ativos.
From https://github.com/pauloperes83/palpitesjogodobicho-site
 * branch            main       -> FETCH_HEAD
Already up to date.
[main 2326567] Auto Update Paratodos Bahia 14/05/2026 Safe Mode
 3 files changed, 43 insertions(+), 31 deletions(-)
To https://github.com/pauloperes83/palpitesjogodobicho-site.git
   d6553e2..2326567  main -> main
🛡️ Iniciando Blindagem para Paratodos Bahia...
✅ Paratodos Bahia finalizado com sucesso e páginas preservadas!
✅ SUCESSO PARATODOS! Cookies e Blindagem ativos.
From https://github.com/pauloperes83/palpitesjogodobicho-site
 * branch            main       -> FETCH_HEAD
Already up to date.
[main 509ef41] Auto Update Paratodos Bahia 15/05/2026 Safe Mode
 3 files changed, 42 insertions(+), 30 deletions(-)
To https://github.com/pauloperes83/palpitesjogodobicho-site.git
   b310190..509ef41  main -> main
🛡️ Iniciando Blindagem para Paratodos Bahia...
✅ Paratodos Bahia finalizado com sucesso e páginas preservadas!
✅ SUCESSO PARATODOS! Cookies e Blindagem ativos.
From https://github.com/pauloperes83/palpitesjogodobicho-site
 * branch            main       -> FETCH_HEAD
Already up to date.
[main 6b16de9] Auto Update Paratodos Bahia 16/05/2026 Safe Mode
 3 files changed, 42 insertions(+), 30 deletions(-)
To https://github.com/pauloperes83/palpitesjogodobicho-site.git
   2d21988..6b16de9  main -> main
🛡️ Iniciando Blindagem para Paratodos Bahia...
✅ Paratodos Bahia finalizado com sucesso e páginas preservadas!
✅ SUCESSO PARATODOS! Cookies e Blindagem ativos.
From https://github.com/pauloperes83/palpitesjogodobicho-site
 * branch            main       -> FETCH_HEAD
Already up to date.
[main dcbbc88] Auto Update Paratodos Bahia 17/05/2026 Safe Mode
 3 files changed, 43 insertions(+), 31 deletions(-)
To https://github.com/pauloperes83/palpitesjogodobicho-site.git
   4e14ddb..dcbbc88  main -> main
🛡️ Iniciando Blindagem para Paratodos Bahia...
✅ Paratodos Bahia finalizado com sucesso e páginas preservadas!
✅ SUCESSO PARATODOS! Cookies e Blindagem ativos.
From https://github.com/pauloperes83/palpitesjogodobicho-site
 * branch            main       -> FETCH_HEAD
Already up to date.
[main 0c3544c] Auto Update Paratodos Bahia 18/05/2026 Safe Mode
 3 files changed, 43 insertions(+), 31 deletions(-)
To https://github.com/pauloperes83/palpitesjogodobicho-site.git
   c2d6eb3..0c3544c  main -> main
🛡️ Iniciando Blindagem para Paratodos Bahia...
✅ Paratodos Bahia finalizado com sucesso e páginas preservadas!
✅ SUCESSO PARATODOS! Cookies e Blindagem ativos.
From https://github.com/pauloperes83/palpitesjogodobicho-site
 * branch            main       -> FETCH_HEAD
Already up to date.
[main cb4e1c8] Auto Update Paratodos Bahia 19/05/2026 Safe Mode
 3 files changed, 45 insertions(+), 33 deletions(-)
To https://github.com/pauloperes83/palpitesjogodobicho-site.git
   3439954..cb4e1c8  main -> main
🛡️ Iniciando Blindagem para Paratodos Bahia...
✅ Paratodos Bahia finalizado com sucesso e páginas preservadas!
✅ SUCESSO PARATODOS! Cookies e Blindagem ativos.
From https://github.com/pauloperes83/palpitesjogodobicho-site
 * branch            main       -> FETCH_HEAD
Already up to date.
[main 772e9f2] Auto Update Paratodos Bahia 20/05/2026 Safe Mode
 3 files changed, 45 insertions(+), 33 deletions(-)
To https://github.com/pauloperes83/palpitesjogodobicho-site.git
   009cb73..772e9f2  main -> main
🛡️ Iniciando Blindagem para Paratodos Bahia...
✅ Paratodos Bahia finalizado com sucesso e páginas preservadas!
✅ SUCESSO PARATODOS! Cookies e Blindagem ativos.
From https://github.com/pauloperes83/palpitesjogodobicho-site
 * branch            main       -> FETCH_HEAD
Already up to date.
[main c5d2bd8] Auto Update Paratodos Bahia 21/05/2026 Safe Mode
 3 files changed, 44 insertions(+), 32 deletions(-)
To https://github.com/pauloperes83/palpitesjogodobicho-site.git
   cccf610..c5d2bd8  main -> main
🛡️ Iniciando Blindagem para Paratodos Bahia...
✅ Paratodos Bahia finalizado com sucesso e páginas preservadas!
✅ SUCESSO PARATODOS! Cookies e Blindagem ativos.
From https://github.com/pauloperes83/palpitesjogodobicho-site
 * branch            main       -> FETCH_HEAD
Already up to date.
[main 15a1041] Auto Update Paratodos Bahia 22/05/2026 Safe Mode
 3 files changed, 44 insertions(+), 32 deletions(-)
To https://github.com/pauloperes83/palpitesjogodobicho-site.git
   2780619..15a1041  main -> main
🛡️ Iniciando Blindagem para Paratodos Bahia...
✅ Paratodos Bahia finalizado com sucesso e páginas preservadas!
✅ SUCESSO PARATODOS! Cookies e Blindagem ativos.
From https://github.com/pauloperes83/palpitesjogodobicho-site
 * branch            main       -> FETCH_HEAD
Already up to date.
[main 104f3ca] Auto Update Paratodos Bahia 23/05/2026 Safe Mode
 3 files changed, 44 insertions(+), 32 deletions(-)
To https://github.com/pauloperes83/palpitesjogodobicho-site.git
   a2c550d..104f3ca  main -> main
🛡️ Iniciando Blindagem para Paratodos Bahia...
✅ Paratodos Bahia finalizado com sucesso e páginas preservadas!
✅ SUCESSO PARATODOS! Cookies e Blindagem ativos.
From https://github.com/pauloperes83/palpitesjogodobicho-site
 * branch            main       -> FETCH_HEAD
Already up to date.
[main b5b2a31] Auto Update Paratodos Bahia 24/05/2026 Safe Mode
 3 files changed, 44 insertions(+), 32 deletions(-)
To https://github.com/pauloperes83/palpitesjogodobicho-site.git
   1175f22..b5b2a31  main -> main
🛡️ Iniciando Blindagem para Paratodos Bahia...
✅ Paratodos Bahia finalizado com sucesso e páginas preservadas!
✅ SUCESSO PARATODOS! Cookies e Blindagem ativos.
From https://github.com/pauloperes83/palpitesjogodobicho-site
 * branch            main       -> FETCH_HEAD
Already up to date.
[main 49be019] Auto Update Paratodos Bahia 25/05/2026 Safe Mode
 3 files changed, 44 insertions(+), 32 deletions(-)
To https://github.com/pauloperes83/palpitesjogodobicho-site.git
   55b75f7..49be019  main -> main
🛡️ Iniciando Blindagem para Paratodos Bahia...
✅ Paratodos Bahia finalizado com sucesso e páginas preservadas!
✅ SUCESSO PARATODOS! Cookies e Blindagem ativos.
From https://github.com/pauloperes83/palpitesjogodobicho-site
 * branch            main       -> FETCH_HEAD
Already up to date.
[main ba7b7e3] Auto Update Paratodos Bahia 26/05/2026 Safe Mode
 3 files changed, 42 insertions(+), 30 deletions(-)
To https://github.com/pauloperes83/palpitesjogodobicho-site.git
   2a85f1c..ba7b7e3  main -> main
🛡️ Iniciando Blindagem para Paratodos Bahia...
✅ Paratodos Bahia finalizado com sucesso e páginas preservadas!
✅ SUCESSO PARATODOS! Cookies e Blindagem ativos.
From https://github.com/pauloperes83/palpitesjogodobicho-site
 * branch            main       -> FETCH_HEAD
Already up to date.
[main b165add] Auto Update Paratodos Bahia 27/05/2026 Safe Mode
 3 files changed, 44 insertions(+), 32 deletions(-)
To https://github.com/pauloperes83/palpitesjogodobicho-site.git
   0115a5f..b165add  main -> main
🛡️ Iniciando Blindagem para Paratodos Bahia...
✅ Paratodos Bahia finalizado com sucesso e páginas preservadas!
✅ SUCESSO PARATODOS! Cookies e Blindagem ativos.
From https://github.com/pauloperes83/palpitesjogodobicho-site
 * branch            main       -> FETCH_HEAD
Already up to date.
[main 0640268] Auto Update Paratodos Bahia 28/05/2026 Safe Mode
 3 files changed, 44 insertions(+), 32 deletions(-)
To https://github.com/pauloperes83/palpitesjogodobicho-site.git
   4da8795..0640268  main -> main
🛡️ Iniciando Blindagem para Paratodos Bahia...
✅ Paratodos Bahia finalizado com sucesso e páginas preservadas!
✅ SUCESSO PARATODOS! Cookies e Blindagem ativos.
From https://github.com/pauloperes83/palpitesjogodobicho-site
 * branch            main       -> FETCH_HEAD
Already up to date.
[main 58daf3a] Auto Update Paratodos Bahia 29/05/2026 Safe Mode
 3 files changed, 44 insertions(+), 32 deletions(-)
To https://github.com/pauloperes83/palpitesjogodobicho-site.git
   20c9529..58daf3a  main -> main
🛡️ Iniciando Blindagem para Paratodos Bahia...
✅ Paratodos Bahia finalizado com sucesso e páginas preservadas!
✅ SUCESSO PARATODOS! Cookies e Blindagem ativos.
From https://github.com/pauloperes83/palpitesjogodobicho-site
 * branch            main       -> FETCH_HEAD
Already up to date.
[main 7340652] Auto Update Paratodos Bahia 30/05/2026 Safe Mode
 3 files changed, 43 insertions(+), 31 deletions(-)
To https://github.com/pauloperes83/palpitesjogodobicho-site.git
   96ac214..7340652  main -> main
🛡️ Iniciando Blindagem para Paratodos Bahia...
✅ Paratodos Bahia finalizado com sucesso e páginas preservadas!
✅ SUCESSO PARATODOS! Cookies e Blindagem ativos.
From https://github.com/pauloperes83/palpitesjogodobicho-site
 * branch            main       -> FETCH_HEAD
Already up to date.
[main b96f594] Auto Update Paratodos Bahia 31/05/2026 Safe Mode
 3 files changed, 42 insertions(+), 30 deletions(-)
To https://github.com/pauloperes83/palpitesjogodobicho-site.git
   842c63d..b96f594  main -> main
🛡️ Iniciando Blindagem para Paratodos Bahia...
✅ Paratodos Bahia finalizado com sucesso e páginas preservadas!
✅ SUCESSO PARATODOS! Cookies e Blindagem ativos.
From https://github.com/pauloperes83/palpitesjogodobicho-site
 * branch            main       -> FETCH_HEAD
Already up to date.
[main 4427233] Auto Update Paratodos Bahia 01/06/2026 Safe Mode
 3 files changed, 43 insertions(+), 31 deletions(-)
To https://github.com/pauloperes83/palpitesjogodobicho-site.git
   e75f18e..4427233  main -> main
🛡️ Iniciando Blindagem para Paratodos Bahia...
✅ Paratodos Bahia finalizado com sucesso e páginas preservadas!
✅ SUCESSO PARATODOS! Cookies e Blindagem ativos.
From https://github.com/pauloperes83/palpitesjogodobicho-site
 * branch            main       -> FETCH_HEAD
Already up to date.
[main b481013] Auto Update Paratodos Bahia 02/06/2026 Safe Mode
 3 files changed, 44 insertions(+), 32 deletions(-)
To https://github.com/pauloperes83/palpitesjogodobicho-site.git
   339f640..b481013  main -> main
🛡️ Iniciando Blindagem para Paratodos Bahia...
✅ Paratodos Bahia finalizado com sucesso e páginas preservadas!
✅ SUCESSO PARATODOS! Cookies e Blindagem ativos.
From https://github.com/pauloperes83/palpitesjogodobicho-site
 * branch            main       -> FETCH_HEAD
Already up to date.
[main 435133c] Auto Update Paratodos Bahia 03/06/2026 Safe Mode
 3 files changed, 44 insertions(+), 32 deletions(-)
To https://github.com/pauloperes83/palpitesjogodobicho-site.git
   1355b9b..435133c  main -> main
🛡️ Iniciando Blindagem para Paratodos Bahia...
✅ Paratodos Bahia finalizado com sucesso e páginas preservadas!
✅ SUCESSO PARATODOS! Cookies e Blindagem ativos.
From https://github.com/pauloperes83/palpitesjogodobicho-site
 * branch            main       -> FETCH_HEAD
Already up to date.
